<?xml version="1.0" encoding="utf-8"?>
<coverage line-rate="0.6812999999999999" branch-rate="0.2545" version="1.9" timestamp="1730590867" lines-covered="2117" lines-valid="3107" branches-covered="56" branches-valid="220">
  <sources>
    <source>C:\Users\User\</source>
  </sources>
  <packages>
    <package name="ClinicManagement.Tests" line-rate="0.9618000000000001" branch-rate="0.9347" complexity="146">
      <classes>
        <class name="AutoGeneratedProgram" filename=".nuget\packages\microsoft.net.test.sdk\17.11.1\build\netcoreapp3.1\Microsoft.NET.Test.Sdk.Program.cs" line-rate="0" branch-rate="1" complexity="1">
          <methods>
            <method name="Main" signature="(System.String[])" line-rate="0" branch-rate="1" complexity="1">
              <lines>
                <line number="4" hits="0" branch="False" />
              </lines>
            </method>
          </methods>
          <lines>
            <line number="4" hits="0" branch="False" />
          </lines>
        </class>
        <class name="ClinicManagement.Tests.Pruebas_A" filename="ProyectoQA\Code\ClinicManagement.Tests\Pruebas_A.cs" line-rate="1" branch-rate="1" complexity="27">
          <methods>
            <method name="loginExitosoDevuelveUnEntero0" signature="()" line-rate="1" branch-rate="1" complexity="1">
              <lines>
                <line number="14" hits="1" branch="False" />
                <line number="16" hits="1" branch="False" />
                <line number="17" hits="1" branch="False" />
                <line number="18" hits="1" branch="False" />
                <line number="19" hits="1" branch="False" />
                <line number="23" hits="1" branch="False" />
                <line number="26" hits="1" branch="False" />
                <line number="29" hits="1" branch="False" />
                <line number="31" hits="1" branch="False" />
              </lines>
            </method>
            <method name="loginFallidoDevuelveUnEntero1" signature="()" line-rate="1" branch-rate="1" complexity="1">
              <lines>
                <line number="35" hits="1" branch="False" />
                <line number="37" hits="1" branch="False" />
                <line number="38" hits="1" branch="False" />
                <line number="39" hits="1" branch="False" />
                <line number="40" hits="1" branch="False" />
                <line number="41" hits="1" branch="False" />
                <line number="43" hits="1" branch="False" />
                <line number="45" hits="1" branch="False" />
                <line number="49" hits="1" branch="False" />
              </lines>
            </method>
            <method name="unEmailLargoSinContraseniaRetorna1" signature="()" line-rate="1" branch-rate="1" complexity="1">
              <lines>
                <line number="53" hits="1" branch="False" />
                <line number="55" hits="1" branch="False" />
                <line number="56" hits="1" branch="False" />
                <line number="57" hits="1" branch="False" />
                <line number="58" hits="1" branch="False" />
                <line number="60" hits="1" branch="False" />
                <line number="62" hits="1" branch="False" />
                <line number="63" hits="1" branch="False" />
                <line number="65" hits="1" branch="False" />
              </lines>
            </method>
            <method name="validarUsuarioExistenteRetorna0" signature="()" line-rate="1" branch-rate="1" complexity="1">
              <lines>
                <line number="69" hits="1" branch="False" />
                <line number="71" hits="1" branch="False" />
                <line number="72" hits="1" branch="False" />
                <line number="73" hits="1" branch="False" />
                <line number="74" hits="1" branch="False" />
                <line number="75" hits="1" branch="False" />
                <line number="76" hits="1" branch="False" />
                <line number="77" hits="1" branch="False" />
                <line number="78" hits="1" branch="False" />
                <line number="79" hits="1" branch="False" />
                <line number="82" hits="1" branch="False" />
                <line number="85" hits="1" branch="False" />
                <line number="86" hits="1" branch="False" />
              </lines>
            </method>
            <method name="formatodeFechaConSlashRetorna1negativo" signature="()" line-rate="1" branch-rate="1" complexity="1">
              <lines>
                <line number="90" hits="1" branch="False" />
                <line number="92" hits="1" branch="False" />
                <line number="93" hits="1" branch="False" />
                <line number="94" hits="1" branch="False" />
                <line number="95" hits="1" branch="False" />
                <line number="96" hits="1" branch="False" />
                <line number="97" hits="1" branch="False" />
                <line number="98" hits="1" branch="False" />
                <line number="99" hits="1" branch="False" />
                <line number="100" hits="1" branch="False" />
                <line number="103" hits="1" branch="False" />
                <line number="106" hits="1" branch="False" />
                <line number="108" hits="1" branch="False" />
                <line number="109" hits="1" branch="False" />
                <line number="111" hits="1" branch="False" />
                <line number="112" hits="1" branch="False" />
                <line number="113" hits="1" branch="False" />
                <line number="114" hits="1" branch="False" />
                <line number="118" hits="1" branch="False" />
              </lines>
            </method>
            <method name="formatodeFechaIncorrectoRetorna1negativo" signature="()" line-rate="1" branch-rate="1" complexity="1">
              <lines>
                <line number="122" hits="1" branch="False" />
                <line number="124" hits="1" branch="False" />
                <line number="125" hits="1" branch="False" />
                <line number="126" hits="1" branch="False" />
                <line number="127" hits="1" branch="False" />
                <line number="128" hits="1" branch="False" />
                <line number="129" hits="1" branch="False" />
                <line number="130" hits="1" branch="False" />
                <line number="131" hits="1" branch="False" />
                <line number="132" hits="1" branch="False" />
                <line number="135" hits="1" branch="False" />
                <line number="138" hits="1" branch="False" />
                <line number="140" hits="1" branch="False" />
                <line number="141" hits="1" branch="False" />
                <line number="143" hits="1" branch="False" />
                <line number="144" hits="1" branch="False" />
                <line number="145" hits="1" branch="False" />
                <line number="146" hits="1" branch="False" />
                <line number="148" hits="1" branch="False" />
              </lines>
            </method>
            <method name="correoDeDoctorYaExisteRetorna1" signature="()" line-rate="1" branch-rate="1" complexity="1">
              <lines>
                <line number="152" hits="1" branch="False" />
                <line number="153" hits="1" branch="False" />
                <line number="154" hits="1" branch="False" />
                <line number="155" hits="1" branch="False" />
                <line number="156" hits="1" branch="False" />
                <line number="157" hits="1" branch="False" />
              </lines>
            </method>
            <method name="correoDeDoctorNoExistenteRetorna0" signature="()" line-rate="1" branch-rate="1" complexity="1">
              <lines>
                <line number="161" hits="1" branch="False" />
                <line number="162" hits="1" branch="False" />
                <line number="163" hits="1" branch="False" />
                <line number="164" hits="1" branch="False" />
                <line number="165" hits="1" branch="False" />
                <line number="166" hits="1" branch="False" />
              </lines>
            </method>
            <method name="correoVacioRetorna0" signature="()" line-rate="1" branch-rate="1" complexity="1">
              <lines>
                <line number="170" hits="1" branch="False" />
                <line number="171" hits="1" branch="False" />
                <line number="172" hits="1" branch="False" />
                <line number="173" hits="1" branch="False" />
                <line number="174" hits="1" branch="False" />
                <line number="175" hits="1" branch="False" />
              </lines>
            </method>
            <method name="agregarDoctorConNombreRetorna1" signature="()" line-rate="1" branch-rate="1" complexity="1">
              <lines>
                <line number="179" hits="1" branch="False" />
                <line number="180" hits="1" branch="False" />
                <line number="181" hits="1" branch="False" />
                <line number="182" hits="1" branch="False" />
                <line number="183" hits="1" branch="False" />
                <line number="184" hits="1" branch="False" />
                <line number="185" hits="1" branch="False" />
                <line number="186" hits="1" branch="False" />
                <line number="187" hits="1" branch="False" />
                <line number="188" hits="1" branch="False" />
                <line number="189" hits="1" branch="False" />
                <line number="190" hits="1" branch="False" />
                <line number="191" hits="1" branch="False" />
                <line number="192" hits="1" branch="False" />
                <line number="193" hits="1" branch="False" />
                <line number="194" hits="1" branch="False" />
                <line number="195" hits="1" branch="False" />
                <line number="196" hits="1" branch="False" />
                <line number="199" hits="1" branch="False" />
                <line number="200" hits="1" branch="False" />
                <line number="202" hits="1" branch="False" />
                <line number="203" hits="1" branch="False" />
                <line number="204" hits="1" branch="False" />
                <line number="205" hits="1" branch="False" />
                <line number="208" hits="1" branch="False" />
                <line number="209" hits="1" branch="False" />
                <line number="210" hits="1" branch="False" />
                <line number="211" hits="1" branch="False" />
                <line number="212" hits="1" branch="False" />
                <line number="213" hits="1" branch="False" />
                <line number="217" hits="1" branch="False" />
              </lines>
            </method>
            <method name="agregarDoctorConNombreDeBarrasRetorna1" signature="()" line-rate="1" branch-rate="1" complexity="1">
              <lines>
                <line number="221" hits="1" branch="False" />
                <line number="222" hits="1" branch="False" />
                <line number="223" hits="1" branch="False" />
                <line number="224" hits="1" branch="False" />
                <line number="225" hits="1" branch="False" />
                <line number="226" hits="1" branch="False" />
                <line number="227" hits="1" branch="False" />
                <line number="228" hits="1" branch="False" />
                <line number="229" hits="1" branch="False" />
                <line number="230" hits="1" branch="False" />
                <line number="231" hits="1" branch="False" />
                <line number="232" hits="1" branch="False" />
                <line number="233" hits="1" branch="False" />
                <line number="234" hits="1" branch="False" />
                <line number="235" hits="1" branch="False" />
                <line number="236" hits="1" branch="False" />
                <line number="237" hits="1" branch="False" />
                <line number="238" hits="1" branch="False" />
                <line number="241" hits="1" branch="False" />
                <line number="242" hits="1" branch="False" />
                <line number="244" hits="1" branch="False" />
                <line number="245" hits="1" branch="False" />
                <line number="246" hits="1" branch="False" />
                <line number="247" hits="1" branch="False" />
                <line number="250" hits="1" branch="False" />
                <line number="251" hits="1" branch="False" />
                <line number="252" hits="1" branch="False" />
                <line number="253" hits="1" branch="False" />
                <line number="254" hits="1" branch="False" />
                <line number="255" hits="1" branch="False" />
                <line number="259" hits="1" branch="False" />
              </lines>
            </method>
            <method name="agregarDoctorSinQualRetorna1" signature="()" line-rate="1" branch-rate="1" complexity="1">
              <lines>
                <line number="263" hits="1" branch="False" />
                <line number="264" hits="1" branch="False" />
                <line number="265" hits="1" branch="False" />
                <line number="266" hits="1" branch="False" />
                <line number="267" hits="1" branch="False" />
                <line number="268" hits="1" branch="False" />
                <line number="269" hits="1" branch="False" />
                <line number="270" hits="1" branch="False" />
                <line number="271" hits="1" branch="False" />
                <line number="272" hits="1" branch="False" />
                <line number="273" hits="1" branch="False" />
                <line number="274" hits="1" branch="False" />
                <line number="275" hits="1" branch="False" />
                <line number="276" hits="1" branch="False" />
                <line number="277" hits="1" branch="False" />
                <line number="278" hits="1" branch="False" />
                <line number="279" hits="1" branch="False" />
                <line number="280" hits="1" branch="False" />
                <line number="283" hits="1" branch="False" />
                <line number="284" hits="1" branch="False" />
                <line number="286" hits="1" branch="False" />
                <line number="287" hits="1" branch="False" />
                <line number="288" hits="1" branch="False" />
                <line number="289" hits="1" branch="False" />
                <line number="292" hits="1" branch="False" />
                <line number="293" hits="1" branch="False" />
                <line number="294" hits="1" branch="False" />
                <line number="295" hits="1" branch="False" />
                <line number="296" hits="1" branch="False" />
                <line number="297" hits="1" branch="False" />
                <line number="301" hits="1" branch="False" />
              </lines>
            </method>
            <method name="agregarstaffConNombreRetorna1" signature="()" line-rate="1" branch-rate="1" complexity="1">
              <lines>
                <line number="306" hits="1" branch="False" />
                <line number="308" hits="1" branch="False" />
                <line number="309" hits="1" branch="False" />
                <line number="310" hits="1" branch="False" />
                <line number="311" hits="1" branch="False" />
                <line number="312" hits="1" branch="False" />
                <line number="313" hits="1" branch="False" />
                <line number="314" hits="1" branch="False" />
                <line number="315" hits="1" branch="False" />
                <line number="316" hits="1" branch="False" />
                <line number="318" hits="1" branch="False" />
                <line number="319" hits="1" branch="False" />
                <line number="322" hits="1" branch="False" />
                <line number="323" hits="1" branch="False" />
                <line number="325" hits="1" branch="False" />
                <line number="326" hits="1" branch="False" />
                <line number="327" hits="1" branch="False" />
                <line number="328" hits="1" branch="False" />
                <line number="330" hits="1" branch="False" />
              </lines>
            </method>
            <method name="agregarstaffSinSalarioRetorna1" signature="()" line-rate="1" branch-rate="1" complexity="1">
              <lines>
                <line number="334" hits="1" branch="False" />
                <line number="336" hits="1" branch="False" />
                <line number="337" hits="1" branch="False" />
                <line number="338" hits="1" branch="False" />
                <line number="339" hits="1" branch="False" />
                <line number="340" hits="1" branch="False" />
                <line number="341" hits="1" branch="False" />
                <line number="342" hits="1" branch="False" />
                <line number="343" hits="1" branch="False" />
                <line number="344" hits="1" branch="False" />
                <line number="346" hits="1" branch="False" />
                <line number="347" hits="1" branch="False" />
                <line number="350" hits="1" branch="False" />
                <line number="351" hits="1" branch="False" />
                <line number="353" hits="1" branch="False" />
                <line number="354" hits="1" branch="False" />
                <line number="355" hits="1" branch="False" />
                <line number="356" hits="1" branch="False" />
                <line number="358" hits="1" branch="False" />
              </lines>
            </method>
            <method name="staffConNumeroDeTelefonoAlfanumericoRetorna1" signature="()" line-rate="1" branch-rate="1" complexity="1">
              <lines>
                <line number="362" hits="1" branch="False" />
                <line number="364" hits="1" branch="False" />
                <line number="365" hits="1" branch="False" />
                <line number="366" hits="1" branch="False" />
                <line number="367" hits="1" branch="False" />
                <line number="368" hits="1" branch="False" />
                <line number="369" hits="1" branch="False" />
                <line number="370" hits="1" branch="False" />
                <line number="371" hits="1" branch="False" />
                <line number="372" hits="1" branch="False" />
                <line number="374" hits="1" branch="False" />
                <line number="375" hits="1" branch="False" />
                <line number="378" hits="1" branch="False" />
                <line number="379" hits="1" branch="False" />
                <line number="381" hits="1" branch="False" />
                <line number="382" hits="1" branch="False" />
                <line number="383" hits="1" branch="False" />
                <line number="384" hits="1" branch="False" />
                <line number="386" hits="1" branch="False" />
              </lines>
            </method>
            <method name="staffSinNombreRetorna1" signature="()" line-rate="1" branch-rate="1" complexity="1">
              <lines>
                <line number="390" hits="1" branch="False" />
                <line number="392" hits="1" branch="False" />
                <line number="393" hits="1" branch="False" />
                <line number="394" hits="1" branch="False" />
                <line number="395" hits="1" branch="False" />
                <line number="396" hits="1" branch="False" />
                <line number="397" hits="1" branch="False" />
                <line number="398" hits="1" branch="False" />
                <line number="399" hits="1" branch="False" />
                <line number="400" hits="1" branch="False" />
                <line number="402" hits="1" branch="False" />
                <line number="403" hits="1" branch="False" />
                <line number="406" hits="1" branch="False" />
                <line number="407" hits="1" branch="False" />
                <line number="409" hits="1" branch="False" />
                <line number="410" hits="1" branch="False" />
                <line number="411" hits="1" branch="False" />
                <line number="412" hits="1" branch="False" />
                <line number="414" hits="1" branch="False" />
              </lines>
            </method>
            <method name="staffSinAddressRetorna1" signature="()" line-rate="1" branch-rate="1" complexity="1">
              <lines>
                <line number="418" hits="1" branch="False" />
                <line number="420" hits="1" branch="False" />
                <line number="421" hits="1" branch="False" />
                <line number="422" hits="1" branch="False" />
                <line number="423" hits="1" branch="False" />
                <line number="424" hits="1" branch="False" />
                <line number="425" hits="1" branch="False" />
                <line number="426" hits="1" branch="False" />
                <line number="427" hits="1" branch="False" />
                <line number="428" hits="1" branch="False" />
                <line number="430" hits="1" branch="False" />
                <line number="431" hits="1" branch="False" />
                <line number="434" hits="1" branch="False" />
                <line number="435" hits="1" branch="False" />
                <line number="437" hits="1" branch="False" />
                <line number="438" hits="1" branch="False" />
                <line number="439" hits="1" branch="False" />
                <line number="440" hits="1" branch="False" />
                <line number="442" hits="1" branch="False" />
              </lines>
            </method>
            <method name="staffconFormatoDeFechaIncorrectoRetorna1negativo" signature="()" line-rate="1" branch-rate="1" complexity="1">
              <lines>
                <line number="447" hits="1" branch="False" />
                <line number="449" hits="1" branch="False" />
                <line number="450" hits="1" branch="False" />
                <line number="451" hits="1" branch="False" />
                <line number="452" hits="1" branch="False" />
                <line number="453" hits="1" branch="False" />
                <line number="454" hits="1" branch="False" />
                <line number="455" hits="1" branch="False" />
                <line number="456" hits="1" branch="False" />
                <line number="457" hits="1" branch="False" />
                <line number="459" hits="1" branch="False" />
                <line number="460" hits="1" branch="False" />
                <line number="464" hits="1" branch="False" />
              </lines>
            </method>
            <method name="getAdminHomeRetornaUnDTNoVacio" signature="()" line-rate="1" branch-rate="1" complexity="2">
              <lines>
                <line number="468" hits="1" branch="False" />
                <line number="469" hits="1" branch="False" />
                <line number="470" hits="1" branch="False" />
                <line number="471" hits="12" branch="True" condition-coverage="100% (2/2)">
                  <conditions>
                    <condition number="38" type="jump" coverage="100%" />
                  </conditions>
                </line>
                <line number="472" hits="5" branch="False" />
                <line number="473" hits="5" branch="False" />
                <line number="474" hits="5" branch="False" />
                <line number="475" hits="1" branch="False" />
                <line number="476" hits="1" branch="False" />
                <line number="478" hits="1" branch="False" />
              </lines>
            </method>
            <method name="borrarDoctorNuevoRetorna1" signature="()" line-rate="1" branch-rate="1" complexity="1">
              <lines>
                <line number="482" hits="1" branch="False" />
                <line number="484" hits="1" branch="False" />
                <line number="485" hits="1" branch="False" />
                <line number="487" hits="1" branch="False" />
                <line number="488" hits="1" branch="False" />
                <line number="489" hits="1" branch="False" />
                <line number="490" hits="1" branch="False" />
                <line number="491" hits="1" branch="False" />
                <line number="492" hits="1" branch="False" />
                <line number="493" hits="1" branch="False" />
                <line number="495" hits="1" branch="False" />
                <line number="496" hits="1" branch="False" />
                <line number="497" hits="1" branch="False" />
                <line number="500" hits="1" branch="False" />
              </lines>
            </method>
            <method name="borrarDoctorInexistenteRetorna1Tambien" signature="()" line-rate="1" branch-rate="1" complexity="1">
              <lines>
                <line number="504" hits="1" branch="False" />
                <line number="505" hits="1" branch="False" />
                <line number="506" hits="1" branch="False" />
                <line number="507" hits="1" branch="False" />
                <line number="508" hits="1" branch="False" />
              </lines>
            </method>
            <method name="borrarStaffNuevoRetorna1" signature="()" line-rate="1" branch-rate="1" complexity="1">
              <lines>
                <line number="512" hits="1" branch="False" />
                <line number="514" hits="1" branch="False" />
                <line number="515" hits="1" branch="False" />
                <line number="517" hits="1" branch="False" />
                <line number="518" hits="1" branch="False" />
                <line number="519" hits="1" branch="False" />
                <line number="520" hits="1" branch="False" />
                <line number="522" hits="1" branch="False" />
                <line number="523" hits="1" branch="False" />
                <line number="524" hits="1" branch="False" />
                <line number="525" hits="1" branch="False" />
                <line number="526" hits="1" branch="False" />
                <line number="527" hits="1" branch="False" />
                <line number="528" hits="1" branch="False" />
                <line number="530" hits="1" branch="False" />
                <line number="531" hits="1" branch="False" />
                <line number="532" hits="1" branch="False" />
                <line number="533" hits="1" branch="False" />
              </lines>
            </method>
            <method name="borrarStaffInexistenteRetorna1Tambien" signature="()" line-rate="1" branch-rate="1" complexity="1">
              <lines>
                <line number="537" hits="1" branch="False" />
                <line number="538" hits="1" branch="False" />
                <line number="539" hits="1" branch="False" />
                <line number="540" hits="1" branch="False" />
                <line number="541" hits="1" branch="False" />
              </lines>
            </method>
            <method name="loadDoctorSinQueryRetornaUnDTNoVacio" signature="()" line-rate="1" branch-rate="1" complexity="1">
              <lines>
                <line number="545" hits="1" branch="False" />
                <line number="546" hits="1" branch="False" />
                <line number="547" hits="1" branch="False" />
                <line number="548" hits="1" branch="False" />
                <line number="549" hits="1" branch="False" />
                <line number="550" hits="1" branch="False" />
              </lines>
            </method>
            <method name="loadDoctorConQueryValidoRetornaUnDTNoVacio" signature="()" line-rate="1" branch-rate="1" complexity="1">
              <lines>
                <line number="554" hits="1" branch="False" />
                <line number="555" hits="1" branch="False" />
                <line number="556" hits="1" branch="False" />
                <line number="557" hits="1" branch="False" />
                <line number="558" hits="1" branch="False" />
                <line number="559" hits="1" branch="False" />
              </lines>
            </method>
            <method name=".cctor" signature="()" line-rate="1" branch-rate="1" complexity="1">
              <lines>
                <line number="10" hits="1" branch="False" />
              </lines>
            </method>
          </methods>
          <lines>
            <line number="14" hits="1" branch="False" />
            <line number="16" hits="1" branch="False" />
            <line number="17" hits="1" branch="False" />
            <line number="18" hits="1" branch="False" />
            <line number="19" hits="1" branch="False" />
            <line number="23" hits="1" branch="False" />
            <line number="26" hits="1" branch="False" />
            <line number="29" hits="1" branch="False" />
            <line number="31" hits="1" branch="False" />
            <line number="35" hits="1" branch="False" />
            <line number="37" hits="1" branch="False" />
            <line number="38" hits="1" branch="False" />
            <line number="39" hits="1" branch="False" />
            <line number="40" hits="1" branch="False" />
            <line number="41" hits="1" branch="False" />
            <line number="43" hits="1" branch="False" />
            <line number="45" hits="1" branch="False" />
            <line number="49" hits="1" branch="False" />
            <line number="53" hits="1" branch="False" />
            <line number="55" hits="1" branch="False" />
            <line number="56" hits="1" branch="False" />
            <line number="57" hits="1" branch="False" />
            <line number="58" hits="1" branch="False" />
            <line number="60" hits="1" branch="False" />
            <line number="62" hits="1" branch="False" />
            <line number="63" hits="1" branch="False" />
            <line number="65" hits="1" branch="False" />
            <line number="69" hits="1" branch="False" />
            <line number="71" hits="1" branch="False" />
            <line number="72" hits="1" branch="False" />
            <line number="73" hits="1" branch="False" />
            <line number="74" hits="1" branch="False" />
            <line number="75" hits="1" branch="False" />
            <line number="76" hits="1" branch="False" />
            <line number="77" hits="1" branch="False" />
            <line number="78" hits="1" branch="False" />
            <line number="79" hits="1" branch="False" />
            <line number="82" hits="1" branch="False" />
            <line number="85" hits="1" branch="False" />
            <line number="86" hits="1" branch="False" />
            <line number="90" hits="1" branch="False" />
            <line number="92" hits="1" branch="False" />
            <line number="93" hits="1" branch="False" />
            <line number="94" hits="1" branch="False" />
            <line number="95" hits="1" branch="False" />
            <line number="96" hits="1" branch="False" />
            <line number="97" hits="1" branch="False" />
            <line number="98" hits="1" branch="False" />
            <line number="99" hits="1" branch="False" />
            <line number="100" hits="1" branch="False" />
            <line number="103" hits="1" branch="False" />
            <line number="106" hits="1" branch="False" />
            <line number="108" hits="1" branch="False" />
            <line number="109" hits="1" branch="False" />
            <line number="111" hits="1" branch="False" />
            <line number="112" hits="1" branch="False" />
            <line number="113" hits="1" branch="False" />
            <line number="114" hits="1" branch="False" />
            <line number="118" hits="1" branch="False" />
            <line number="122" hits="1" branch="False" />
            <line number="124" hits="1" branch="False" />
            <line number="125" hits="1" branch="False" />
            <line number="126" hits="1" branch="False" />
            <line number="127" hits="1" branch="False" />
            <line number="128" hits="1" branch="False" />
            <line number="129" hits="1" branch="False" />
            <line number="130" hits="1" branch="False" />
            <line number="131" hits="1" branch="False" />
            <line number="132" hits="1" branch="False" />
            <line number="135" hits="1" branch="False" />
            <line number="138" hits="1" branch="False" />
            <line number="140" hits="1" branch="False" />
            <line number="141" hits="1" branch="False" />
            <line number="143" hits="1" branch="False" />
            <line number="144" hits="1" branch="False" />
            <line number="145" hits="1" branch="False" />
            <line number="146" hits="1" branch="False" />
            <line number="148" hits="1" branch="False" />
            <line number="152" hits="1" branch="False" />
            <line number="153" hits="1" branch="False" />
            <line number="154" hits="1" branch="False" />
            <line number="155" hits="1" branch="False" />
            <line number="156" hits="1" branch="False" />
            <line number="157" hits="1" branch="False" />
            <line number="161" hits="1" branch="False" />
            <line number="162" hits="1" branch="False" />
            <line number="163" hits="1" branch="False" />
            <line number="164" hits="1" branch="False" />
            <line number="165" hits="1" branch="False" />
            <line number="166" hits="1" branch="False" />
            <line number="170" hits="1" branch="False" />
            <line number="171" hits="1" branch="False" />
            <line number="172" hits="1" branch="False" />
            <line number="173" hits="1" branch="False" />
            <line number="174" hits="1" branch="False" />
            <line number="175" hits="1" branch="False" />
            <line number="179" hits="1" branch="False" />
            <line number="180" hits="1" branch="False" />
            <line number="181" hits="1" branch="False" />
            <line number="182" hits="1" branch="False" />
            <line number="183" hits="1" branch="False" />
            <line number="184" hits="1" branch="False" />
            <line number="185" hits="1" branch="False" />
            <line number="186" hits="1" branch="False" />
            <line number="187" hits="1" branch="False" />
            <line number="188" hits="1" branch="False" />
            <line number="189" hits="1" branch="False" />
            <line number="190" hits="1" branch="False" />
            <line number="191" hits="1" branch="False" />
            <line number="192" hits="1" branch="False" />
            <line number="193" hits="1" branch="False" />
            <line number="194" hits="1" branch="False" />
            <line number="195" hits="1" branch="False" />
            <line number="196" hits="1" branch="False" />
            <line number="199" hits="1" branch="False" />
            <line number="200" hits="1" branch="False" />
            <line number="202" hits="1" branch="False" />
            <line number="203" hits="1" branch="False" />
            <line number="204" hits="1" branch="False" />
            <line number="205" hits="1" branch="False" />
            <line number="208" hits="1" branch="False" />
            <line number="209" hits="1" branch="False" />
            <line number="210" hits="1" branch="False" />
            <line number="211" hits="1" branch="False" />
            <line number="212" hits="1" branch="False" />
            <line number="213" hits="1" branch="False" />
            <line number="217" hits="1" branch="False" />
            <line number="221" hits="1" branch="False" />
            <line number="222" hits="1" branch="False" />
            <line number="223" hits="1" branch="False" />
            <line number="224" hits="1" branch="False" />
            <line number="225" hits="1" branch="False" />
            <line number="226" hits="1" branch="False" />
            <line number="227" hits="1" branch="False" />
            <line number="228" hits="1" branch="False" />
            <line number="229" hits="1" branch="False" />
            <line number="230" hits="1" branch="False" />
            <line number="231" hits="1" branch="False" />
            <line number="232" hits="1" branch="False" />
            <line number="233" hits="1" branch="False" />
            <line number="234" hits="1" branch="False" />
            <line number="235" hits="1" branch="False" />
            <line number="236" hits="1" branch="False" />
            <line number="237" hits="1" branch="False" />
            <line number="238" hits="1" branch="False" />
            <line number="241" hits="1" branch="False" />
            <line number="242" hits="1" branch="False" />
            <line number="244" hits="1" branch="False" />
            <line number="245" hits="1" branch="False" />
            <line number="246" hits="1" branch="False" />
            <line number="247" hits="1" branch="False" />
            <line number="250" hits="1" branch="False" />
            <line number="251" hits="1" branch="False" />
            <line number="252" hits="1" branch="False" />
            <line number="253" hits="1" branch="False" />
            <line number="254" hits="1" branch="False" />
            <line number="255" hits="1" branch="False" />
            <line number="259" hits="1" branch="False" />
            <line number="263" hits="1" branch="False" />
            <line number="264" hits="1" branch="False" />
            <line number="265" hits="1" branch="False" />
            <line number="266" hits="1" branch="False" />
            <line number="267" hits="1" branch="False" />
            <line number="268" hits="1" branch="False" />
            <line number="269" hits="1" branch="False" />
            <line number="270" hits="1" branch="False" />
            <line number="271" hits="1" branch="False" />
            <line number="272" hits="1" branch="False" />
            <line number="273" hits="1" branch="False" />
            <line number="274" hits="1" branch="False" />
            <line number="275" hits="1" branch="False" />
            <line number="276" hits="1" branch="False" />
            <line number="277" hits="1" branch="False" />
            <line number="278" hits="1" branch="False" />
            <line number="279" hits="1" branch="False" />
            <line number="280" hits="1" branch="False" />
            <line number="283" hits="1" branch="False" />
            <line number="284" hits="1" branch="False" />
            <line number="286" hits="1" branch="False" />
            <line number="287" hits="1" branch="False" />
            <line number="288" hits="1" branch="False" />
            <line number="289" hits="1" branch="False" />
            <line number="292" hits="1" branch="False" />
            <line number="293" hits="1" branch="False" />
            <line number="294" hits="1" branch="False" />
            <line number="295" hits="1" branch="False" />
            <line number="296" hits="1" branch="False" />
            <line number="297" hits="1" branch="False" />
            <line number="301" hits="1" branch="False" />
            <line number="306" hits="1" branch="False" />
            <line number="308" hits="1" branch="False" />
            <line number="309" hits="1" branch="False" />
            <line number="310" hits="1" branch="False" />
            <line number="311" hits="1" branch="False" />
            <line number="312" hits="1" branch="False" />
            <line number="313" hits="1" branch="False" />
            <line number="314" hits="1" branch="False" />
            <line number="315" hits="1" branch="False" />
            <line number="316" hits="1" branch="False" />
            <line number="318" hits="1" branch="False" />
            <line number="319" hits="1" branch="False" />
            <line number="322" hits="1" branch="False" />
            <line number="323" hits="1" branch="False" />
            <line number="325" hits="1" branch="False" />
            <line number="326" hits="1" branch="False" />
            <line number="327" hits="1" branch="False" />
            <line number="328" hits="1" branch="False" />
            <line number="330" hits="1" branch="False" />
            <line number="334" hits="1" branch="False" />
            <line number="336" hits="1" branch="False" />
            <line number="337" hits="1" branch="False" />
            <line number="338" hits="1" branch="False" />
            <line number="339" hits="1" branch="False" />
            <line number="340" hits="1" branch="False" />
            <line number="341" hits="1" branch="False" />
            <line number="342" hits="1" branch="False" />
            <line number="343" hits="1" branch="False" />
            <line number="344" hits="1" branch="False" />
            <line number="346" hits="1" branch="False" />
            <line number="347" hits="1" branch="False" />
            <line number="350" hits="1" branch="False" />
            <line number="351" hits="1" branch="False" />
            <line number="353" hits="1" branch="False" />
            <line number="354" hits="1" branch="False" />
            <line number="355" hits="1" branch="False" />
            <line number="356" hits="1" branch="False" />
            <line number="358" hits="1" branch="False" />
            <line number="362" hits="1" branch="False" />
            <line number="364" hits="1" branch="False" />
            <line number="365" hits="1" branch="False" />
            <line number="366" hits="1" branch="False" />
            <line number="367" hits="1" branch="False" />
            <line number="368" hits="1" branch="False" />
            <line number="369" hits="1" branch="False" />
            <line number="370" hits="1" branch="False" />
            <line number="371" hits="1" branch="False" />
            <line number="372" hits="1" branch="False" />
            <line number="374" hits="1" branch="False" />
            <line number="375" hits="1" branch="False" />
            <line number="378" hits="1" branch="False" />
            <line number="379" hits="1" branch="False" />
            <line number="381" hits="1" branch="False" />
            <line number="382" hits="1" branch="False" />
            <line number="383" hits="1" branch="False" />
            <line number="384" hits="1" branch="False" />
            <line number="386" hits="1" branch="False" />
            <line number="390" hits="1" branch="False" />
            <line number="392" hits="1" branch="False" />
            <line number="393" hits="1" branch="False" />
            <line number="394" hits="1" branch="False" />
            <line number="395" hits="1" branch="False" />
            <line number="396" hits="1" branch="False" />
            <line number="397" hits="1" branch="False" />
            <line number="398" hits="1" branch="False" />
            <line number="399" hits="1" branch="False" />
            <line number="400" hits="1" branch="False" />
            <line number="402" hits="1" branch="False" />
            <line number="403" hits="1" branch="False" />
            <line number="406" hits="1" branch="False" />
            <line number="407" hits="1" branch="False" />
            <line number="409" hits="1" branch="False" />
            <line number="410" hits="1" branch="False" />
            <line number="411" hits="1" branch="False" />
            <line number="412" hits="1" branch="False" />
            <line number="414" hits="1" branch="False" />
            <line number="418" hits="1" branch="False" />
            <line number="420" hits="1" branch="False" />
            <line number="421" hits="1" branch="False" />
            <line number="422" hits="1" branch="False" />
            <line number="423" hits="1" branch="False" />
            <line number="424" hits="1" branch="False" />
            <line number="425" hits="1" branch="False" />
            <line number="426" hits="1" branch="False" />
            <line number="427" hits="1" branch="False" />
            <line number="428" hits="1" branch="False" />
            <line number="430" hits="1" branch="False" />
            <line number="431" hits="1" branch="False" />
            <line number="434" hits="1" branch="False" />
            <line number="435" hits="1" branch="False" />
            <line number="437" hits="1" branch="False" />
            <line number="438" hits="1" branch="False" />
            <line number="439" hits="1" branch="False" />
            <line number="440" hits="1" branch="False" />
            <line number="442" hits="1" branch="False" />
            <line number="447" hits="1" branch="False" />
            <line number="449" hits="1" branch="False" />
            <line number="450" hits="1" branch="False" />
            <line number="451" hits="1" branch="False" />
            <line number="452" hits="1" branch="False" />
            <line number="453" hits="1" branch="False" />
            <line number="454" hits="1" branch="False" />
            <line number="455" hits="1" branch="False" />
            <line number="456" hits="1" branch="False" />
            <line number="457" hits="1" branch="False" />
            <line number="459" hits="1" branch="False" />
            <line number="460" hits="1" branch="False" />
            <line number="464" hits="1" branch="False" />
            <line number="468" hits="1" branch="False" />
            <line number="469" hits="1" branch="False" />
            <line number="470" hits="1" branch="False" />
            <line number="471" hits="12" branch="True" condition-coverage="100% (2/2)">
              <conditions>
                <condition number="38" type="jump" coverage="100%" />
              </conditions>
            </line>
            <line number="472" hits="5" branch="False" />
            <line number="473" hits="5" branch="False" />
            <line number="474" hits="5" branch="False" />
            <line number="475" hits="1" branch="False" />
            <line number="476" hits="1" branch="False" />
            <line number="478" hits="1" branch="False" />
            <line number="482" hits="1" branch="False" />
            <line number="484" hits="1" branch="False" />
            <line number="485" hits="1" branch="False" />
            <line number="487" hits="1" branch="False" />
            <line number="488" hits="1" branch="False" />
            <line number="489" hits="1" branch="False" />
            <line number="490" hits="1" branch="False" />
            <line number="491" hits="1" branch="False" />
            <line number="492" hits="1" branch="False" />
            <line number="493" hits="1" branch="False" />
            <line number="495" hits="1" branch="False" />
            <line number="496" hits="1" branch="False" />
            <line number="497" hits="1" branch="False" />
            <line number="500" hits="1" branch="False" />
            <line number="504" hits="1" branch="False" />
            <line number="505" hits="1" branch="False" />
            <line number="506" hits="1" branch="False" />
            <line number="507" hits="1" branch="False" />
            <line number="508" hits="1" branch="False" />
            <line number="512" hits="1" branch="False" />
            <line number="514" hits="1" branch="False" />
            <line number="515" hits="1" branch="False" />
            <line number="517" hits="1" branch="False" />
            <line number="518" hits="1" branch="False" />
            <line number="519" hits="1" branch="False" />
            <line number="520" hits="1" branch="False" />
            <line number="522" hits="1" branch="False" />
            <line number="523" hits="1" branch="False" />
            <line number="524" hits="1" branch="False" />
            <line number="525" hits="1" branch="False" />
            <line number="526" hits="1" branch="False" />
            <line number="527" hits="1" branch="False" />
            <line number="528" hits="1" branch="False" />
            <line number="530" hits="1" branch="False" />
            <line number="531" hits="1" branch="False" />
            <line number="532" hits="1" branch="False" />
            <line number="533" hits="1" branch="False" />
            <line number="537" hits="1" branch="False" />
            <line number="538" hits="1" branch="False" />
            <line number="539" hits="1" branch="False" />
            <line number="540" hits="1" branch="False" />
            <line number="541" hits="1" branch="False" />
            <line number="545" hits="1" branch="False" />
            <line number="546" hits="1" branch="False" />
            <line number="547" hits="1" branch="False" />
            <line number="548" hits="1" branch="False" />
            <line number="549" hits="1" branch="False" />
            <line number="550" hits="1" branch="False" />
            <line number="554" hits="1" branch="False" />
            <line number="555" hits="1" branch="False" />
            <line number="556" hits="1" branch="False" />
            <line number="557" hits="1" branch="False" />
            <line number="558" hits="1" branch="False" />
            <line number="559" hits="1" branch="False" />
            <line number="10" hits="1" branch="False" />
          </lines>
        </class>
        <class name="ClinicManagement.Tests.Pruebas_J" filename="ProyectoQA\Code\ClinicManagement.Tests\Pruebas_J.cs" line-rate="0.9587" branch-rate="1" complexity="25">
          <methods>
            <method name="GetDeptInfo_RetornaUnaDataTable_CuandoEsExitoso_YHayDatos" signature="()" line-rate="1" branch-rate="1" complexity="1">
              <lines>
                <line number="24" hits="1" branch="False" />
                <line number="26" hits="1" branch="False" />
                <line number="27" hits="1" branch="False" />
                <line number="28" hits="1" branch="False" />
                <line number="29" hits="1" branch="False" />
                <line number="30" hits="1" branch="False" />
                <line number="31" hits="1" branch="False" />
              </lines>
            </method>
            <method name="getDeptDoctorInfo_RetornaUnaTabla_CuandoElDepartamentoExiste" signature="()" line-rate="1" branch-rate="1" complexity="1">
              <lines>
                <line number="35" hits="1" branch="False" />
                <line number="39" hits="1" branch="False" />
                <line number="40" hits="1" branch="False" />
                <line number="45" hits="1" branch="False" />
                <line number="46" hits="1" branch="False" />
                <line number="47" hits="1" branch="False" />
                <line number="51" hits="1" branch="False" />
                <line number="52" hits="1" branch="False" />
                <line number="53" hits="1" branch="False" />
                <line number="54" hits="1" branch="False" />
                <line number="55" hits="1" branch="False" />
                <line number="60" hits="1" branch="False" />
                <line number="61" hits="1" branch="False" />
                <line number="62" hits="1" branch="False" />
                <line number="63" hits="1" branch="False" />
                <line number="65" hits="1" branch="False" />
              </lines>
            </method>
            <method name="getDeptDoctorInfo_RetornaUnaTablaConCeroFilas_CuandoElDepartamentoExistePeroNoTieneDoctoresAsociados" signature="()" line-rate="1" branch-rate="1" complexity="1">
              <lines>
                <line number="70" hits="1" branch="False" />
                <line number="74" hits="1" branch="False" />
                <line number="75" hits="1" branch="False" />
                <line number="80" hits="1" branch="False" />
                <line number="81" hits="1" branch="False" />
                <line number="82" hits="1" branch="False" />
                <line number="86" hits="1" branch="False" />
                <line number="87" hits="1" branch="False" />
                <line number="88" hits="1" branch="False" />
                <line number="89" hits="1" branch="False" />
                <line number="94" hits="1" branch="False" />
                <line number="95" hits="1" branch="False" />
                <line number="96" hits="1" branch="False" />
                <line number="97" hits="1" branch="False" />
                <line number="99" hits="1" branch="False" />
              </lines>
            </method>
            <method name="getDeptDoctorInfo_RetornaUnaTablaConTodosLosResultados_CuandoElDepartamentoExistePeroYTieneDoctoresAsociados" signature="()" line-rate="1" branch-rate="1" complexity="1">
              <lines>
                <line number="103" hits="1" branch="False" />
                <line number="106" hits="1" branch="False" />
                <line number="107" hits="1" branch="False" />
                <line number="112" hits="1" branch="False" />
                <line number="113" hits="1" branch="False" />
                <line number="114" hits="1" branch="False" />
                <line number="119" hits="1" branch="False" />
                <line number="120" hits="1" branch="False" />
                <line number="121" hits="1" branch="False" />
                <line number="125" hits="1" branch="False" />
                <line number="126" hits="1" branch="False" />
                <line number="127" hits="1" branch="False" />
                <line number="128" hits="1" branch="False" />
                <line number="133" hits="1" branch="False" />
                <line number="134" hits="1" branch="False" />
                <line number="135" hits="1" branch="False" />
                <line number="138" hits="1" branch="False" />
                <line number="139" hits="1" branch="False" />
                <line number="140" hits="1" branch="False" />
                <line number="141" hits="1" branch="False" />
                <line number="143" hits="1" branch="False" />
              </lines>
            </method>
            <method name="getDeptDoctorInfo_RetornaUnaTablaVacia_CuandoElDepartamentoNoExiste" signature="()" line-rate="1" branch-rate="1" complexity="1">
              <lines>
                <line number="147" hits="1" branch="False" />
                <line number="148" hits="1" branch="False" />
                <line number="149" hits="1" branch="False" />
                <line number="150" hits="1" branch="False" />
                <line number="151" hits="1" branch="False" />
                <line number="152" hits="1" branch="False" />
                <line number="153" hits="1" branch="False" />
                <line number="154" hits="1" branch="False" />
              </lines>
            </method>
            <method name="doctorInfoDisplayer_FuncionaCuandoElDoctorExiste" signature="()" line-rate="1" branch-rate="1" complexity="1">
              <lines>
                <line number="158" hits="1" branch="False" />
                <line number="159" hits="1" branch="False" />
                <line number="160" hits="1" branch="False" />
                <line number="161" hits="1" branch="False" />
                <line number="162" hits="1" branch="False" />
                <line number="163" hits="1" branch="False" />
                <line number="164" hits="1" branch="False" />
                <line number="165" hits="1" branch="False" />
                <line number="166" hits="1" branch="False" />
                <line number="167" hits="1" branch="False" />
                <line number="168" hits="1" branch="False" />
                <line number="169" hits="1" branch="False" />
                <line number="170" hits="1" branch="False" />
                <line number="171" hits="1" branch="False" />
                <line number="172" hits="1" branch="False" />
                <line number="174" hits="1" branch="False" />
              </lines>
            </method>
            <method name="doctorInfoDisplayer_DevuelveLosDatos_ExactamenteComoEstanEnLaBase" signature="()" line-rate="1" branch-rate="1" complexity="1">
              <lines>
                <line number="178" hits="1" branch="False" />
                <line number="180" hits="1" branch="False" />
                <line number="181" hits="1" branch="False" />
                <line number="182" hits="1" branch="False" />
                <line number="183" hits="1" branch="False" />
                <line number="184" hits="1" branch="False" />
                <line number="185" hits="1" branch="False" />
                <line number="186" hits="1" branch="False" />
                <line number="187" hits="1" branch="False" />
                <line number="188" hits="1" branch="False" />
                <line number="189" hits="1" branch="False" />
                <line number="190" hits="1" branch="False" />
                <line number="191" hits="1" branch="False" />
                <line number="192" hits="1" branch="False" />
                <line number="193" hits="1" branch="False" />
                <line number="194" hits="1" branch="False" />
                <line number="195" hits="1" branch="False" />
                <line number="196" hits="1" branch="False" />
                <line number="197" hits="1" branch="False" />
                <line number="198" hits="1" branch="False" />
                <line number="199" hits="1" branch="False" />
                <line number="200" hits="1" branch="False" />
                <line number="201" hits="1" branch="False" />
                <line number="202" hits="1" branch="False" />
                <line number="205" hits="1" branch="False" />
              </lines>
            </method>
            <method name="getFreeSlots_DevuelveNueveCuposSiElDoctorNoTieneNingunaCita" signature="()" line-rate="1" branch-rate="1" complexity="1">
              <lines>
                <line number="209" hits="1" branch="False" />
                <line number="211" hits="1" branch="False" />
                <line number="212" hits="1" branch="False" />
                <line number="213" hits="1" branch="False" />
                <line number="214" hits="1" branch="False" />
                <line number="215" hits="1" branch="False" />
                <line number="216" hits="1" branch="False" />
                <line number="217" hits="1" branch="False" />
              </lines>
            </method>
            <method name="getFreeSlots_DevuelveNueve_AunCuandoHayIdsSinSentidoYHorasMayoresAVeinticuatro" signature="()" line-rate="1" branch-rate="1" complexity="1">
              <lines>
                <line number="221" hits="1" branch="False" />
                <line number="223" hits="1" branch="False" />
                <line number="224" hits="1" branch="False" />
                <line number="225" hits="1" branch="False" />
                <line number="226" hits="1" branch="False" />
                <line number="227" hits="1" branch="False" />
                <line number="228" hits="1" branch="False" />
                <line number="229" hits="1" branch="False" />
                <line number="230" hits="1" branch="False" />
                <line number="232" hits="1" branch="False" />
              </lines>
            </method>
            <method name="insertAppointmentFuncionaCuandoTodoLosParametrosEstanCorrectosYRetornaCero" signature="()" line-rate="1" branch-rate="1" complexity="1">
              <lines>
                <line number="236" hits="1" branch="False" />
                <line number="238" hits="1" branch="False" />
                <line number="240" hits="1" branch="False" />
                <line number="241" hits="1" branch="False" />
                <line number="246" hits="1" branch="False" />
                <line number="247" hits="1" branch="False" />
                <line number="248" hits="1" branch="False" />
                <line number="251" hits="1" branch="False" />
                <line number="252" hits="1" branch="False" />
                <line number="253" hits="1" branch="False" />
                <line number="257" hits="1" branch="False" />
                <line number="258" hits="1" branch="False" />
                <line number="259" hits="1" branch="False" />
                <line number="264" hits="1" branch="False" />
                <line number="265" hits="1" branch="False" />
                <line number="266" hits="1" branch="False" />
                <line number="269" hits="1" branch="False" />
                <line number="270" hits="1" branch="False" />
                <line number="271" hits="1" branch="False" />
                <line number="274" hits="1" branch="False" />
                <line number="275" hits="1" branch="False" />
                <line number="276" hits="1" branch="False" />
                <line number="278" hits="1" branch="False" />
                <line number="280" hits="1" branch="False" />
              </lines>
            </method>
            <method name="CuandoSeInsertaCorrectamenteLaCita_DebeExistirUnMensajeQueNoSeaNulo" signature="()" line-rate="0.2916" branch-rate="1" complexity="1">
              <lines>
                <line number="284" hits="1" branch="False" />
                <line number="286" hits="1" branch="False" />
                <line number="288" hits="1" branch="False" />
                <line number="289" hits="1" branch="False" />
                <line number="294" hits="1" branch="False" />
                <line number="295" hits="1" branch="False" />
                <line number="296" hits="1" branch="False" />
                <line number="299" hits="0" branch="False" />
                <line number="300" hits="0" branch="False" />
                <line number="301" hits="0" branch="False" />
                <line number="305" hits="0" branch="False" />
                <line number="306" hits="0" branch="False" />
                <line number="307" hits="0" branch="False" />
                <line number="312" hits="0" branch="False" />
                <line number="313" hits="0" branch="False" />
                <line number="314" hits="0" branch="False" />
                <line number="317" hits="0" branch="False" />
                <line number="318" hits="0" branch="False" />
                <line number="319" hits="0" branch="False" />
                <line number="322" hits="0" branch="False" />
                <line number="323" hits="0" branch="False" />
                <line number="324" hits="0" branch="False" />
                <line number="326" hits="0" branch="False" />
                <line number="328" hits="0" branch="False" />
              </lines>
            </method>
            <method name="insertAppointmentFallaRetornaMenosUno" signature="()" line-rate="1" branch-rate="1" complexity="1">
              <lines>
                <line number="332" hits="1" branch="False" />
                <line number="334" hits="1" branch="False" />
                <line number="335" hits="1" branch="False" />
                <line number="336" hits="1" branch="False" />
                <line number="337" hits="1" branch="False" />
                <line number="339" hits="1" branch="False" />
              </lines>
            </method>
            <method name="getNotificationsCuandoElPacienteTieneUnaCitaPeroLaNotificacionEstaMarcadaComoVistaRetornaCero" signature="()" line-rate="1" branch-rate="1" complexity="1">
              <lines>
                <line number="343" hits="1" branch="False" />
                <line number="344" hits="1" branch="False" />
                <line number="346" hits="1" branch="False" />
                <line number="347" hits="1" branch="False" />
                <line number="352" hits="1" branch="False" />
                <line number="353" hits="1" branch="False" />
                <line number="354" hits="1" branch="False" />
                <line number="357" hits="1" branch="False" />
                <line number="358" hits="1" branch="False" />
                <line number="359" hits="1" branch="False" />
                <line number="362" hits="1" branch="False" />
                <line number="363" hits="1" branch="False" />
                <line number="364" hits="1" branch="False" />
                <line number="367" hits="1" branch="False" />
                <line number="368" hits="1" branch="False" />
                <line number="369" hits="1" branch="False" />
                <line number="372" hits="1" branch="False" />
                <line number="373" hits="1" branch="False" />
                <line number="374" hits="1" branch="False" />
                <line number="377" hits="1" branch="False" />
                <line number="378" hits="1" branch="False" />
                <line number="379" hits="1" branch="False" />
                <line number="381" hits="1" branch="False" />
                <line number="382" hits="1" branch="False" />
                <line number="383" hits="1" branch="False" />
                <line number="384" hits="1" branch="False" />
                <line number="387" hits="1" branch="False" />
                <line number="388" hits="1" branch="False" />
                <line number="389" hits="1" branch="False" />
                <line number="392" hits="1" branch="False" />
                <line number="393" hits="1" branch="False" />
                <line number="394" hits="1" branch="False" />
                <line number="397" hits="1" branch="False" />
                <line number="398" hits="1" branch="False" />
                <line number="399" hits="1" branch="False" />
                <line number="401" hits="1" branch="False" />
                <line number="405" hits="1" branch="False" />
              </lines>
            </method>
            <method name="getNotificationsCuandoElPacienteTieneUnaCitaEnEstadoTresRetornaTres" signature="()" line-rate="1" branch-rate="1" complexity="1">
              <lines>
                <line number="410" hits="1" branch="False" />
                <line number="411" hits="1" branch="False" />
                <line number="413" hits="1" branch="False" />
                <line number="414" hits="1" branch="False" />
                <line number="419" hits="1" branch="False" />
                <line number="420" hits="1" branch="False" />
                <line number="421" hits="1" branch="False" />
                <line number="424" hits="1" branch="False" />
                <line number="425" hits="1" branch="False" />
                <line number="426" hits="1" branch="False" />
                <line number="429" hits="1" branch="False" />
                <line number="430" hits="1" branch="False" />
                <line number="431" hits="1" branch="False" />
                <line number="434" hits="1" branch="False" />
                <line number="435" hits="1" branch="False" />
                <line number="436" hits="1" branch="False" />
                <line number="439" hits="1" branch="False" />
                <line number="440" hits="1" branch="False" />
                <line number="441" hits="1" branch="False" />
                <line number="444" hits="1" branch="False" />
                <line number="445" hits="1" branch="False" />
                <line number="446" hits="1" branch="False" />
                <line number="448" hits="1" branch="False" />
                <line number="449" hits="1" branch="False" />
                <line number="450" hits="1" branch="False" />
                <line number="451" hits="1" branch="False" />
                <line number="454" hits="1" branch="False" />
                <line number="455" hits="1" branch="False" />
                <line number="456" hits="1" branch="False" />
                <line number="459" hits="1" branch="False" />
                <line number="460" hits="1" branch="False" />
                <line number="461" hits="1" branch="False" />
                <line number="464" hits="1" branch="False" />
                <line number="465" hits="1" branch="False" />
                <line number="466" hits="1" branch="False" />
                <line number="468" hits="1" branch="False" />
                <line number="470" hits="1" branch="False" />
              </lines>
            </method>
            <method name="getNotificationsCuandoElPacienteTieneUnaCitaEnEstadoUnoRetornaUno" signature="()" line-rate="1" branch-rate="1" complexity="1">
              <lines>
                <line number="474" hits="1" branch="False" />
                <line number="476" hits="1" branch="False" />
                <line number="478" hits="1" branch="False" />
                <line number="479" hits="1" branch="False" />
                <line number="484" hits="1" branch="False" />
                <line number="485" hits="1" branch="False" />
                <line number="486" hits="1" branch="False" />
                <line number="489" hits="1" branch="False" />
                <line number="490" hits="1" branch="False" />
                <line number="491" hits="1" branch="False" />
                <line number="494" hits="1" branch="False" />
                <line number="495" hits="1" branch="False" />
                <line number="496" hits="1" branch="False" />
                <line number="499" hits="1" branch="False" />
                <line number="500" hits="1" branch="False" />
                <line number="501" hits="1" branch="False" />
                <line number="504" hits="1" branch="False" />
                <line number="505" hits="1" branch="False" />
                <line number="506" hits="1" branch="False" />
                <line number="509" hits="1" branch="False" />
                <line number="510" hits="1" branch="False" />
                <line number="511" hits="1" branch="False" />
                <line number="513" hits="1" branch="False" />
                <line number="514" hits="1" branch="False" />
                <line number="515" hits="1" branch="False" />
                <line number="516" hits="1" branch="False" />
                <line number="519" hits="1" branch="False" />
                <line number="520" hits="1" branch="False" />
                <line number="521" hits="1" branch="False" />
                <line number="524" hits="1" branch="False" />
                <line number="525" hits="1" branch="False" />
                <line number="526" hits="1" branch="False" />
                <line number="529" hits="1" branch="False" />
                <line number="530" hits="1" branch="False" />
                <line number="531" hits="1" branch="False" />
                <line number="533" hits="1" branch="False" />
                <line number="536" hits="1" branch="False" />
              </lines>
            </method>
            <method name="getNotificationsCuandoNoEncuentraPacienteRetornaCero" signature="()" line-rate="1" branch-rate="1" complexity="1">
              <lines>
                <line number="540" hits="1" branch="False" />
                <line number="541" hits="1" branch="False" />
                <line number="542" hits="1" branch="False" />
                <line number="543" hits="1" branch="False" />
                <line number="544" hits="1" branch="False" />
                <line number="545" hits="1" branch="False" />
                <line number="546" hits="1" branch="False" />
                <line number="549" hits="1" branch="False" />
              </lines>
            </method>
            <method name="isFeedbackPendingCuandoExisteCitaYHayFeedbackPendiente" signature="()" line-rate="1" branch-rate="1" complexity="1">
              <lines>
                <line number="553" hits="1" branch="False" />
                <line number="555" hits="1" branch="False" />
                <line number="557" hits="1" branch="False" />
                <line number="558" hits="1" branch="False" />
                <line number="563" hits="1" branch="False" />
                <line number="564" hits="1" branch="False" />
                <line number="565" hits="1" branch="False" />
                <line number="568" hits="1" branch="False" />
                <line number="569" hits="1" branch="False" />
                <line number="570" hits="1" branch="False" />
                <line number="573" hits="1" branch="False" />
                <line number="574" hits="1" branch="False" />
                <line number="575" hits="1" branch="False" />
                <line number="578" hits="1" branch="False" />
                <line number="579" hits="1" branch="False" />
                <line number="580" hits="1" branch="False" />
                <line number="583" hits="1" branch="False" />
                <line number="584" hits="1" branch="False" />
                <line number="585" hits="1" branch="False" />
                <line number="589" hits="1" branch="False" />
                <line number="590" hits="1" branch="False" />
                <line number="591" hits="1" branch="False" />
                <line number="592" hits="1" branch="False" />
                <line number="593" hits="1" branch="False" />
                <line number="598" hits="1" branch="False" />
                <line number="599" hits="1" branch="False" />
                <line number="600" hits="1" branch="False" />
                <line number="603" hits="1" branch="False" />
                <line number="604" hits="1" branch="False" />
                <line number="605" hits="1" branch="False" />
                <line number="608" hits="1" branch="False" />
                <line number="609" hits="1" branch="False" />
                <line number="610" hits="1" branch="False" />
                <line number="612" hits="1" branch="False" />
                <line number="614" hits="1" branch="False" />
              </lines>
            </method>
            <method name="isFeedbackPendingCuandoExisteCitaPeroNoHayFeedbackPendienteRetornaCero" signature="()" line-rate="1" branch-rate="1" complexity="1">
              <lines>
                <line number="618" hits="1" branch="False" />
                <line number="620" hits="1" branch="False" />
                <line number="622" hits="1" branch="False" />
                <line number="623" hits="1" branch="False" />
                <line number="628" hits="1" branch="False" />
                <line number="629" hits="1" branch="False" />
                <line number="630" hits="1" branch="False" />
                <line number="633" hits="1" branch="False" />
                <line number="634" hits="1" branch="False" />
                <line number="635" hits="1" branch="False" />
                <line number="638" hits="1" branch="False" />
                <line number="639" hits="1" branch="False" />
                <line number="640" hits="1" branch="False" />
                <line number="644" hits="1" branch="False" />
                <line number="645" hits="1" branch="False" />
                <line number="646" hits="1" branch="False" />
                <line number="647" hits="1" branch="False" />
                <line number="648" hits="1" branch="False" />
                <line number="653" hits="1" branch="False" />
                <line number="654" hits="1" branch="False" />
                <line number="655" hits="1" branch="False" />
                <line number="658" hits="1" branch="False" />
                <line number="659" hits="1" branch="False" />
                <line number="660" hits="1" branch="False" />
                <line number="663" hits="1" branch="False" />
                <line number="664" hits="1" branch="False" />
                <line number="665" hits="1" branch="False" />
                <line number="667" hits="1" branch="False" />
                <line number="670" hits="1" branch="False" />
              </lines>
            </method>
            <method name="isFeedbackPendingCuandoNoExisteLaCitaRetornaCero" signature="()" line-rate="1" branch-rate="1" complexity="1">
              <lines>
                <line number="674" hits="1" branch="False" />
                <line number="676" hits="1" branch="False" />
                <line number="677" hits="1" branch="False" />
                <line number="678" hits="1" branch="False" />
                <line number="679" hits="1" branch="False" />
                <line number="680" hits="1" branch="False" />
                <line number="681" hits="1" branch="False" />
                <line number="683" hits="1" branch="False" />
              </lines>
            </method>
            <method name="givePendingFeedbackCuandoLaCitaExisteRetorna0" signature="()" line-rate="1" branch-rate="1" complexity="1">
              <lines>
                <line number="687" hits="1" branch="False" />
                <line number="688" hits="1" branch="False" />
                <line number="689" hits="1" branch="False" />
                <line number="694" hits="1" branch="False" />
                <line number="695" hits="1" branch="False" />
                <line number="696" hits="1" branch="False" />
                <line number="699" hits="1" branch="False" />
                <line number="700" hits="1" branch="False" />
                <line number="701" hits="1" branch="False" />
                <line number="706" hits="1" branch="False" />
                <line number="707" hits="1" branch="False" />
                <line number="708" hits="1" branch="False" />
                <line number="709" hits="1" branch="False" />
                <line number="711" hits="1" branch="False" />
              </lines>
            </method>
            <method name="givePendingFeedbackCuandoLaCitaNoExisteRetorna0" signature="()" line-rate="1" branch-rate="1" complexity="1">
              <lines>
                <line number="715" hits="1" branch="False" />
                <line number="716" hits="1" branch="False" />
                <line number="717" hits="1" branch="False" />
                <line number="718" hits="1" branch="False" />
                <line number="720" hits="1" branch="False" />
              </lines>
            </method>
            <method name="docinfo_DALCuandoElDoctorBuscadoExiste" signature="()" line-rate="1" branch-rate="1" complexity="1">
              <lines>
                <line number="724" hits="1" branch="False" />
                <line number="726" hits="1" branch="False" />
                <line number="727" hits="1" branch="False" />
                <line number="728" hits="1" branch="False" />
                <line number="729" hits="1" branch="False" />
                <line number="730" hits="1" branch="False" />
                <line number="732" hits="1" branch="False" />
              </lines>
            </method>
            <method name="docinfo_DALCuandoElDoctorBuscadoExisteSeTraeLaInformacionCorrecta" signature="()" line-rate="1" branch-rate="1" complexity="1">
              <lines>
                <line number="736" hits="1" branch="False" />
                <line number="738" hits="1" branch="False" />
                <line number="739" hits="1" branch="False" />
                <line number="740" hits="1" branch="False" />
                <line number="741" hits="1" branch="False" />
                <line number="742" hits="1" branch="False" />
[...]
            <line number="1198" hits="3" branch="False" />
            <line number="1199" hits="1" branch="False" />
            <line number="1201" hits="1" branch="False" />
            <line number="1204" hits="2" branch="False" />
            <line number="1205" hits="2" branch="False" />
            <line number="1206" hits="2" branch="False" />
            <line number="1210" hits="3" branch="False" />
            <line number="1211" hits="3" branch="False" />
            <line number="1212" hits="3" branch="False" />
            <line number="1213" hits="3" branch="False" />
            <line number="1222" hits="3" branch="False" />
            <line number="1223" hits="3" branch="False" />
            <line number="1224" hits="3" branch="False" />
            <line number="1228" hits="3" branch="False" />
            <line number="1240" hits="3" branch="False" />
            <line number="1241" hits="3" branch="False" />
            <line number="1244" hits="3" branch="False" />
            <line number="1247" hits="3" branch="False" />
            <line number="1248" hits="3" branch="False" />
            <line number="1249" hits="3" branch="False" />
            <line number="1251" hits="3" branch="False" />
            <line number="1254" hits="3" branch="False" />
            <line number="1256" hits="3" branch="True" condition-coverage="100% (2/2)">
              <conditions>
                <condition number="187" type="jump" coverage="100%" />
              </conditions>
            </line>
            <line number="1257" hits="1" branch="False" />
            <line number="1258" hits="1" branch="False" />
            <line number="1262" hits="2" branch="False" />
            <line number="1263" hits="2" branch="False" />
            <line number="1264" hits="2" branch="False" />
            <line number="1265" hits="2" branch="False" />
            <line number="1269" hits="0" branch="False" />
            <line number="1270" hits="0" branch="False" />
            <line number="1271" hits="0" branch="False" />
            <line number="1275" hits="3" branch="False" />
            <line number="1276" hits="3" branch="False" />
            <line number="1277" hits="3" branch="False" />
            <line number="1278" hits="3" branch="False" />
            <line number="1289" hits="4" branch="False" />
            <line number="1290" hits="4" branch="False" />
            <line number="1291" hits="4" branch="False" />
            <line number="1295" hits="4" branch="False" />
            <line number="1307" hits="4" branch="False" />
            <line number="1308" hits="4" branch="False" />
            <line number="1311" hits="4" branch="False" />
            <line number="1314" hits="4" branch="False" />
            <line number="1315" hits="4" branch="False" />
            <line number="1316" hits="4" branch="False" />
            <line number="1317" hits="4" branch="False" />
            <line number="1319" hits="4" branch="False" />
            <line number="1321" hits="4" branch="False" />
            <line number="1323" hits="4" branch="True" condition-coverage="100% (2/2)">
              <conditions>
                <condition number="211" type="jump" coverage="100%" />
              </conditions>
            </line>
            <line number="1324" hits="3" branch="False" />
            <line number="1325" hits="3" branch="False" />
            <line number="1329" hits="1" branch="False" />
            <line number="1330" hits="1" branch="False" />
            <line number="1331" hits="1" branch="False" />
            <line number="1332" hits="1" branch="False" />
            <line number="1334" hits="1" branch="False" />
            <line number="1338" hits="0" branch="False" />
            <line number="1339" hits="0" branch="False" />
            <line number="1340" hits="0" branch="False" />
            <line number="1344" hits="4" branch="False" />
            <line number="1345" hits="4" branch="False" />
            <line number="1346" hits="4" branch="False" />
            <line number="1347" hits="4" branch="False" />
            <line number="1355" hits="2" branch="False" />
            <line number="1356" hits="2" branch="False" />
            <line number="1357" hits="2" branch="False" />
            <line number="1361" hits="2" branch="False" />
            <line number="1369" hits="2" branch="False" />
            <line number="1370" hits="2" branch="False" />
            <line number="1373" hits="2" branch="False" />
            <line number="1375" hits="2" branch="False" />
            <line number="1378" hits="2" branch="False" />
            <line number="1381" hits="0" branch="False" />
            <line number="1382" hits="0" branch="False" />
            <line number="1383" hits="0" branch="False" />
            <line number="1387" hits="2" branch="False" />
            <line number="1388" hits="2" branch="False" />
            <line number="1389" hits="2" branch="False" />
            <line number="1390" hits="2" branch="False" />
            <line number="1421" hits="3" branch="False" />
            <line number="1423" hits="3" branch="False" />
            <line number="1424" hits="3" branch="False" />
            <line number="1425" hits="3" branch="False" />
            <line number="1429" hits="3" branch="False" />
            <line number="1431" hits="3" branch="False" />
            <line number="1432" hits="3" branch="False" />
            <line number="1433" hits="3" branch="False" />
            <line number="1434" hits="3" branch="False" />
            <line number="1435" hits="3" branch="False" />
            <line number="1437" hits="3" branch="False" />
            <line number="1438" hits="3" branch="False" />
            <line number="1440" hits="3" branch="False" />
            <line number="1442" hits="3" branch="False" />
            <line number="1444" hits="0" branch="False" />
            <line number="1445" hits="0" branch="False" />
            <line number="1446" hits="0" branch="False" />
            <line number="1450" hits="3" branch="False" />
            <line number="1451" hits="3" branch="False" />
            <line number="1452" hits="3" branch="False" />
            <line number="1454" hits="3" branch="False" />
            <line number="1455" hits="3" branch="False" />
            <line number="1464" hits="3" branch="False" />
            <line number="1466" hits="3" branch="False" />
            <line number="1467" hits="3" branch="False" />
            <line number="1468" hits="3" branch="False" />
            <line number="1471" hits="3" branch="False" />
            <line number="1472" hits="3" branch="False" />
            <line number="1474" hits="3" branch="False" />
            <line number="1475" hits="3" branch="False" />
            <line number="1476" hits="3" branch="False" />
            <line number="1477" hits="3" branch="False" />
            <line number="1478" hits="3" branch="False" />
            <line number="1481" hits="3" branch="False" />
            <line number="1482" hits="3" branch="False" />
            <line number="1483" hits="3" branch="False" />
            <line number="1484" hits="3" branch="False" />
            <line number="1486" hits="3" branch="False" />
            <line number="1488" hits="3" branch="False" />
            <line number="1490" hits="0" branch="False" />
            <line number="1491" hits="0" branch="False" />
            <line number="1492" hits="0" branch="False" />
            <line number="1493" hits="0" branch="False" />
            <line number="1496" hits="3" branch="False" />
            <line number="1497" hits="3" branch="False" />
            <line number="1498" hits="3" branch="False" />
            <line number="1499" hits="3" branch="False" />
            <line number="1506" hits="2" branch="False" />
            <line number="1507" hits="2" branch="False" />
            <line number="1508" hits="2" branch="False" />
            <line number="1510" hits="2" branch="False" />
            <line number="1514" hits="2" branch="False" />
            <line number="1515" hits="2" branch="False" />
            <line number="1516" hits="2" branch="False" />
            <line number="1517" hits="2" branch="False" />
            <line number="1519" hits="2" branch="False" />
            <line number="1520" hits="2" branch="False" />
            <line number="1521" hits="0" branch="False" />
            <line number="1522" hits="0" branch="False" />
            <line number="1523" hits="0" branch="False" />
            <line number="1524" hits="0" branch="False" />
            <line number="1526" hits="2" branch="False" />
            <line number="1527" hits="2" branch="False" />
            <line number="1528" hits="2" branch="False" />
            <line number="1530" hits="2" branch="False" />
            <line number="1531" hits="2" branch="False" />
            <line number="1537" hits="2" branch="False" />
            <line number="1538" hits="2" branch="False" />
            <line number="1539" hits="2" branch="False" />
            <line number="1545" hits="2" branch="False" />
            <line number="1546" hits="2" branch="False" />
            <line number="1547" hits="2" branch="False" />
            <line number="1548" hits="2" branch="False" />
            <line number="1549" hits="2" branch="False" />
            <line number="1550" hits="2" branch="False" />
            <line number="1552" hits="0" branch="False" />
            <line number="1553" hits="0" branch="False" />
            <line number="1554" hits="0" branch="False" />
            <line number="1555" hits="0" branch="False" />
            <line number="1559" hits="2" branch="False" />
            <line number="1560" hits="2" branch="False" />
            <line number="1562" hits="2" branch="False" />
            <line number="1563" hits="2" branch="False" />
            <line number="1565" hits="2" branch="False" />
            <line number="1572" hits="3" branch="False" />
            <line number="1574" hits="3" branch="False" />
            <line number="1575" hits="3" branch="False" />
            <line number="1576" hits="3" branch="False" />
            <line number="1581" hits="3" branch="False" />
            <line number="1584" hits="3" branch="False" />
            <line number="1585" hits="3" branch="False" />
            <line number="1587" hits="3" branch="False" />
            <line number="1589" hits="3" branch="False" />
            <line number="1591" hits="3" branch="False" />
            <line number="1592" hits="3" branch="False" />
            <line number="1593" hits="3" branch="False" />
            <line number="1594" hits="3" branch="False" />
            <line number="1598" hits="3" branch="False" />
            <line number="1599" hits="3" branch="False" />
            <line number="1601" hits="0" branch="False" />
            <line number="1602" hits="0" branch="False" />
            <line number="1604" hits="0" branch="False" />
            <line number="1607" hits="3" branch="False" />
            <line number="1608" hits="3" branch="False" />
            <line number="1609" hits="3" branch="False" />
            <line number="1611" hits="3" branch="False" />
            <line number="1612" hits="3" branch="False" />
            <line number="1621" hits="3" branch="False" />
            <line number="1622" hits="3" branch="False" />
            <line number="1623" hits="3" branch="False" />
            <line number="1626" hits="3" branch="False" />
            <line number="1627" hits="3" branch="False" />
            <line number="1628" hits="3" branch="False" />
            <line number="1629" hits="3" branch="False" />
            <line number="1630" hits="3" branch="False" />
            <line number="1631" hits="3" branch="False" />
            <line number="1632" hits="3" branch="False" />
            <line number="1633" hits="3" branch="False" />
            <line number="1635" hits="3" branch="False" />
            <line number="1636" hits="3" branch="False" />
            <line number="1638" hits="0" branch="False" />
            <line number="1639" hits="0" branch="False" />
            <line number="1640" hits="0" branch="False" />
            <line number="1643" hits="3" branch="False" />
            <line number="1644" hits="3" branch="False" />
            <line number="1645" hits="3" branch="False" />
            <line number="1647" hits="3" branch="False" />
            <line number="1650" hits="3" branch="False" />
            <line number="1656" hits="2" branch="False" />
            <line number="1657" hits="2" branch="False" />
            <line number="1658" hits="2" branch="False" />
            <line number="1659" hits="2" branch="False" />
            <line number="1663" hits="2" branch="False" />
            <line number="1664" hits="2" branch="False" />
            <line number="1665" hits="2" branch="False" />
            <line number="1666" hits="2" branch="False" />
            <line number="1667" hits="2" branch="False" />
            <line number="1670" hits="2" branch="False" />
            <line number="1671" hits="2" branch="False" />
            <line number="1672" hits="2" branch="False" />
            <line number="1673" hits="2" branch="False" />
            <line number="1675" hits="2" branch="False" />
            <line number="1677" hits="2" branch="False" />
            <line number="1679" hits="2" branch="False" />
            <line number="1681" hits="0" branch="False" />
            <line number="1682" hits="0" branch="False" />
            <line number="1683" hits="0" branch="False" />
            <line number="1687" hits="2" branch="False" />
            <line number="1688" hits="2" branch="False" />
            <line number="1689" hits="2" branch="False" />
            <line number="1691" hits="2" branch="False" />
            <line number="1692" hits="2" branch="False" />
            <line number="1698" hits="4" branch="False" />
            <line number="1700" hits="4" branch="False" />
            <line number="1701" hits="4" branch="False" />
            <line number="1704" hits="4" branch="False" />
            <line number="1705" hits="4" branch="False" />
            <line number="1707" hits="4" branch="False" />
            <line number="1708" hits="4" branch="False" />
            <line number="1710" hits="4" branch="False" />
            <line number="1712" hits="4" branch="False" />
            <line number="1713" hits="4" branch="False" />
            <line number="1717" hits="4" branch="False" />
            <line number="1719" hits="4" branch="False" />
            <line number="1720" hits="4" branch="False" />
            <line number="1723" hits="4" branch="False" />
            <line number="1724" hits="4" branch="False" />
            <line number="1726" hits="4" branch="False" />
            <line number="1727" hits="4" branch="False" />
            <line number="1729" hits="4" branch="False" />
            <line number="1731" hits="4" branch="False" />
            <line number="1732" hits="4" branch="False" />
            <line number="1736" hits="3" branch="False" />
            <line number="1737" hits="3" branch="False" />
            <line number="1738" hits="3" branch="False" />
            <line number="1739" hits="3" branch="False" />
            <line number="1743" hits="3" branch="False" />
            <line number="1754" hits="3" branch="False" />
            <line number="1755" hits="3" branch="False" />
            <line number="1758" hits="3" branch="False" />
            <line number="1760" hits="3" branch="False" />
            <line number="1762" hits="3" branch="False" />
            <line number="1763" hits="3" branch="False" />
            <line number="1764" hits="3" branch="False" />
            <line number="1765" hits="3" branch="False" />
            <line number="1767" hits="3" branch="False" />
            <line number="1768" hits="3" branch="False" />
            <line number="1772" hits="0" branch="False" />
            <line number="1773" hits="0" branch="False" />
            <line number="1774" hits="0" branch="False" />
            <line number="1778" hits="3" branch="False" />
            <line number="1779" hits="3" branch="False" />
            <line number="1780" hits="3" branch="False" />
            <line number="1781" hits="3" branch="False" />
            <line number="1784" hits="0" branch="False" />
            <line number="1785" hits="0" branch="False" />
            <line number="1786" hits="0" branch="False" />
            <line number="20" hits="1" branch="False" />
          </lines>
        </class>
        <class name="DBProject.Doctor.PreviousHistory" filename="ProyectoQA\Code\DBProject\Doctor\PreviousHistory.aspx.cs" line-rate="0" branch-rate="0" complexity="3">
          <methods>
            <method name="Page_Load" signature="(System.Object,System.EventArgs)" line-rate="0" branch-rate="1" complexity="1">
              <lines>
                <line number="17" hits="0" branch="False" />
                <line number="18" hits="0" branch="False" />
                <line number="19" hits="0" branch="False" />
              </lines>
            </method>
            <method name="PatHistory" signature="(System.Object,System.EventArgs)" line-rate="0" branch-rate="0" complexity="2">
              <lines>
                <line number="25" hits="0" branch="False" />
                <line number="26" hits="0" branch="False" />
                <line number="28" hits="0" branch="False" />
                <line number="31" hits="0" branch="False" />
                <line number="34" hits="0" branch="False" />
                <line number="37" hits="0" branch="True" condition-coverage="0% (0/2)">
                  <conditions>
                    <condition number="53" type="jump" coverage="0%" />
                  </conditions>
                </line>
                <line number="38" hits="0" branch="False" />
                <line number="39" hits="0" branch="False" />
                <line number="40" hits="0" branch="False" />
                <line number="44" hits="0" branch="False" />
                <line number="45" hits="0" branch="False" />
                <line number="46" hits="0" branch="False" />
                <line number="47" hits="0" branch="False" />
                <line number="49" hits="0" branch="False" />
                <line number="50" hits="0" branch="False" />
              </lines>
            </method>
          </methods>
          <lines>
            <line number="17" hits="0" branch="False" />
            <line number="18" hits="0" branch="False" />
            <line number="19" hits="0" branch="False" />
            <line number="25" hits="0" branch="False" />
            <line number="26" hits="0" branch="False" />
            <line number="28" hits="0" branch="False" />
            <line number="31" hits="0" branch="False" />
            <line number="34" hits="0" branch="False" />
            <line number="37" hits="0" branch="True" condition-coverage="0% (0/2)">
              <conditions>
                <condition number="53" type="jump" coverage="0%" />
              </conditions>
            </line>
            <line number="38" hits="0" branch="False" />
            <line number="39" hits="0" branch="False" />
            <line number="40" hits="0" branch="False" />
            <line number="44" hits="0" branch="False" />
            <line number="45" hits="0" branch="False" />
            <line number="46" hits="0" branch="False" />
            <line number="47" hits="0" branch="False" />
            <line number="49" hits="0" branch="False" />
            <line number="50" hits="0" branch="False" />
          </lines>
        </class>
      </classes>
    </package>
  </packages>
</coverage>