<?xml version="1.0" encoding="utf-8"?>
<!DOCTYPE coverage SYSTEM "http://cobertura.sourceforge.net/xml/coverage-04.dtd">
<coverage line-rate="0.681364660444158" branch-rate="0.254545454545455" lines-covered="2117" lines-valid="3107" branches-covered="56" branches-valid="220" complexity="380" version="0" timestamp="1730569267">
  <sources>
    <source>C:\Users\User\</source>
  </sources>
  <packages>
    <package name="ClinicManagement.Tests" line-rate="0.961878829135466" branch-rate="0.934782608695652" complexity="146">
      <classes>
        <class name="AutoGeneratedProgram" filename="C:\Users\User\.nuget\packages\microsoft.net.test.sdk\17.11.1\build\netcoreapp3.1\Microsoft.NET.Test.Sdk.Program.cs" line-rate="0" branch-rate="1" complexity="1">
          <methods>
            <method name="Main" signature="(...)" line-rate="0" branch-rate="1" complexity="1">
              <lines>
                <line number="4" hits="0" branch="false" />
              </lines>
            </method>
          </methods>
          <lines>
            <line number="4" hits="0" branch="false" />
          </lines>
        </class>
        <class name="ClinicManagement.Tests.Pruebas_A" filename="C:\Users\User\ProyectoQA\Code\ClinicManagement.Tests\Pruebas_A.cs" line-rate="1" branch-rate="1" complexity="27">
          <methods>
            <method name="loginExitosoDevuelveUnEntero0" signature="()" line-rate="1" branch-rate="1" complexity="1">
              <lines>
                <line number="14" hits="1" branch="false" />
                <line number="16" hits="1" branch="false" />
                <line number="17" hits="1" branch="false" />
                <line number="18" hits="1" branch="false" />
                <line number="19" hits="1" branch="false" />
                <line number="23" hits="1" branch="false" />
                <line number="26" hits="1" branch="false" />
                <line number="29" hits="1" branch="false" />
                <line number="31" hits="1" branch="false" />
              </lines>
            </method>
            <method name="loginFallidoDevuelveUnEntero1" signature="()" line-rate="1" branch-rate="1" complexity="1">
              <lines>
                <line number="35" hits="1" branch="false" />
                <line number="37" hits="1" branch="false" />
                <line number="38" hits="1" branch="false" />
                <line number="39" hits="1" branch="false" />
                <line number="40" hits="1" branch="false" />
                <line number="41" hits="1" branch="false" />
                <line number="43" hits="1" branch="false" />
                <line number="45" hits="1" branch="false" />
                <line number="49" hits="1" branch="false" />
              </lines>
            </method>
            <method name="unEmailLargoSinContraseniaRetorna1" signature="()" line-rate="1" branch-rate="1" complexity="1">
              <lines>
                <line number="53" hits="1" branch="false" />
                <line number="55" hits="1" branch="false" />
                <line number="56" hits="1" branch="false" />
                <line number="57" hits="1" branch="false" />
                <line number="58" hits="1" branch="false" />
                <line number="60" hits="1" branch="false" />
                <line number="62" hits="1" branch="false" />
                <line number="63" hits="1" branch="false" />
                <line number="65" hits="1" branch="false" />
              </lines>
            </method>
            <method name="validarUsuarioExistenteRetorna0" signature="()" line-rate="1" branch-rate="1" complexity="1">
              <lines>
                <line number="69" hits="1" branch="false" />
                <line number="71" hits="1" branch="false" />
                <line number="72" hits="1" branch="false" />
                <line number="73" hits="1" branch="false" />
                <line number="74" hits="1" branch="false" />
                <line number="75" hits="1" branch="false" />
                <line number="76" hits="1" branch="false" />
                <line number="77" hits="1" branch="false" />
                <line number="78" hits="1" branch="false" />
                <line number="79" hits="1" branch="false" />
                <line number="82" hits="1" branch="false" />
                <line number="85" hits="1" branch="false" />
                <line number="86" hits="1" branch="false" />
              </lines>
            </method>
            <method name="formatodeFechaConSlashRetorna1negativo" signature="()" line-rate="1" branch-rate="1" complexity="1">
              <lines>
                <line number="90" hits="1" branch="false" />
                <line number="92" hits="1" branch="false" />
                <line number="93" hits="1" branch="false" />
                <line number="94" hits="1" branch="false" />
                <line number="95" hits="1" branch="false" />
                <line number="96" hits="1" branch="false" />
                <line number="97" hits="1" branch="false" />
                <line number="98" hits="1" branch="false" />
                <line number="99" hits="1" branch="false" />
                <line number="100" hits="1" branch="false" />
                <line number="103" hits="1" branch="false" />
                <line number="106" hits="1" branch="false" />
                <line number="108" hits="1" branch="false" />
                <line number="109" hits="1" branch="false" />
                <line number="111" hits="1" branch="false" />
                <line number="112" hits="1" branch="false" />
                <line number="113" hits="1" branch="false" />
                <line number="114" hits="1" branch="false" />
                <line number="118" hits="1" branch="false" />
              </lines>
            </method>
            <method name="formatodeFechaIncorrectoRetorna1negativo" signature="()" line-rate="1" branch-rate="1" complexity="1">
              <lines>
                <line number="122" hits="1" branch="false" />
                <line number="124" hits="1" branch="false" />
                <line number="125" hits="1" branch="false" />
                <line number="126" hits="1" branch="false" />
                <line number="127" hits="1" branch="false" />
                <line number="128" hits="1" branch="false" />
                <line number="129" hits="1" branch="false" />
                <line number="130" hits="1" branch="false" />
                <line number="131" hits="1" branch="false" />
                <line number="132" hits="1" branch="false" />
                <line number="135" hits="1" branch="false" />
                <line number="138" hits="1" branch="false" />
                <line number="140" hits="1" branch="false" />
                <line number="141" hits="1" branch="false" />
                <line number="143" hits="1" branch="false" />
                <line number="144" hits="1" branch="false" />
                <line number="145" hits="1" branch="false" />
                <line number="146" hits="1" branch="false" />
                <line number="148" hits="1" branch="false" />
              </lines>
            </method>
            <method name="correoDeDoctorYaExisteRetorna1" signature="()" line-rate="1" branch-rate="1" complexity="1">
              <lines>
                <line number="152" hits="1" branch="false" />
                <line number="153" hits="1" branch="false" />
                <line number="154" hits="1" branch="false" />
                <line number="155" hits="1" branch="false" />
                <line number="156" hits="1" branch="false" />
                <line number="157" hits="1" branch="false" />
              </lines>
            </method>
            <method name="correoDeDoctorNoExistenteRetorna0" signature="()" line-rate="1" branch-rate="1" complexity="1">
              <lines>
                <line number="161" hits="1" branch="false" />
                <line number="162" hits="1" branch="false" />
                <line number="163" hits="1" branch="false" />
                <line number="164" hits="1" branch="false" />
                <line number="165" hits="1" branch="false" />
                <line number="166" hits="1" branch="false" />
              </lines>
            </method>
            <method name="correoVacioRetorna0" signature="()" line-rate="1" branch-rate="1" complexity="1">
              <lines>
                <line number="170" hits="1" branch="false" />
                <line number="171" hits="1" branch="false" />
                <line number="172" hits="1" branch="false" />
                <line number="173" hits="1" branch="false" />
                <line number="174" hits="1" branch="false" />
                <line number="175" hits="1" branch="false" />
              </lines>
            </method>
            <method name="agregarDoctorConNombreRetorna1" signature="()" line-rate="1" branch-rate="1" complexity="1">
              <lines>
                <line number="179" hits="1" branch="false" />
                <line number="180" hits="1" branch="false" />
                <line number="181" hits="1" branch="false" />
                <line number="182" hits="1" branch="false" />
                <line number="183" hits="1" branch="false" />
                <line number="184" hits="1" branch="false" />
                <line number="185" hits="1" branch="false" />
                <line number="186" hits="1" branch="false" />
                <line number="187" hits="1" branch="false" />
                <line number="188" hits="1" branch="false" />
                <line number="189" hits="1" branch="false" />
                <line number="190" hits="1" branch="false" />
                <line number="191" hits="1" branch="false" />
                <line number="192" hits="1" branch="false" />
                <line number="193" hits="1" branch="false" />
                <line number="194" hits="1" branch="false" />
                <line number="195" hits="1" branch="false" />
                <line number="196" hits="1" branch="false" />
                <line number="199" hits="1" branch="false" />
                <line number="200" hits="1" branch="false" />
                <line number="202" hits="1" branch="false" />
                <line number="203" hits="1" branch="false" />
                <line number="204" hits="1" branch="false" />
                <line number="205" hits="1" branch="false" />
                <line number="208" hits="1" branch="false" />
                <line number="209" hits="1" branch="false" />
                <line number="210" hits="1" branch="false" />
                <line number="211" hits="1" branch="false" />
                <line number="212" hits="1" branch="false" />
                <line number="213" hits="1" branch="false" />
                <line number="217" hits="1" branch="false" />
              </lines>
            </method>
            <method name="agregarDoctorConNombreDeBarrasRetorna1" signature="()" line-rate="1" branch-rate="1" complexity="1">
              <lines>
                <line number="221" hits="1" branch="false" />
                <line number="222" hits="1" branch="false" />
                <line number="223" hits="1" branch="false" />
                <line number="224" hits="1" branch="false" />
                <line number="225" hits="1" branch="false" />
                <line number="226" hits="1" branch="false" />
                <line number="227" hits="1" branch="false" />
                <line number="228" hits="1" branch="false" />
                <line number="229" hits="1" branch="false" />
                <line number="230" hits="1" branch="false" />
                <line number="231" hits="1" branch="false" />
                <line number="232" hits="1" branch="false" />
                <line number="233" hits="1" branch="false" />
                <line number="234" hits="1" branch="false" />
                <line number="235" hits="1" branch="false" />
                <line number="236" hits="1" branch="false" />
                <line number="237" hits="1" branch="false" />
                <line number="238" hits="1" branch="false" />
                <line number="241" hits="1" branch="false" />
                <line number="242" hits="1" branch="false" />
                <line number="244" hits="1" branch="false" />
                <line number="245" hits="1" branch="false" />
                <line number="246" hits="1" branch="false" />
                <line number="247" hits="1" branch="false" />
                <line number="250" hits="1" branch="false" />
                <line number="251" hits="1" branch="false" />
                <line number="252" hits="1" branch="false" />
                <line number="253" hits="1" branch="false" />
                <line number="254" hits="1" branch="false" />
                <line number="255" hits="1" branch="false" />
                <line number="259" hits="1" branch="false" />
              </lines>
            </method>
            <method name="agregarDoctorSinQualRetorna1" signature="()" line-rate="1" branch-rate="1" complexity="1">
              <lines>
                <line number="263" hits="1" branch="false" />
                <line number="264" hits="1" branch="false" />
                <line number="265" hits="1" branch="false" />
                <line number="266" hits="1" branch="false" />
                <line number="267" hits="1" branch="false" />
                <line number="268" hits="1" branch="false" />
                <line number="269" hits="1" branch="false" />
                <line number="270" hits="1" branch="false" />
                <line number="271" hits="1" branch="false" />
                <line number="272" hits="1" branch="false" />
                <line number="273" hits="1" branch="false" />
                <line number="274" hits="1" branch="false" />
                <line number="275" hits="1" branch="false" />
                <line number="276" hits="1" branch="false" />
                <line number="277" hits="1" branch="false" />
                <line number="278" hits="1" branch="false" />
                <line number="279" hits="1" branch="false" />
                <line number="280" hits="1" branch="false" />
                <line number="283" hits="1" branch="false" />
                <line number="284" hits="1" branch="false" />
                <line number="286" hits="1" branch="false" />
                <line number="287" hits="1" branch="false" />
                <line number="288" hits="1" branch="false" />
                <line number="289" hits="1" branch="false" />
                <line number="292" hits="1" branch="false" />
                <line number="293" hits="1" branch="false" />
                <line number="294" hits="1" branch="false" />
                <line number="295" hits="1" branch="false" />
                <line number="296" hits="1" branch="false" />
                <line number="297" hits="1" branch="false" />
                <line number="301" hits="1" branch="false" />
              </lines>
            </method>
            <method name="agregarstaffConNombreRetorna1" signature="()" line-rate="1" branch-rate="1" complexity="1">
              <lines>
                <line number="306" hits="1" branch="false" />
                <line number="308" hits="1" branch="false" />
                <line number="309" hits="1" branch="false" />
                <line number="310" hits="1" branch="false" />
                <line number="311" hits="1" branch="false" />
                <line number="312" hits="1" branch="false" />
                <line number="313" hits="1" branch="false" />
                <line number="314" hits="1" branch="false" />
                <line number="315" hits="1" branch="false" />
                <line number="316" hits="1" branch="false" />
                <line number="318" hits="1" branch="false" />
                <line number="319" hits="1" branch="false" />
                <line number="322" hits="1" branch="false" />
                <line number="323" hits="1" branch="false" />
                <line number="325" hits="1" branch="false" />
                <line number="326" hits="1" branch="false" />
                <line number="327" hits="1" branch="false" />
                <line number="328" hits="1" branch="false" />
                <line number="330" hits="1" branch="false" />
              </lines>
            </method>
            <method name="agregarstaffSinSalarioRetorna1" signature="()" line-rate="1" branch-rate="1" complexity="1">
              <lines>
                <line number="334" hits="1" branch="false" />
                <line number="336" hits="1" branch="false" />
                <line number="337" hits="1" branch="false" />
                <line number="338" hits="1" branch="false" />
                <line number="339" hits="1" branch="false" />
                <line number="340" hits="1" branch="false" />
                <line number="341" hits="1" branch="false" />
                <line number="342" hits="1" branch="false" />
                <line number="343" hits="1" branch="false" />
                <line number="344" hits="1" branch="false" />
                <line number="346" hits="1" branch="false" />
                <line number="347" hits="1" branch="false" />
                <line number="350" hits="1" branch="false" />
                <line number="351" hits="1" branch="false" />
                <line number="353" hits="1" branch="false" />
                <line number="354" hits="1" branch="false" />
                <line number="355" hits="1" branch="false" />
                <line number="356" hits="1" branch="false" />
                <line number="358" hits="1" branch="false" />
              </lines>
            </method>
            <method name="staffConNumeroDeTelefonoAlfanumericoRetorna1" signature="()" line-rate="1" branch-rate="1" complexity="1">
              <lines>
                <line number="362" hits="1" branch="false" />
                <line number="364" hits="1" branch="false" />
                <line number="365" hits="1" branch="false" />
                <line number="366" hits="1" branch="false" />
                <line number="367" hits="1" branch="false" />
                <line number="368" hits="1" branch="false" />
                <line number="369" hits="1" branch="false" />
                <line number="370" hits="1" branch="false" />
                <line number="371" hits="1" branch="false" />
                <line number="372" hits="1" branch="false" />
                <line number="374" hits="1" branch="false" />
                <line number="375" hits="1" branch="false" />
                <line number="378" hits="1" branch="false" />
                <line number="379" hits="1" branch="false" />
                <line number="381" hits="1" branch="false" />
                <line number="382" hits="1" branch="false" />
                <line number="383" hits="1" branch="false" />
                <line number="384" hits="1" branch="false" />
                <line number="386" hits="1" branch="false" />
              </lines>
            </method>
            <method name="staffSinNombreRetorna1" signature="()" line-rate="1" branch-rate="1" complexity="1">
              <lines>
                <line number="390" hits="1" branch="false" />
                <line number="392" hits="1" branch="false" />
                <line number="393" hits="1" branch="false" />
                <line number="394" hits="1" branch="false" />
                <line number="395" hits="1" branch="false" />
                <line number="396" hits="1" branch="false" />
                <line number="397" hits="1" branch="false" />
                <line number="398" hits="1" branch="false" />
                <line number="399" hits="1" branch="false" />
                <line number="400" hits="1" branch="false" />
                <line number="402" hits="1" branch="false" />
                <line number="403" hits="1" branch="false" />
                <line number="406" hits="1" branch="false" />
                <line number="407" hits="1" branch="false" />
                <line number="409" hits="1" branch="false" />
                <line number="410" hits="1" branch="false" />
                <line number="411" hits="1" branch="false" />
                <line number="412" hits="1" branch="false" />
                <line number="414" hits="1" branch="false" />
              </lines>
            </method>
            <method name="staffSinAddressRetorna1" signature="()" line-rate="1" branch-rate="1" complexity="1">
              <lines>
                <line number="418" hits="1" branch="false" />
                <line number="420" hits="1" branch="false" />
                <line number="421" hits="1" branch="false" />
                <line number="422" hits="1" branch="false" />
                <line number="423" hits="1" branch="false" />
                <line number="424" hits="1" branch="false" />
                <line number="425" hits="1" branch="false" />
                <line number="426" hits="1" branch="false" />
                <line number="427" hits="1" branch="false" />
                <line number="428" hits="1" branch="false" />
                <line number="430" hits="1" branch="false" />
                <line number="431" hits="1" branch="false" />
                <line number="434" hits="1" branch="false" />
                <line number="435" hits="1" branch="false" />
                <line number="437" hits="1" branch="false" />
                <line number="438" hits="1" branch="false" />
                <line number="439" hits="1" branch="false" />
                <line number="440" hits="1" branch="false" />
                <line number="442" hits="1" branch="false" />
              </lines>
            </method>
            <method name="staffconFormatoDeFechaIncorrectoRetorna1negativo" signature="()" line-rate="1" branch-rate="1" complexity="1">
              <lines>
                <line number="447" hits="1" branch="false" />
                <line number="449" hits="1" branch="false" />
                <line number="450" hits="1" branch="false" />
                <line number="451" hits="1" branch="false" />
                <line number="452" hits="1" branch="false" />
                <line number="453" hits="1" branch="false" />
                <line number="454" hits="1" branch="false" />
                <line number="455" hits="1" branch="false" />
                <line number="456" hits="1" branch="false" />
                <line number="457" hits="1" branch="false" />
                <line number="459" hits="1" branch="false" />
                <line number="460" hits="1" branch="false" />
                <line number="464" hits="1" branch="false" />
              </lines>
            </method>
            <method name="getAdminHomeRetornaUnDTNoVacio" signature="()" line-rate="1" branch-rate="1" complexity="2">
              <lines>
                <line number="468" hits="1" branch="false" />
                <line number="469" hits="1" branch="false" />
                <line number="470" hits="1" branch="false" />
                <line number="471" hits="12" branch="true" condition-coverage="100% (2/2)" />
                <line number="472" hits="5" branch="false" />
                <line number="473" hits="5" branch="false" />
                <line number="474" hits="5" branch="false" />
                <line number="475" hits="1" branch="false" />
                <line number="476" hits="1" branch="false" />
                <line number="478" hits="1" branch="false" />
              </lines>
            </method>
            <method name="borrarDoctorNuevoRetorna1" signature="()" line-rate="1" branch-rate="1" complexity="1">
              <lines>
                <line number="482" hits="1" branch="false" />
                <line number="484" hits="1" branch="false" />
                <line number="485" hits="1" branch="false" />
                <line number="487" hits="1" branch="false" />
                <line number="488" hits="1" branch="false" />
                <line number="489" hits="1" branch="false" />
                <line number="490" hits="1" branch="false" />
                <line number="491" hits="1" branch="false" />
                <line number="492" hits="1" branch="false" />
                <line number="493" hits="1" branch="false" />
                <line number="495" hits="1" branch="false" />
                <line number="496" hits="1" branch="false" />
                <line number="497" hits="1" branch="false" />
                <line number="500" hits="1" branch="false" />
              </lines>
            </method>
            <method name="borrarDoctorInexistenteRetorna1Tambien" signature="()" line-rate="1" branch-rate="1" complexity="1">
              <lines>
                <line number="504" hits="1" branch="false" />
                <line number="505" hits="1" branch="false" />
                <line number="506" hits="1" branch="false" />
                <line number="507" hits="1" branch="false" />
                <line number="508" hits="1" branch="false" />
              </lines>
            </method>
            <method name="borrarStaffNuevoRetorna1" signature="()" line-rate="1" branch-rate="1" complexity="1">
              <lines>
                <line number="512" hits="1" branch="false" />
                <line number="514" hits="1" branch="false" />
                <line number="515" hits="1" branch="false" />
                <line number="517" hits="1" branch="false" />
                <line number="518" hits="1" branch="false" />
                <line number="519" hits="1" branch="false" />
                <line number="520" hits="1" branch="false" />
                <line number="522" hits="1" branch="false" />
                <line number="523" hits="1" branch="false" />
                <line number="524" hits="1" branch="false" />
                <line number="525" hits="1" branch="false" />
                <line number="526" hits="1" branch="false" />
                <line number="527" hits="1" branch="false" />
                <line number="528" hits="1" branch="false" />
                <line number="530" hits="1" branch="false" />
                <line number="531" hits="1" branch="false" />
                <line number="532" hits="1" branch="false" />
                <line number="533" hits="1" branch="false" />
              </lines>
            </method>
            <method name="borrarStaffInexistenteRetorna1Tambien" signature="()" line-rate="1" branch-rate="1" complexity="1">
              <lines>
                <line number="537" hits="1" branch="false" />
                <line number="538" hits="1" branch="false" />
                <line number="539" hits="1" branch="false" />
                <line number="540" hits="1" branch="false" />
                <line number="541" hits="1" branch="false" />
              </lines>
            </method>
            <method name="loadDoctorSinQueryRetornaUnDTNoVacio" signature="()" line-rate="1" branch-rate="1" complexity="1">
              <lines>
                <line number="545" hits="1" branch="false" />
                <line number="546" hits="1" branch="false" />
                <line number="547" hits="1" branch="false" />
                <line number="548" hits="1" branch="false" />
                <line number="549" hits="1" branch="false" />
                <line number="550" hits="1" branch="false" />
              </lines>
            </method>
            <method name="loadDoctorConQueryValidoRetornaUnDTNoVacio" signature="()" line-rate="1" branch-rate="1" complexity="1">
              <lines>
                <line number="554" hits="1" branch="false" />
                <line number="555" hits="1" branch="false" />
                <line number="556" hits="1" branch="false" />
                <line number="557" hits="1" branch="false" />
                <line number="558" hits="1" branch="false" />
                <line number="559" hits="1" branch="false" />
              </lines>
            </method>
            <method name=".cctor" signature="()" line-rate="1" branch-rate="1" complexity="1">
              <lines>
                <line number="10" hits="1" branch="false" />
              </lines>
            </method>
          </methods>
          <lines>
            <line number="10" hits="1" branch="false" />
            <line number="14" hits="1" branch="false" />
            <line number="16" hits="1" branch="false" />
            <line number="17" hits="1" branch="false" />
            <line number="18" hits="1" branch="false" />
            <line number="19" hits="1" branch="false" />
            <line number="23" hits="1" branch="false" />
            <line number="26" hits="1" branch="false" />
            <line number="29" hits="1" branch="false" />
            <line number="31" hits="1" branch="false" />
            <line number="35" hits="1" branch="false" />
            <line number="37" hits="1" branch="false" />
            <line number="38" hits="1" branch="false" />
            <line number="39" hits="1" branch="false" />
            <line number="40" hits="1" branch="false" />
            <line number="41" hits="1" branch="false" />
            <line number="43" hits="1" branch="false" />
            <line number="45" hits="1" branch="false" />
            <line number="49" hits="1" branch="false" />
            <line number="53" hits="1" branch="false" />
            <line number="55" hits="1" branch="false" />
            <line number="56" hits="1" branch="false" />
            <line number="57" hits="1" branch="false" />
            <line number="58" hits="1" branch="false" />
            <line number="60" hits="1" branch="false" />
            <line number="62" hits="1" branch="false" />
            <line number="63" hits="1" branch="false" />
            <line number="65" hits="1" branch="false" />
            <line number="69" hits="1" branch="false" />
            <line number="71" hits="1" branch="false" />
            <line number="72" hits="1" branch="false" />
            <line number="73" hits="1" branch="false" />
            <line number="74" hits="1" branch="false" />
            <line number="75" hits="1" branch="false" />
            <line number="76" hits="1" branch="false" />
            <line number="77" hits="1" branch="false" />
            <line number="78" hits="1" branch="false" />
            <line number="79" hits="1" branch="false" />
            <line number="82" hits="1" branch="false" />
            <line number="85" hits="1" branch="false" />
            <line number="86" hits="1" branch="false" />
            <line number="90" hits="1" branch="false" />
            <line number="92" hits="1" branch="false" />
            <line number="93" hits="1" branch="false" />
            <line number="94" hits="1" branch="false" />
            <line number="95" hits="1" branch="false" />
            <line number="96" hits="1" branch="false" />
            <line number="97" hits="1" branch="false" />
            <line number="98" hits="1" branch="false" />
            <line number="99" hits="1" branch="false" />
            <line number="100" hits="1" branch="false" />
            <line number="103" hits="1" branch="false" />
            <line number="106" hits="1" branch="false" />
            <line number="108" hits="1" branch="false" />
            <line number="109" hits="1" branch="false" />
            <line number="111" hits="1" branch="false" />
            <line number="112" hits="1" branch="false" />
            <line number="113" hits="1" branch="false" />
            <line number="114" hits="1" branch="false" />
            <line number="118" hits="1" branch="false" />
            <line number="122" hits="1" branch="false" />
            <line number="124" hits="1" branch="false" />
            <line number="125" hits="1" branch="false" />
            <line number="126" hits="1" branch="false" />
            <line number="127" hits="1" branch="false" />
            <line number="128" hits="1" branch="false" />
            <line number="129" hits="1" branch="false" />
            <line number="130" hits="1" branch="false" />
            <line number="131" hits="1" branch="false" />
            <line number="132" hits="1" branch="false" />
            <line number="135" hits="1" branch="false" />
            <line number="138" hits="1" branch="false" />
            <line number="140" hits="1" branch="false" />
            <line number="141" hits="1" branch="false" />
            <line number="143" hits="1" branch="false" />
            <line number="144" hits="1" branch="false" />
            <line number="145" hits="1" branch="false" />
            <line number="146" hits="1" branch="false" />
            <line number="148" hits="1" branch="false" />
            <line number="152" hits="1" branch="false" />
            <line number="153" hits="1" branch="false" />
            <line number="154" hits="1" branch="false" />
            <line number="155" hits="1" branch="false" />
            <line number="156" hits="1" branch="false" />
            <line number="157" hits="1" branch="false" />
            <line number="161" hits="1" branch="false" />
            <line number="162" hits="1" branch="false" />
            <line number="163" hits="1" branch="false" />
            <line number="164" hits="1" branch="false" />
            <line number="165" hits="1" branch="false" />
            <line number="166" hits="1" branch="false" />
            <line number="170" hits="1" branch="false" />
            <line number="171" hits="1" branch="false" />
            <line number="172" hits="1" branch="false" />
            <line number="173" hits="1" branch="false" />
            <line number="174" hits="1" branch="false" />
            <line number="175" hits="1" branch="false" />
            <line number="179" hits="1" branch="false" />
            <line number="180" hits="1" branch="false" />
            <line number="181" hits="1" branch="false" />
            <line number="182" hits="1" branch="false" />
            <line number="183" hits="1" branch="false" />
            <line number="184" hits="1" branch="false" />
            <line number="185" hits="1" branch="false" />
            <line number="186" hits="1" branch="false" />
            <line number="187" hits="1" branch="false" />
            <line number="188" hits="1" branch="false" />
            <line number="189" hits="1" branch="false" />
            <line number="190" hits="1" branch="false" />
            <line number="191" hits="1" branch="false" />
            <line number="192" hits="1" branch="false" />
            <line number="193" hits="1" branch="false" />
            <line number="194" hits="1" branch="false" />
            <line number="195" hits="1" branch="false" />
            <line number="196" hits="1" branch="false" />
            <line number="199" hits="1" branch="false" />
            <line number="200" hits="1" branch="false" />
            <line number="202" hits="1" branch="false" />
            <line number="203" hits="1" branch="false" />
            <line number="204" hits="1" branch="false" />
            <line number="205" hits="1" branch="false" />
            <line number="208" hits="1" branch="false" />
            <line number="209" hits="1" branch="false" />
            <line number="210" hits="1" branch="false" />
            <line number="211" hits="1" branch="false" />
            <line number="212" hits="1" branch="false" />
            <line number="213" hits="1" branch="false" />
            <line number="217" hits="1" branch="false" />
            <line number="221" hits="1" branch="false" />
            <line number="222" hits="1" branch="false" />
            <line number="223" hits="1" branch="false" />
            <line number="224" hits="1" branch="false" />
            <line number="225" hits="1" branch="false" />
            <line number="226" hits="1" branch="false" />
            <line number="227" hits="1" branch="false" />
            <line number="228" hits="1" branch="false" />
            <line number="229" hits="1" branch="false" />
            <line number="230" hits="1" branch="false" />
            <line number="231" hits="1" branch="false" />
            <line number="232" hits="1" branch="false" />
            <line number="233" hits="1" branch="false" />
            <line number="234" hits="1" branch="false" />
            <line number="235" hits="1" branch="false" />
            <line number="236" hits="1" branch="false" />
            <line number="237" hits="1" branch="false" />
            <line number="238" hits="1" branch="false" />
            <line number="241" hits="1" branch="false" />
            <line number="242" hits="1" branch="false" />
            <line number="244" hits="1" branch="false" />
            <line number="245" hits="1" branch="false" />
            <line number="246" hits="1" branch="false" />
            <line number="247" hits="1" branch="false" />
            <line number="250" hits="1" branch="false" />
            <line number="251" hits="1" branch="false" />
            <line number="252" hits="1" branch="false" />
            <line number="253" hits="1" branch="false" />
            <line number="254" hits="1" branch="false" />
            <line number="255" hits="1" branch="false" />
            <line number="259" hits="1" branch="false" />
            <line number="263" hits="1" branch="false" />
            <line number="264" hits="1" branch="false" />
            <line number="265" hits="1" branch="false" />
            <line number="266" hits="1" branch="false" />
            <line number="267" hits="1" branch="false" />
            <line number="268" hits="1" branch="false" />
            <line number="269" hits="1" branch="false" />
            <line number="270" hits="1" branch="false" />
            <line number="271" hits="1" branch="false" />
            <line number="272" hits="1" branch="false" />
            <line number="273" hits="1" branch="false" />
            <line number="274" hits="1" branch="false" />
            <line number="275" hits="1" branch="false" />
            <line number="276" hits="1" branch="false" />
            <line number="277" hits="1" branch="false" />
            <line number="278" hits="1" branch="false" />
            <line number="279" hits="1" branch="false" />
            <line number="280" hits="1" branch="false" />
            <line number="283" hits="1" branch="false" />
            <line number="284" hits="1" branch="false" />
            <line number="286" hits="1" branch="false" />
            <line number="287" hits="1" branch="false" />
            <line number="288" hits="1" branch="false" />
            <line number="289" hits="1" branch="false" />
            <line number="292" hits="1" branch="false" />
            <line number="293" hits="1" branch="false" />
            <line number="294" hits="1" branch="false" />
            <line number="295" hits="1" branch="false" />
            <line number="296" hits="1" branch="false" />
            <line number="297" hits="1" branch="false" />
            <line number="301" hits="1" branch="false" />
            <line number="306" hits="1" branch="false" />
            <line number="308" hits="1" branch="false" />
            <line number="309" hits="1" branch="false" />
            <line number="310" hits="1" branch="false" />
            <line number="311" hits="1" branch="false" />
            <line number="312" hits="1" branch="false" />
            <line number="313" hits="1" branch="false" />
            <line number="314" hits="1" branch="false" />
            <line number="315" hits="1" branch="false" />
            <line number="316" hits="1" branch="false" />
            <line number="318" hits="1" branch="false" />
            <line number="319" hits="1" branch="false" />
            <line number="322" hits="1" branch="false" />
            <line number="323" hits="1" branch="false" />
            <line number="325" hits="1" branch="false" />
            <line number="326" hits="1" branch="false" />
            <line number="327" hits="1" branch="false" />
            <line number="328" hits="1" branch="false" />
            <line number="330" hits="1" branch="false" />
            <line number="334" hits="1" branch="false" />
            <line number="336" hits="1" branch="false" />
            <line number="337" hits="1" branch="false" />
            <line number="338" hits="1" branch="false" />
            <line number="339" hits="1" branch="false" />
            <line number="340" hits="1" branch="false" />
            <line number="341" hits="1" branch="false" />
            <line number="342" hits="1" branch="false" />
            <line number="343" hits="1" branch="false" />
            <line number="344" hits="1" branch="false" />
            <line number="346" hits="1" branch="false" />
            <line number="347" hits="1" branch="false" />
            <line number="350" hits="1" branch="false" />
            <line number="351" hits="1" branch="false" />
            <line number="353" hits="1" branch="false" />
            <line number="354" hits="1" branch="false" />
            <line number="355" hits="1" branch="false" />
            <line number="356" hits="1" branch="false" />
            <line number="358" hits="1" branch="false" />
            <line number="362" hits="1" branch="false" />
            <line number="364" hits="1" branch="false" />
            <line number="365" hits="1" branch="false" />
            <line number="366" hits="1" branch="false" />
            <line number="367" hits="1" branch="false" />
            <line number="368" hits="1" branch="false" />
            <line number="369" hits="1" branch="false" />
            <line number="370" hits="1" branch="false" />
            <line number="371" hits="1" branch="false" />
            <line number="372" hits="1" branch="false" />
            <line number="374" hits="1" branch="false" />
            <line number="375" hits="1" branch="false" />
            <line number="378" hits="1" branch="false" />
            <line number="379" hits="1" branch="false" />
            <line number="381" hits="1" branch="false" />
            <line number="382" hits="1" branch="false" />
            <line number="383" hits="1" branch="false" />
            <line number="384" hits="1" branch="false" />
            <line number="386" hits="1" branch="false" />
            <line number="390" hits="1" branch="false" />
            <line number="392" hits="1" branch="false" />
            <line number="393" hits="1" branch="false" />
            <line number="394" hits="1" branch="false" />
            <line number="395" hits="1" branch="false" />
            <line number="396" hits="1" branch="false" />
            <line number="397" hits="1" branch="false" />
            <line number="398" hits="1" branch="false" />
            <line number="399" hits="1" branch="false" />
            <line number="400" hits="1" branch="false" />
            <line number="402" hits="1" branch="false" />
            <line number="403" hits="1" branch="false" />
            <line number="406" hits="1" branch="false" />
            <line number="407" hits="1" branch="false" />
            <line number="409" hits="1" branch="false" />
            <line number="410" hits="1" branch="false" />
            <line number="411" hits="1" branch="false" />
            <line number="412" hits="1" branch="false" />
            <line number="414" hits="1" branch="false" />
            <line number="418" hits="1" branch="false" />
            <line number="420" hits="1" branch="false" />
            <line number="421" hits="1" branch="false" />
            <line number="422" hits="1" branch="false" />
            <line number="423" hits="1" branch="false" />
            <line number="424" hits="1" branch="false" />
            <line number="425" hits="1" branch="false" />
            <line number="426" hits="1" branch="false" />
            <line number="427" hits="1" branch="false" />
            <line number="428" hits="1" branch="false" />
            <line number="430" hits="1" branch="false" />
            <line number="431" hits="1" branch="false" />
            <line number="434" hits="1" branch="false" />
            <line number="435" hits="1" branch="false" />
            <line number="437" hits="1" branch="false" />
            <line number="438" hits="1" branch="false" />
            <line number="439" hits="1" branch="false" />
            <line number="440" hits="1" branch="false" />
            <line number="442" hits="1" branch="false" />
            <line number="447" hits="1" branch="false" />
            <line number="449" hits="1" branch="false" />
            <line number="450" hits="1" branch="false" />
            <line number="451" hits="1" branch="false" />
            <line number="452" hits="1" branch="false" />
            <line number="453" hits="1" branch="false" />
            <line number="454" hits="1" branch="false" />
            <line number="455" hits="1" branch="false" />
            <line number="456" hits="1" branch="false" />
            <line number="457" hits="1" branch="false" />
            <line number="459" hits="1" branch="false" />
            <line number="460" hits="1" branch="false" />
            <line number="464" hits="1" branch="false" />
            <line number="468" hits="1" branch="false" />
            <line number="469" hits="1" branch="false" />
            <line number="470" hits="1" branch="false" />
            <line number="471" hits="12" branch="true" condition-coverage="100% (2/2)" />
            <line number="472" hits="5" branch="false" />
            <line number="473" hits="5" branch="false" />
            <line number="474" hits="5" branch="false" />
            <line number="475" hits="1" branch="false" />
            <line number="476" hits="1" branch="false" />
            <line number="478" hits="1" branch="false" />
            <line number="482" hits="1" branch="false" />
            <line number="484" hits="1" branch="false" />
            <line number="485" hits="1" branch="false" />
            <line number="487" hits="1" branch="false" />
            <line number="488" hits="1" branch="false" />
            <line number="489" hits="1" branch="false" />
            <line number="490" hits="1" branch="false" />
            <line number="491" hits="1" branch="false" />
            <line number="492" hits="1" branch="false" />
            <line number="493" hits="1" branch="false" />
            <line number="495" hits="1" branch="false" />
            <line number="496" hits="1" branch="false" />
            <line number="497" hits="1" branch="false" />
            <line number="500" hits="1" branch="false" />
            <line number="504" hits="1" branch="false" />
            <line number="505" hits="1" branch="false" />
            <line number="506" hits="1" branch="false" />
            <line number="507" hits="1" branch="false" />
            <line number="508" hits="1" branch="false" />
            <line number="512" hits="1" branch="false" />
            <line number="514" hits="1" branch="false" />
            <line number="515" hits="1" branch="false" />
            <line number="517" hits="1" branch="false" />
            <line number="518" hits="1" branch="false" />
            <line number="519" hits="1" branch="false" />
            <line number="520" hits="1" branch="false" />
            <line number="522" hits="1" branch="false" />
            <line number="523" hits="1" branch="false" />
            <line number="524" hits="1" branch="false" />
            <line number="525" hits="1" branch="false" />
            <line number="526" hits="1" branch="false" />
            <line number="527" hits="1" branch="false" />
            <line number="528" hits="1" branch="false" />
            <line number="530" hits="1" branch="false" />
            <line number="531" hits="1" branch="false" />
            <line number="532" hits="1" branch="false" />
            <line number="533" hits="1" branch="false" />
            <line number="537" hits="1" branch="false" />
            <line number="538" hits="1" branch="false" />
            <line number="539" hits="1" branch="false" />
            <line number="540" hits="1" branch="false" />
            <line number="541" hits="1" branch="false" />
            <line number="545" hits="1" branch="false" />
            <line number="546" hits="1" branch="false" />
            <line number="547" hits="1" branch="false" />
            <line number="548" hits="1" branch="false" />
            <line number="549" hits="1" branch="false" />
            <line number="550" hits="1" branch="false" />
            <line number="554" hits="1" branch="false" />
            <line number="555" hits="1" branch="false" />
            <line number="556" hits="1" branch="false" />
            <line number="557" hits="1" branch="false" />
            <line number="558" hits="1" branch="false" />
            <line number="559" hits="1" branch="false" />
          </lines>
        </class>
        <class name="ClinicManagement.Tests.Pruebas_J" filename="C:\Users\User\ProyectoQA\Code\ClinicManagement.Tests\Pruebas_J.cs" line-rate="0.95873786407767" branch-rate="1" complexity="25">
          <methods>
            <method name="GetDeptInfo_RetornaUnaDataTable_CuandoEsExitoso_YHayDatos" signature="()" line-rate="1" branch-rate="1" complexity="1">
              <lines>
                <line number="24" hits="1" branch="false" />
                <line number="26" hits="1" branch="false" />
                <line number="27" hits="1" branch="false" />
                <line number="28" hits="1" branch="false" />
                <line number="29" hits="1" branch="false" />
                <line number="30" hits="1" branch="false" />
                <line number="31" hits="1" branch="false" />
              </lines>
            </method>
            <method name="getDeptDoctorInfo_RetornaUnaTabla_CuandoElDepartamentoExiste" signature="()" line-rate="1" branch-rate="1" complexity="1">
              <lines>
                <line number="35" hits="1" branch="false" />
                <line number="39" hits="1" branch="false" />
                <line number="40" hits="1" branch="false" />
                <line number="45" hits="1" branch="false" />
                <line number="46" hits="1" branch="false" />
                <line number="47" hits="1" branch="false" />
                <line number="51" hits="1" branch="false" />
                <line number="52" hits="1" branch="false" />
                <line number="53" hits="1" branch="false" />
                <line number="54" hits="1" branch="false" />
                <line number="55" hits="1" branch="false" />
                <line number="60" hits="1" branch="false" />
                <line number="61" hits="1" branch="false" />
                <line number="62" hits="1" branch="false" />
                <line number="63" hits="1" branch="false" />
                <line number="65" hits="1" branch="false" />
              </lines>
            </method>
            <method name="getDeptDoctorInfo_RetornaUnaTablaConCeroFilas_CuandoElDepartamentoExistePeroNoTieneDoctoresAsociados" signature="()" line-rate="1" branch-rate="1" complexity="1">
              <lines>
                <line number="70" hits="1" branch="false" />
                <line number="74" hits="1" branch="false" />
                <line number="75" hits="1" branch="false" />
                <line number="80" hits="1" branch="false" />
                <line number="81" hits="1" branch="false" />
                <line number="82" hits="1" branch="false" />
                <line number="86" hits="1" branch="false" />
                <line number="87" hits="1" branch="false" />
                <line number="88" hits="1" branch="false" />
                <line number="89" hits="1" branch="false" />
                <line number="94" hits="1" branch="false" />
                <line number="95" hits="1" branch="false" />
                <line number="96" hits="1" branch="false" />
                <line number="97" hits="1" branch="false" />
                <line number="99" hits="1" branch="false" />
              </lines>
            </method>
            <method name="getDeptDoctorInfo_RetornaUnaTablaConTodosLosResultados_CuandoElDepartamentoExistePeroYTieneDoctoresAsociados" signature="()" line-rate="1" branch-rate="1" complexity="1">
              <lines>
                <line number="103" hits="1" branch="false" />
                <line number="106" hits="1" branch="false" />
                <line number="107" hits="1" branch="false" />
                <line number="112" hits="1" branch="false" />
                <line number="113" hits="1" branch="false" />
                <line number="114" hits="1" branch="false" />
                <line number="119" hits="1" branch="false" />
                <line number="120" hits="1" branch="false" />
                <line number="121" hits="1" branch="false" />
                <line number="125" hits="1" branch="false" />
                <line number="126" hits="1" branch="false" />
                <line number="127" hits="1" branch="false" />
                <line number="128" hits="1" branch="false" />
                <line number="133" hits="1" branch="false" />
                <line number="134" hits="1" branch="false" />
                <line number="135" hits="1" branch="false" />
                <line number="138" hits="1" branch="false" />
                <line number="139" hits="1" branch="false" />
                <line number="140" hits="1" branch="false" />
                <line number="141" hits="1" branch="false" />
                <line number="143" hits="1" branch="false" />
              </lines>
            </method>
            <method name="getDeptDoctorInfo_RetornaUnaTablaVacia_CuandoElDepartamentoNoExiste" signature="()" line-rate="1" branch-rate="1" complexity="1">
              <lines>
                <line number="147" hits="1" branch="false" />
                <line number="148" hits="1" branch="false" />
                <line number="149" hits="1" branch="false" />
                <line number="150" hits="1" branch="false" />
                <line number="151" hits="1" branch="false" />
                <line number="152" hits="1" branch="false" />
                <line number="153" hits="1" branch="false" />
                <line number="154" hits="1" branch="false" />
              </lines>
            </method>
            <method name="doctorInfoDisplayer_FuncionaCuandoElDoctorExiste" signature="()" line-rate="1" branch-rate="1" complexity="1">
              <lines>
                <line number="158" hits="1" branch="false" />
                <line number="159" hits="1" branch="false" />
                <line number="160" hits="1" branch="false" />
                <line number="161" hits="1" branch="false" />
                <line number="162" hits="1" branch="false" />
                <line number="163" hits="1" branch="false" />
                <line number="164" hits="1" branch="false" />
                <line number="165" hits="1" branch="false" />
                <line number="166" hits="1" branch="false" />
                <line number="167" hits="1" branch="false" />
                <line number="168" hits="1" branch="false" />
                <line number="169" hits="1" branch="false" />
                <line number="170" hits="1" branch="false" />
                <line number="171" hits="1" branch="false" />
                <line number="172" hits="1" branch="false" />
                <line number="174" hits="1" branch="false" />
              </lines>
            </method>
            <method name="doctorInfoDisplayer_DevuelveLosDatos_ExactamenteComoEstanEnLaBase" signature="()" line-rate="1" branch-rate="1" complexity="1">
              <lines>
                <line number="178" hits="1" branch="false" />
                <line number="180" hits="1" branch="false" />
                <line number="181" hits="1" branch="false" />
                <line number="182" hits="1" branch="false" />
                <line number="183" hits="1" branch="false" />
                <line number="184" hits="1" branch="false" />
                <line number="185" hits="1" branch="false" />
                <line number="186" hits="1" branch="false" />
                <line number="187" hits="1" branch="false" />
                <line number="188" hits="1" branch="false" />
                <line number="189" hits="1" branch="false" />
                <line number="190" hits="1" branch="false" />
                <line number="191" hits="1" branch="false" />
                <line number="192" hits="1" branch="false" />
                <line number="193" hits="1" branch="false" />
                <line number="194" hits="1" branch="false" />
                <line number="195" hits="1" branch="false" />
                <line number="196" hits="1" branch="false" />
                <line number="197" hits="1" branch="false" />
                <line number="198" hits="1" branch="false" />
                <line number="199" hits="1" branch="false" />
                <line number="200" hits="1" branch="false" />
                <line number="201" hits="1" branch="false" />
                <line number="202" hits="1" branch="false" />
                <line number="205" hits="1" branch="false" />
              </lines>
            </method>
            <method name="getFreeSlots_DevuelveNueveCuposSiElDoctorNoTieneNingunaCita" signature="()" line-rate="1" branch-rate="1" complexity="1">
              <lines>
                <line number="209" hits="1" branch="false" />
                <line number="211" hits="1" branch="false" />
                <line number="212" hits="1" branch="false" />
                <line number="213" hits="1" branch="false" />
                <line number="214" hits="1" branch="false" />
                <line number="215" hits="1" branch="false" />
                <line number="216" hits="1" branch="false" />
                <line number="217" hits="1" branch="false" />
              </lines>
            </method>
            <method name="getFreeSlots_DevuelveNueve_AunCuandoHayIdsSinSentidoYHorasMayoresAVeinticuatro" signature="()" line-rate="1" branch-rate="1" complexity="1">
              <lines>
                <line number="221" hits="1" branch="false" />
                <line number="223" hits="1" branch="false" />
                <line number="224" hits="1" branch="false" />
                <line number="225" hits="1" branch="false" />
                <line number="226" hits="1" branch="false" />
                <line number="227" hits="1" branch="false" />
                <line number="228" hits="1" branch="false" />
                <line number="229" hits="1" branch="false" />
                <line number="230" hits="1" branch="false" />
                <line number="232" hits="1" branch="false" />
              </lines>
            </method>
            <method name="insertAppointmentFuncionaCuandoTodoLosParametrosEstanCorrectosYRetornaCero" signature="()" line-rate="1" branch-rate="1" complexity="1">
              <lines>
                <line number="236" hits="1" branch="false" />
                <line number="238" hits="1" branch="false" />
                <line number="240" hits="1" branch="false" />
                <line number="241" hits="1" branch="false" />
                <line number="246" hits="1" branch="false" />
                <line number="247" hits="1" branch="false" />
                <line number="248" hits="1" branch="false" />
                <line number="251" hits="1" branch="false" />
                <line number="252" hits="1" branch="false" />
                <line number="253" hits="1" branch="false" />
                <line number="257" hits="1" branch="false" />
                <line number="258" hits="1" branch="false" />
                <line number="259" hits="1" branch="false" />
                <line number="264" hits="1" branch="false" />
                <line number="265" hits="1" branch="false" />
                <line number="266" hits="1" branch="false" />
                <line number="269" hits="1" branch="false" />
                <line number="270" hits="1" branch="false" />
                <line number="271" hits="1" branch="false" />
                <line number="274" hits="1" branch="false" />
                <line number="275" hits="1" branch="false" />
                <line number="276" hits="1" branch="false" />
                <line number="278" hits="1" branch="false" />
                <line number="280" hits="1" branch="false" />
              </lines>
            </method>
            <method name="CuandoSeInsertaCorrectamenteLaCita_DebeExistirUnMensajeQueNoSeaNulo" signature="()" line-rate="0.291666666666667" branch-rate="1" complexity="1">
              <lines>
                <line number="284" hits="1" branch="false" />
                <line number="286" hits="1" branch="false" />
                <line number="288" hits="1" branch="false" />
                <line number="289" hits="1" branch="false" />
                <line number="294" hits="1" branch="false" />
                <line number="295" hits="1" branch="false" />
                <line number="296" hits="1" branch="false" />
                <line number="299" hits="0" branch="false" />
                <line number="300" hits="0" branch="false" />
                <line number="301" hits="0" branch="false" />
                <line number="305" hits="0" branch="false" />
                <line number="306" hits="0" branch="false" />
                <line number="307" hits="0" branch="false" />
                <line number="312" hits="0" branch="false" />
                <line number="313" hits="0" branch="false" />
                <line number="314" hits="0" branch="false" />
                <line number="317" hits="0" branch="false" />
                <line number="318" hits="0" branch="false" />
                <line number="319" hits="0" branch="false" />
                <line number="322" hits="0" branch="false" />
                <line number="323" hits="0" branch="false" />
                <line number="324" hits="0" branch="false" />
                <line number="326" hits="0" branch="false" />
                <line number="328" hits="0" branch="false" />
              </lines>
            </method>
            <method name="insertAppointmentFallaRetornaMenosUno" signature="()" line-rate="1" branch-rate="1" complexity="1">
              <lines>
                <line number="332" hits="1" branch="false" />
                <line number="334" hits="1" branch="false" />
                <line number="335" hits="1" branch="false" />
                <line number="336" hits="1" branch="false" />
                <line number="337" hits="1" branch="false" />
                <line number="339" hits="1" branch="false" />
              </lines>
            </method>
            <method name="getNotificationsCuandoElPacienteTieneUnaCitaPeroLaNotificacionEstaMarcadaComoVistaRetornaCero" signature="()" line-rate="1" branch-rate="1" complexity="1">
              <lines>
                <line number="343" hits="1" branch="false" />
                <line number="344" hits="1" branch="false" />
                <line number="346" hits="1" branch="false" />
                <line number="347" hits="1" branch="false" />
                <line number="352" hits="1" branch="false" />
                <line number="353" hits="1" branch="false" />
                <line number="354" hits="1" branch="false" />
                <line number="357" hits="1" branch="false" />
                <line number="358" hits="1" branch="false" />
                <line number="359" hits="1" branch="false" />
                <line number="362" hits="1" branch="false" />
                <line number="363" hits="1" branch="false" />
                <line number="364" hits="1" branch="false" />
                <line number="367" hits="1" branch="false" />
                <line number="368" hits="1" branch="false" />
                <line number="369" hits="1" branch="false" />
                <line number="372" hits="1" branch="false" />
                <line number="373" hits="1" branch="false" />
                <line number="374" hits="1" branch="false" />
                <line number="377" hits="1" branch="false" />
                <line number="378" hits="1" branch="false" />
                <line number="379" hits="1" branch="false" />
                <line number="381" hits="1" branch="false" />
                <line number="382" hits="1" branch="false" />
                <line number="383" hits="1" branch="false" />
                <line number="384" hits="1" branch="false" />
                <line number="387" hits="1" branch="false" />
                <line number="388" hits="1" branch="false" />
                <line number="389" hits="1" branch="false" />
                <line number="392" hits="1" branch="false" />
                <line number="393" hits="1" branch="false" />
                <line number="394" hits="1" branch="false" />
                <line number="397" hits="1" branch="false" />
                <line number="398" hits="1" branch="false" />
                <line number="399" hits="1" branch="false" />
                <line number="401" hits="1" branch="false" />
                <line number="405" hits="1" branch="false" />
              </lines>
            </method>
            <method name="getNotificationsCuandoElPacienteTieneUnaCitaEnEstadoTresRetornaTres" signature="()" line-rate="1" branch-rate="1" complexity="1">
              <lines>
                <line number="410" hits="1" branch="false" />
                <line number="411" hits="1" branch="false" />
                <line number="413" hits="1" branch="false" />
                <line number="414" hits="1" branch="false" />
                <line number="419" hits="1" branch="false" />
                <line number="420" hits="1" branch="false" />
                <line number="421" hits="1" branch="false" />
                <line number="424" hits="1" branch="false" />
                <line number="425" hits="1" branch="false" />
                <line number="426" hits="1" branch="false" />
                <line number="429" hits="1" branch="false" />
                <line number="430" hits="1" branch="false" />
                <line number="431" hits="1" branch="false" />
                <line number="434" hits="1" branch="false" />
                <line number="435" hits="1" branch="false" />
                <line number="436" hits="1" branch="false" />
                <line number="439" hits="1" branch="false" />
                <line number="440" hits="1" branch="false" />
                <line number="441" hits="1" branch="false" />
                <line number="444" hits="1" branch="false" />
                <line number="445" hits="1" branch="false" />
                <line number="446" hits="1" branch="false" />
                <line number="448" hits="1" branch="false" />
                <line number="449" hits="1" branch="false" />
                <line number="450" hits="1" branch="false" />
                <line number="451" hits="1" branch="false" />
                <line number="454" hits="1" branch="false" />
                <line number="455" hits="1" branch="false" />
                <line number="456" hits="1" branch="false" />
                <line number="459" hits="1" branch="false" />
                <line number="460" hits="1" branch="false" />
                <line number="461" hits="1" branch="false" />
                <line number="464" hits="1" branch="false" />
                <line number="465" hits="1" branch="false" />
                <line number="466" hits="1" branch="false" />
                <line number="468" hits="1" branch="false" />
                <line number="470" hits="1" branch="false" />
              </lines>
            </method>
            <method name="getNotificationsCuandoElPacienteTieneUnaCitaEnEstadoUnoRetornaUno" signature="()" line-rate="1" branch-rate="1" complexity="1">
              <lines>
                <line number="474" hits="1" branch="false" />
                <line number="476" hits="1" branch="false" />
                <line number="478" hits="1" branch="false" />
                <line number="479" hits="1" branch="false" />
                <line number="484" hits="1" branch="false" />
                <line number="485" hits="1" branch="false" />
                <line number="486" hits="1" branch="false" />
                <line number="489" hits="1" branch="false" />
                <line number="490" hits="1" branch="false" />
                <line number="491" hits="1" branch="false" />
                <line number="494" hits="1" branch="false" />
                <line number="495" hits="1" branch="false" />
                <line number="496" hits="1" branch="false" />
                <line number="499" hits="1" branch="false" />
                <line number="500" hits="1" branch="false" />
                <line number="501" hits="1" branch="false" />
                <line number="504" hits="1" branch="false" />
                <line number="505" hits="1" branch="false" />
                <line number="506" hits="1" branch="false" />
                <line number="509" hits="1" branch="false" />
                <line number="510" hits="1" branch="false" />
                <line number="511" hits="1" branch="false" />
                <line number="513" hits="1" branch="false" />
                <line number="514" hits="1" branch="false" />
                <line number="515" hits="1" branch="false" />
                <line number="516" hits="1" branch="false" />
                <line number="519" hits="1" branch="false" />
                <line number="520" hits="1" branch="false" />
                <line number="521" hits="1" branch="false" />
                <line number="524" hits="1" branch="false" />
                <line number="525" hits="1" branch="false" />
                <line number="526" hits="1" branch="false" />
                <line number="529" hits="1" branch="false" />
                <line number="530" hits="1" branch="false" />
                <line number="531" hits="1" branch="false" />
                <line number="533" hits="1" branch="false" />
                <line number="536" hits="1" branch="false" />
              </lines>
            </method>
            <method name="getNotificationsCuandoNoEncuentraPacienteRetornaCero" signature="()" line-rate="1" branch-rate="1" complexity="1">
              <lines>
                <line number="540" hits="1" branch="false" />
                <line number="541" hits="1" branch="false" />
                <line number="542" hits="1" branch="false" />
                <line number="543" hits="1" branch="false" />
                <line number="544" hits="1" branch="false" />
                <line number="545" hits="1" branch="false" />
                <line number="546" hits="1" branch="false" />
                <line number="549" hits="1" branch="false" />
              </lines>
            </method>
            <method name="isFeedbackPendingCuandoExisteCitaYHayFeedbackPendiente" signature="()" line-rate="1" branch-rate="1" complexity="1">
              <lines>
                <line number="553" hits="1" branch="false" />
                <line number="555" hits="1" branch="false" />
                <line number="557" hits="1" branch="false" />
                <line number="558" hits="1" branch="false" />
                <line number="563" hits="1" branch="false" />
                <line number="564" hits="1" branch="false" />
                <line number="565" hits="1" branch="false" />
                <line number="568" hits="1" branch="false" />
                <line number="569" hits="1" branch="false" />
                <line number="570" hits="1" branch="false" />
                <line number="573" hits="1" branch="false" />
                <line number="574" hits="1" branch="false" />
                <line number="575" hits="1" branch="false" />
                <line number="578" hits="1" branch="false" />
                <line number="579" hits="1" branch="false" />
                <line number="580" hits="1" branch="false" />
                <line number="583" hits="1" branch="false" />
                <line number="584" hits="1" branch="false" />
                <line number="585" hits="1" branch="false" />
                <line number="589" hits="1" branch="false" />
                <line number="590" hits="1" branch="false" />
                <line number="591" hits="1" branch="false" />
                <line number="592" hits="1" branch="false" />
                <line number="593" hits="1" branch="false" />
                <line number="598" hits="1" branch="false" />
                <line number="599" hits="1" branch="false" />
                <line number="600" hits="1" branch="false" />
                <line number="603" hits="1" branch="false" />
                <line number="604" hits="1" branch="false" />
                <line number="605" hits="1" branch="false" />
                <line number="608" hits="1" branch="false" />
                <line number="609" hits="1" branch="false" />
                <line number="610" hits="1" branch="false" />
                <line number="612" hits="1" branch="false" />
                <line number="614" hits="1" branch="false" />
              </lines>
            </method>
            <method name="isFeedbackPendingCuandoExisteCitaPeroNoHayFeedbackPendienteRetornaCero" signature="()" line-rate="1" branch-rate="1" complexity="1">
              <lines>
                <line number="618" hits="1" branch="false" />
                <line number="620" hits="1" branch="false" />
                <line number="622" hits="1" branch="false" />
                <line number="623" hits="1" branch="false" />
                <line number="628" hits="1" branch="false" />
                <line number="629" hits="1" branch="false" />
                <line number="630" hits="1" branch="false" />
                <line number="633" hits="1" branch="false" />
                <line number="634" hits="1" branch="false" />
                <line number="635" hits="1" branch="false" />
                <line number="638" hits="1" branch="false" />
                <line number="639" hits="1" branch="false" />
                <line number="640" hits="1" branch="false" />
                <line number="644" hits="1" branch="false" />
                <line number="645" hits="1" branch="false" />
                <line number="646" hits="1" branch="false" />
                <line number="647" hits="1" branch="false" />
                <line number="648" hits="1" branch="false" />
                <line number="653" hits="1" branch="false" />
                <line number="654" hits="1" branch="false" />
                <line number="655" hits="1" branch="false" />
                <line number="658" hits="1" branch="false" />
                <line number="659" hits="1" branch="false" />
                <line number="660" hits="1" branch="false" />
                <line number="663" hits="1" branch="false" />
                <line number="664" hits="1" branch="false" />
                <line number="665" hits="1" branch="false" />
                <line number="667" hits="1" branch="false" />
                <line number="670" hits="1" branch="false" />
              </lines>
            </method>
            <method name="isFeedbackPendingCuandoNoExisteLaCitaRetornaCero" signature="()" line-rate="1" branch-rate="1" complexity="1">
              <lines>
                <line number="674" hits="1" branch="false" />
                <line number="676" hits="1" branch="false" />
                <line number="677" hits="1" branch="false" />
                <line number="678" hits="1" branch="false" />
                <line number="679" hits="1" branch="false" />
                <line number="680" hits="1" branch="false" />
                <line number="681" hits="1" branch="false" />
                <line number="683" hits="1" branch="false" />
              </lines>
            </method>
            <method name="givePendingFeedbackCuandoLaCitaExisteRetorna0" signature="()" line-rate="1" branch-rate="1" complexity="1">
              <lines>
                <line number="687" hits="1" branch="false" />
                <line number="688" hits="1" branch="false" />
                <line number="689" hits="1" branch="false" />
                <line number="694" hits="1" branch="false" />
                <line number="695" hits="1" branch="false" />
                <line number="696" hits="1" branch="false" />
                <line number="699" hits="1" branch="false" />
                <line number="700" hits="1" branch="false" />
                <line number="701" hits="1" branch="false" />
                <line number="706" hits="1" branch="false" />
                <line number="707" hits="1" branch="false" />
                <line number="708" hits="1" branch="false" />
                <line number="709" hits="1" branch="false" />
                <line number="711" hits="1" branch="false" />
              </lines>
            </method>
            <method name="givePendingFeedbackCuandoLaCitaNoExisteRetorna0" signature="()" line-rate="1" branch-rate="1" complexity="1">
              <lines>
                <line number="715" hits="1" branch="false" />
                <line number="716" hits="1" branch="false" />
                <line number="717" hits="1" branch="false" />
                <line number="718" hits="1" branch="false" />
                <line number="720" hits="1" branch="false" />
              </lines>
            </method>
            <method name="docinfo_DALCuandoElDoctorBuscadoExiste" signature="()" line-rate="1" branch-rate="1" complexity="1">
              <lines>
                <line number="724" hits="1" branch="false" />
                <line number="726" hits="1" branch="false" />
                <line number="727" hits="1" branch="false" />
                <line number="728" hits="1" branch="false" />
                <line number="729" hits="1" branch="false" />
                <line number="730" hits="1" branch="false" />
                <line number="732" hits="1" branch="false" />
              </lines>
            </method>
            <method name="docinfo_DALCuandoElDoctorBuscadoExisteSeTraeLaInformacionCorrecta" signature="()" line-rate="1" branch-rate="1" complexity="1">
              <lines>
                <line number="736" hits="1" branch="false" />
                <line number="738" hits="1" branch="false" />
                <line number="739" hits="1" branch="false" />
                <line number="740" hits="1" branch="false" />
                <line number="741" hits="1" branch="false" />
                <line number="742" hits="1" branch="false" />
                <line number="744" hits="1" branch="false" />
              </lines>
            </method>
[...]
            <line number="66" hits="0" branch="false" />
            <line number="67" hits="0" branch="false" />
            <line number="72" hits="0" branch="false" />
            <line number="73" hits="0" branch="false" />
            <line number="74" hits="0" branch="false" />
          </lines>
        </class>
        <class name="doctor.bill" filename="C:\Users\User\ProyectoQA\Code\DBProject\Doctor\Bill.aspx.cs" line-rate="0" branch-rate="0" complexity="4">
          <methods>
            <method name="Page_Load" signature="(...)" line-rate="0" branch-rate="0" complexity="2">
              <lines>
                <line number="15" hits="0" branch="false" />
                <line number="17" hits="0" branch="false" />
                <line number="18" hits="0" branch="false" />
                <line number="21" hits="0" branch="false" />
                <line number="23" hits="0" branch="false" />
                <line number="25" hits="0" branch="true" condition-coverage="0% (0/2)" />
                <line number="26" hits="0" branch="false" />
                <line number="28" hits="0" branch="false" />
                <line number="29" hits="0" branch="false" />
                <line number="30" hits="0" branch="false" />
                <line number="31" hits="0" branch="false" />
              </lines>
            </method>
            <method name="bill_paid" signature="(...)" line-rate="0" branch-rate="1" complexity="1">
              <lines>
                <line number="35" hits="0" branch="false" />
                <line number="36" hits="0" branch="false" />
                <line number="38" hits="0" branch="false" />
                <line number="39" hits="0" branch="false" />
                <line number="40" hits="0" branch="false" />
                <line number="42" hits="0" branch="false" />
                <line number="43" hits="0" branch="false" />
                <line number="44" hits="0" branch="false" />
              </lines>
            </method>
            <method name="bill_Unpaid" signature="(...)" line-rate="0" branch-rate="1" complexity="1">
              <lines>
                <line number="48" hits="0" branch="false" />
                <line number="49" hits="0" branch="false" />
                <line number="51" hits="0" branch="false" />
                <line number="52" hits="0" branch="false" />
                <line number="53" hits="0" branch="false" />
                <line number="55" hits="0" branch="false" />
                <line number="56" hits="0" branch="false" />
                <line number="57" hits="0" branch="false" />
              </lines>
            </method>
          </methods>
          <lines>
            <line number="15" hits="0" branch="false" />
            <line number="17" hits="0" branch="false" />
            <line number="18" hits="0" branch="false" />
            <line number="21" hits="0" branch="false" />
            <line number="23" hits="0" branch="false" />
            <line number="25" hits="0" branch="true" condition-coverage="0% (0/2)" />
            <line number="26" hits="0" branch="false" />
            <line number="28" hits="0" branch="false" />
            <line number="29" hits="0" branch="false" />
            <line number="30" hits="0" branch="false" />
            <line number="31" hits="0" branch="false" />
            <line number="35" hits="0" branch="false" />
            <line number="36" hits="0" branch="false" />
            <line number="38" hits="0" branch="false" />
            <line number="39" hits="0" branch="false" />
            <line number="40" hits="0" branch="false" />
            <line number="42" hits="0" branch="false" />
            <line number="43" hits="0" branch="false" />
            <line number="44" hits="0" branch="false" />
            <line number="48" hits="0" branch="false" />
            <line number="49" hits="0" branch="false" />
            <line number="51" hits="0" branch="false" />
            <line number="52" hits="0" branch="false" />
            <line number="53" hits="0" branch="false" />
            <line number="55" hits="0" branch="false" />
            <line number="56" hits="0" branch="false" />
            <line number="57" hits="0" branch="false" />
          </lines>
        </class>
        <class name="doctor.doctorhome" filename="C:\Users\User\ProyectoQA\Code\DBProject\Doctor\DoctorHome.aspx.cs" line-rate="0" branch-rate="0" complexity="2">
          <methods>
            <method name="Page_Load" signature="(...)" line-rate="0" branch-rate="0" complexity="2">
              <lines>
                <line number="17" hits="0" branch="false" />
                <line number="18" hits="0" branch="false" />
                <line number="19" hits="0" branch="false" />
                <line number="21" hits="0" branch="false" />
                <line number="23" hits="0" branch="false" />
                <line number="26" hits="0" branch="true" condition-coverage="0% (0/2)" />
                <line number="27" hits="0" branch="false" />
                <line number="28" hits="0" branch="false" />
                <line number="29" hits="0" branch="false" />
                <line number="31" hits="0" branch="false" />
                <line number="32" hits="0" branch="false" />
                <line number="33" hits="0" branch="false" />
                <line number="34" hits="0" branch="false" />
                <line number="35" hits="0" branch="false" />
                <line number="36" hits="0" branch="false" />
                <line number="37" hits="0" branch="false" />
                <line number="38" hits="0" branch="false" />
                <line number="39" hits="0" branch="false" />
                <line number="40" hits="0" branch="false" />
                <line number="41" hits="0" branch="false" />
                <line number="42" hits="0" branch="false" />
                <line number="43" hits="0" branch="false" />
                <line number="44" hits="0" branch="false" />
                <line number="45" hits="0" branch="false" />
                <line number="47" hits="0" branch="false" />
                <line number="48" hits="0" branch="false" />
              </lines>
            </method>
          </methods>
          <lines>
            <line number="17" hits="0" branch="false" />
            <line number="18" hits="0" branch="false" />
            <line number="19" hits="0" branch="false" />
            <line number="21" hits="0" branch="false" />
            <line number="23" hits="0" branch="false" />
            <line number="26" hits="0" branch="true" condition-coverage="0% (0/2)" />
            <line number="27" hits="0" branch="false" />
            <line number="28" hits="0" branch="false" />
            <line number="29" hits="0" branch="false" />
            <line number="31" hits="0" branch="false" />
            <line number="32" hits="0" branch="false" />
            <line number="33" hits="0" branch="false" />
            <line number="34" hits="0" branch="false" />
            <line number="35" hits="0" branch="false" />
            <line number="36" hits="0" branch="false" />
            <line number="37" hits="0" branch="false" />
            <line number="38" hits="0" branch="false" />
            <line number="39" hits="0" branch="false" />
            <line number="40" hits="0" branch="false" />
            <line number="41" hits="0" branch="false" />
            <line number="42" hits="0" branch="false" />
            <line number="43" hits="0" branch="false" />
            <line number="44" hits="0" branch="false" />
            <line number="45" hits="0" branch="false" />
            <line number="47" hits="0" branch="false" />
            <line number="48" hits="0" branch="false" />
          </lines>
        </class>
        <class name="doctor.doctormaster" filename="C:\Users\User\ProyectoQA\Code\DBProject\Doctor\DoctorMaster.Master.cs" line-rate="0" branch-rate="1" complexity="1">
          <methods>
            <method name="Page_Load" signature="(...)" line-rate="0" branch-rate="1" complexity="1">
              <lines>
                <line number="13" hits="0" branch="false" />
                <line number="15" hits="0" branch="false" />
              </lines>
            </method>
          </methods>
          <lines>
            <line number="13" hits="0" branch="false" />
            <line number="15" hits="0" branch="false" />
          </lines>
        </class>
        <class name="doctor.Historyupdate" filename="C:\Users\User\ProyectoQA\Code\DBProject\Doctor\HistoryUpdate.aspx.cs" line-rate="0" branch-rate="0" complexity="4">
          <methods>
            <method name="Page_Load" signature="(...)" line-rate="0" branch-rate="1" complexity="1">
              <lines>
                <line number="15" hits="0" branch="false" />
                <line number="17" hits="0" branch="false" />
              </lines>
            </method>
            <method name="saveindatabase" signature="(...)" line-rate="0" branch-rate="0" complexity="2">
              <lines>
                <line number="20" hits="0" branch="false" />
                <line number="21" hits="0" branch="false" />
                <line number="23" hits="0" branch="false" />
                <line number="24" hits="0" branch="false" />
                <line number="25" hits="0" branch="false" />
                <line number="26" hits="0" branch="false" />
                <line number="28" hits="0" branch="false" />
                <line number="31" hits="0" branch="false" />
                <line number="33" hits="0" branch="true" condition-coverage="0% (0/2)" />
                <line number="34" hits="0" branch="false" />
                <line number="36" hits="0" branch="false" />
                <line number="37" hits="0" branch="false" />
                <line number="38" hits="0" branch="false" />
                <line number="39" hits="0" branch="false" />
              </lines>
            </method>
            <method name="generate_bill" signature="(...)" line-rate="0" branch-rate="1" complexity="1">
              <lines>
                <line number="43" hits="0" branch="false" />
                <line number="44" hits="0" branch="false" />
                <line number="45" hits="0" branch="false" />
              </lines>
            </method>
          </methods>
          <lines>
            <line number="15" hits="0" branch="false" />
            <line number="17" hits="0" branch="false" />
            <line number="20" hits="0" branch="false" />
            <line number="21" hits="0" branch="false" />
            <line number="23" hits="0" branch="false" />
            <line number="24" hits="0" branch="false" />
            <line number="25" hits="0" branch="false" />
            <line number="26" hits="0" branch="false" />
            <line number="28" hits="0" branch="false" />
            <line number="31" hits="0" branch="false" />
            <line number="33" hits="0" branch="true" condition-coverage="0% (0/2)" />
            <line number="34" hits="0" branch="false" />
            <line number="36" hits="0" branch="false" />
            <line number="37" hits="0" branch="false" />
            <line number="38" hits="0" branch="false" />
            <line number="39" hits="0" branch="false" />
            <line number="43" hits="0" branch="false" />
            <line number="44" hits="0" branch="false" />
            <line number="45" hits="0" branch="false" />
          </lines>
        </class>
        <class name="doctor.patienthistory" filename="C:\Users\User\ProyectoQA\Code\DBProject\Doctor\PatientHistory.aspx.cs" line-rate="0" branch-rate="0" complexity="4">
          <methods>
            <method name="Page_Load" signature="(...)" line-rate="0" branch-rate="0" complexity="2">
              <lines>
                <line number="16" hits="0" branch="false" />
                <line number="17" hits="0" branch="false" />
                <line number="18" hits="0" branch="false" />
                <line number="19" hits="0" branch="false" />
                <line number="21" hits="0" branch="false" />
                <line number="23" hits="0" branch="false" />
                <line number="24" hits="0" branch="true" condition-coverage="0% (0/2)" />
                <line number="25" hits="0" branch="false" />
                <line number="27" hits="0" branch="false" />
                <line number="28" hits="0" branch="false" />
                <line number="29" hits="0" branch="false" />
                <line number="30" hits="0" branch="false" />
                <line number="31" hits="0" branch="false" />
              </lines>
            </method>
            <method name="patientsgrid_RowCommand" signature="(...)" line-rate="0" branch-rate="0" complexity="2">
              <lines>
                <line number="35" hits="0" branch="false" />
                <line number="36" hits="0" branch="true" condition-coverage="0% (0/2)" />
                <line number="37" hits="0" branch="false" />
                <line number="39" hits="0" branch="false" />
                <line number="41" hits="0" branch="false" />
                <line number="44" hits="0" branch="false" />
                <line number="46" hits="0" branch="false" />
                <line number="47" hits="0" branch="false" />
                <line number="48" hits="0" branch="false" />
                <line number="49" hits="0" branch="false" />
              </lines>
            </method>
          </methods>
          <lines>
            <line number="16" hits="0" branch="false" />
            <line number="17" hits="0" branch="false" />
            <line number="18" hits="0" branch="false" />
            <line number="19" hits="0" branch="false" />
            <line number="21" hits="0" branch="false" />
            <line number="23" hits="0" branch="false" />
            <line number="24" hits="0" branch="true" condition-coverage="0% (0/2)" />
            <line number="25" hits="0" branch="false" />
            <line number="27" hits="0" branch="false" />
            <line number="28" hits="0" branch="false" />
            <line number="29" hits="0" branch="false" />
            <line number="30" hits="0" branch="false" />
            <line number="31" hits="0" branch="false" />
            <line number="35" hits="0" branch="false" />
            <line number="36" hits="0" branch="true" condition-coverage="0% (0/2)" />
            <line number="37" hits="0" branch="false" />
            <line number="39" hits="0" branch="false" />
            <line number="41" hits="0" branch="false" />
            <line number="44" hits="0" branch="false" />
            <line number="46" hits="0" branch="false" />
            <line number="47" hits="0" branch="false" />
            <line number="48" hits="0" branch="false" />
            <line number="49" hits="0" branch="false" />
          </lines>
        </class>
        <class name="doctor.pendingappointment" filename="C:\Users\User\ProyectoQA\Code\DBProject\Doctor\PendingAppointment.aspx.cs" line-rate="0" branch-rate="0" complexity="6">
          <methods>
            <method name="Page_Load" signature="(...)" line-rate="0" branch-rate="1" complexity="1">
              <lines>
                <line number="16" hits="0" branch="false" />
                <line number="17" hits="0" branch="false" />
                <line number="18" hits="0" branch="false" />
              </lines>
            </method>
            <method name="loadgrid" signature="()" line-rate="0" branch-rate="1" complexity="1">
              <lines>
                <line number="22" hits="0" branch="false" />
                <line number="23" hits="0" branch="false" />
                <line number="25" hits="0" branch="false" />
                <line number="27" hits="0" branch="false" />
                <line number="29" hits="0" branch="false" />
                <line number="31" hits="0" branch="false" />
                <line number="32" hits="0" branch="false" />
                <line number="34" hits="0" branch="false" />
              </lines>
            </method>
            <method name="update_appointment" signature="(...)" line-rate="0" branch-rate="0" complexity="2">
              <lines>
                <line number="42" hits="0" branch="false" />
                <line number="44" hits="0" branch="true" condition-coverage="0% (0/2)" />
                <line number="45" hits="0" branch="false" />
                <line number="48" hits="0" branch="false" />
                <line number="50" hits="0" branch="false" />
                <line number="53" hits="0" branch="false" />
                <line number="56" hits="0" branch="false" />
                <line number="57" hits="0" branch="false" />
                <line number="59" hits="0" branch="false" />
                <line number="60" hits="0" branch="false" />
                <line number="61" hits="0" branch="false" />
                <line number="62" hits="0" branch="false" />
              </lines>
            </method>
            <method name="Delete_appointment" signature="(...)" line-rate="0" branch-rate="0" complexity="2">
              <lines>
                <line number="66" hits="0" branch="false" />
                <line number="69" hits="0" branch="false" />
                <line number="72" hits="0" branch="false" />
                <line number="76" hits="0" branch="false" />
                <line number="78" hits="0" branch="true" condition-coverage="0% (0/2)" />
                <line number="79" hits="0" branch="false" />
                <line number="80" hits="0" branch="false" />
                <line number="81" hits="0" branch="false" />
                <line number="82" hits="0" branch="false" />
              </lines>
            </method>
          </methods>
          <lines>
            <line number="16" hits="0" branch="false" />
            <line number="17" hits="0" branch="false" />
            <line number="18" hits="0" branch="false" />
            <line number="22" hits="0" branch="false" />
            <line number="23" hits="0" branch="false" />
            <line number="25" hits="0" branch="false" />
            <line number="27" hits="0" branch="false" />
            <line number="29" hits="0" branch="false" />
            <line number="31" hits="0" branch="false" />
            <line number="32" hits="0" branch="false" />
            <line number="34" hits="0" branch="false" />
            <line number="42" hits="0" branch="false" />
            <line number="44" hits="0" branch="true" condition-coverage="0% (0/2)" />
            <line number="45" hits="0" branch="false" />
            <line number="48" hits="0" branch="false" />
            <line number="50" hits="0" branch="false" />
            <line number="53" hits="0" branch="false" />
            <line number="56" hits="0" branch="false" />
            <line number="57" hits="0" branch="false" />
            <line number="59" hits="0" branch="false" />
            <line number="60" hits="0" branch="false" />
            <line number="61" hits="0" branch="false" />
            <line number="62" hits="0" branch="false" />
            <line number="66" hits="0" branch="false" />
            <line number="69" hits="0" branch="false" />
            <line number="72" hits="0" branch="false" />
            <line number="76" hits="0" branch="false" />
            <line number="78" hits="0" branch="true" condition-coverage="0% (0/2)" />
            <line number="79" hits="0" branch="false" />
            <line number="80" hits="0" branch="false" />
            <line number="81" hits="0" branch="false" />
            <line number="82" hits="0" branch="false" />
          </lines>
        </class>
      </classes>
    </package>
  </packages>
</coverage>