TpTrace Verbose: 0 : 20516, 1, 2024/10/27, 22:01:56.475, 4813127353125, vstest.console.dll, Version: 17.11.1-release-24455-02 Current process architecture: X64
TpTrace Verbose: 0 : 20516, 1, 2024/10/27, 22:01:56.479, 4813127391840, vstest.console.dll, Runtime location: C:\Program Files\dotnet\shared\Microsoft.NETCore.App\8.0.10
TpTrace Verbose: 0 : 20516, 1, 2024/10/27, 22:01:56.515, 4813127760351, vstest.console.dll, ArtifactProcessingPostProcessModeProcessorExecutor.Initialize: ArtifactProcessingMode.Collect
TpTrace Verbose: 0 : 20516, 1, 2024/10/27, 22:01:56.516, 4813127762506, vstest.console.dll, TestSessionCorrelationIdProcessorModeProcessorExecutor.Initialize: TestSessionCorrelationId '2980_4c0c7515-9f34-4798-89fb-80ba62a0157e'
TpTrace Information: 0 : 20516, 1, 2024/10/27, 22:01:56.542, 4813128030728, vstest.console.dll, FilePatternParser: The given file C:\Users\Josue04\Documents\Semestre_6\QA\proyecto_pruebas\ProyectoQA\Code\ClinicManagement.Tests\bin\Debug\net8.0\fine-code-coverage\build-output\ClinicManagement.Tests.dll is a full path.
TpTrace Verbose: 0 : 20516, 1, 2024/10/27, 22:01:56.918, 4813131790054, vstest.console.dll, TestPluginCache.DiscoverTestExtensions: finding test extensions in assemblies ends with: RuntimeProvider.dll TPluginInfo: Microsoft.VisualStudio.TestPlatform.Common.ExtensionFramework.Utilities.TestRuntimePluginInformation TExtension: Microsoft.VisualStudio.TestPlatform.ObjectModel.Host.ITestRuntimeProvider
TpTrace Verbose: 0 : 20516, 1, 2024/10/27, 22:01:56.978, 4813132385022, vstest.console.dll, TestPluginCache.GetExtensionPaths: Filtered extension paths: 
TpTrace Verbose: 0 : 20516, 1, 2024/10/27, 22:01:56.978, 4813132387168, vstest.console.dll, TestPluginCache.GetExtensionPaths: Added default extension paths: C:\Program Files\dotnet\sdk\8.0.403\Extensions\Microsoft.Diagnostics.NETCore.Client.dll
C:\Program Files\dotnet\sdk\8.0.403\Extensions\Microsoft.TestPlatform.Extensions.BlameDataCollector.dll
C:\Program Files\dotnet\sdk\8.0.403\Extensions\Microsoft.TestPlatform.Extensions.EventLogCollector.dll
C:\Program Files\dotnet\sdk\8.0.403\Extensions\Microsoft.TestPlatform.TestHostRuntimeProvider.dll
C:\Program Files\dotnet\sdk\8.0.403\Extensions\Microsoft.VisualStudio.TestPlatform.Extensions.Html.TestLogger.dll
C:\Program Files\dotnet\sdk\8.0.403\Extensions\Microsoft.VisualStudio.TestPlatform.Extensions.Trx.TestLogger.dll
TpTrace Verbose: 0 : 20516, 1, 2024/10/27, 22:01:56.978, 4813132388290, vstest.console.dll, TestPluginCache.GetExtensionPaths: Added unfilterableExtensionPaths: 
TpTrace Information: 0 : 20516, 1, 2024/10/27, 22:01:56.996, 4813132566998, vstest.console.dll, AssemblyResolver.ctor: Creating AssemblyResolver with searchDirectories C:\Program Files\dotnet\sdk\8.0.403\Extensions,C:\Program Files\dotnet\sdk\8.0.403
TpTrace Verbose: 0 : 20516, 1, 2024/10/27, 22:01:56.998, 4813132584688, vstest.console.dll, TestPluginCache.DiscoverTestExtensions: Discovering the extensions using extension path.
TpTrace Verbose: 0 : 20516, 1, 2024/10/27, 22:01:56.998, 4813132587190, vstest.console.dll, TestPluginCache.GetExtensionPaths: Filtered extension paths: 
TpTrace Verbose: 0 : 20516, 1, 2024/10/27, 22:01:56.998, 4813132587896, vstest.console.dll, TestPluginCache.GetExtensionPaths: Added default extension paths: C:\Program Files\dotnet\sdk\8.0.403\Extensions\Microsoft.Diagnostics.NETCore.Client.dll
C:\Program Files\dotnet\sdk\8.0.403\Extensions\Microsoft.TestPlatform.Extensions.BlameDataCollector.dll
C:\Program Files\dotnet\sdk\8.0.403\Extensions\Microsoft.TestPlatform.Extensions.EventLogCollector.dll
C:\Program Files\dotnet\sdk\8.0.403\Extensions\Microsoft.TestPlatform.TestHostRuntimeProvider.dll
C:\Program Files\dotnet\sdk\8.0.403\Extensions\Microsoft.VisualStudio.TestPlatform.Extensions.Html.TestLogger.dll
C:\Program Files\dotnet\sdk\8.0.403\Extensions\Microsoft.VisualStudio.TestPlatform.Extensions.Trx.TestLogger.dll
TpTrace Verbose: 0 : 20516, 1, 2024/10/27, 22:01:56.998, 4813132588508, vstest.console.dll, TestPluginCache.GetExtensionPaths: Added unfilterableExtensionPaths: 
TpTrace Verbose: 0 : 20516, 1, 2024/10/27, 22:01:56.998, 4813132590113, vstest.console.dll, TestPluginCache.DiscoverTestExtensions: Discovering the extensions using allExtensionPaths: C:\Program Files\dotnet\sdk\8.0.403\Extensions\Microsoft.Diagnostics.NETCore.Client.dll
C:\Program Files\dotnet\sdk\8.0.403\Extensions\Microsoft.TestPlatform.Extensions.BlameDataCollector.dll
C:\Program Files\dotnet\sdk\8.0.403\Extensions\Microsoft.TestPlatform.Extensions.EventLogCollector.dll
C:\Program Files\dotnet\sdk\8.0.403\Extensions\Microsoft.TestPlatform.TestHostRuntimeProvider.dll
C:\Program Files\dotnet\sdk\8.0.403\Extensions\Microsoft.VisualStudio.TestPlatform.Extensions.Html.TestLogger.dll
C:\Program Files\dotnet\sdk\8.0.403\Extensions\Microsoft.VisualStudio.TestPlatform.Extensions.Trx.TestLogger.dll
TpTrace Information: 0 : 20516, 1, 2024/10/27, 22:01:56.999, 4813132591741, vstest.console.dll, AssemblyResolver.AddSearchDirectories: Adding more searchDirectories C:\Program Files\dotnet\sdk\8.0.403\Extensions,C:\Program Files\dotnet\sdk\8.0.403
TpTrace Information: 0 : 20516, 1, 2024/10/27, 22:01:56.999, 4813132592714, vstest.console.dll, AssemblyResolver.AddSearchDirectories: Adding more searchDirectories C:\Program Files\dotnet\sdk\8.0.403\Extensions,C:\Program Files\dotnet\sdk\8.0.403
TpTrace Information: 0 : 20516, 1, 2024/10/27, 22:01:56.999, 4813132593270, vstest.console.dll, AssemblyResolver.AddSearchDirectories: Adding more searchDirectories C:\Program Files\dotnet\sdk\8.0.403\Extensions,C:\Program Files\dotnet\sdk\8.0.403
TpTrace Information: 0 : 20516, 1, 2024/10/27, 22:01:56.999, 4813132593925, vstest.console.dll, AssemblyResolver.AddSearchDirectories: Adding more searchDirectories C:\Program Files\dotnet\sdk\8.0.403\Extensions,C:\Program Files\dotnet\sdk\8.0.403
TpTrace Information: 0 : 20516, 1, 2024/10/27, 22:01:56.999, 4813132594425, vstest.console.dll, AssemblyResolver.AddSearchDirectories: Adding more searchDirectories C:\Program Files\dotnet\sdk\8.0.403\Extensions,C:\Program Files\dotnet\sdk\8.0.403
TpTrace Information: 0 : 20516, 1, 2024/10/27, 22:01:56.999, 4813132595094, vstest.console.dll, AssemblyResolver.AddSearchDirectories: Adding more searchDirectories C:\Program Files\dotnet\sdk\8.0.403\Extensions,C:\Program Files\dotnet\sdk\8.0.403
TpTrace Information: 0 : 20516, 1, 2024/10/27, 22:01:56.999, 4813132600001, vstest.console.dll, AssemblyResolver.OnResolve: Microsoft.Diagnostics.NETCore.Client: Resolving assembly.
TpTrace Information: 0 : 20516, 1, 2024/10/27, 22:01:57.000, 4813132601161, vstest.console.dll, AssemblyResolver.OnResolve: Microsoft.Diagnostics.NETCore.Client: Searching in: 'C:\Program Files\dotnet\sdk\8.0.403\Extensions'.
TpTrace Information: 0 : 20516, 1, 2024/10/27, 22:01:57.120, 4813133807778, vstest.console.dll, AssemblyResolver.OnResolve: Microsoft.Diagnostics.NETCore.Client: Loading assembly 'C:\Program Files\dotnet\sdk\8.0.403\Extensions\Microsoft.Diagnostics.NETCore.Client.dll'.
TpTrace Information: 0 : 20516, 1, 2024/10/27, 22:01:57.199, 4813134595690, vstest.console.dll, AssemblyResolver.OnResolve: Resolved assembly: Microsoft.Diagnostics.NETCore.Client, from path: C:\Program Files\dotnet\sdk\8.0.403\Extensions\Microsoft.Diagnostics.NETCore.Client.dll
TpTrace Verbose: 0 : 20516, 1, 2024/10/27, 22:01:57.206, 4813134670609, vstest.console.dll, MetadataReaderExtensionsHelper: Discovering extensions inside assembly 'Microsoft.Diagnostics.NETCore.Client, Version=0.2.10.30701, Culture=neutral, PublicKeyToken=31bf3856ad364e35' file path 'C:\Program Files\dotnet\sdk\8.0.403\Extensions\Microsoft.Diagnostics.NETCore.Client.dll'
TpTrace Information: 0 : 20516, 1, 2024/10/27, 22:01:57.247, 4813135072385, vstest.console.dll, AssemblyResolver.OnResolve: Microsoft.Bcl.AsyncInterfaces: Resolving assembly.
TpTrace Information: 0 : 20516, 1, 2024/10/27, 22:01:57.247, 4813135074020, vstest.console.dll, AssemblyResolver.OnResolve: Microsoft.Bcl.AsyncInterfaces: Searching in: 'C:\Program Files\dotnet\sdk\8.0.403\Extensions'.
TpTrace Information: 0 : 20516, 1, 2024/10/27, 22:01:57.247, 4813135075748, vstest.console.dll, AssemblyResolver.OnResolve: Microsoft.Bcl.AsyncInterfaces: Assembly path does not exist: 'C:\Program Files\dotnet\sdk\8.0.403\Extensions\Microsoft.Bcl.AsyncInterfaces.dll', returning.
TpTrace Information: 0 : 20516, 1, 2024/10/27, 22:01:57.247, 4813135077655, vstest.console.dll, AssemblyResolver.OnResolve: Microsoft.Bcl.AsyncInterfaces: Assembly path does not exist: 'C:\Program Files\dotnet\sdk\8.0.403\Extensions\Microsoft.Bcl.AsyncInterfaces.exe', returning.
TpTrace Information: 0 : 20516, 1, 2024/10/27, 22:01:57.247, 4813135078337, vstest.console.dll, AssemblyResolver.OnResolve: Microsoft.Bcl.AsyncInterfaces: Searching in: 'C:\Program Files\dotnet\sdk\8.0.403'.
TpTrace Information: 0 : 20516, 1, 2024/10/27, 22:01:57.247, 4813135079457, vstest.console.dll, AssemblyResolver.OnResolve: Microsoft.Bcl.AsyncInterfaces: Assembly path does not exist: 'C:\Program Files\dotnet\sdk\8.0.403\Microsoft.Bcl.AsyncInterfaces.dll', returning.
TpTrace Information: 0 : 20516, 1, 2024/10/27, 22:01:57.247, 4813135080798, vstest.console.dll, AssemblyResolver.OnResolve: Microsoft.Bcl.AsyncInterfaces: Assembly path does not exist: 'C:\Program Files\dotnet\sdk\8.0.403\Microsoft.Bcl.AsyncInterfaces.exe', returning.
TpTrace Information: 0 : 20516, 1, 2024/10/27, 22:01:57.248, 4813135081349, vstest.console.dll, AssemblyResolver.OnResolve: Microsoft.Bcl.AsyncInterfaces: Failed to load assembly.
TpTrace Verbose: 0 : 20516, 1, 2024/10/27, 22:01:57.248, 4813135081967, vstest.console.dll, CurrentDomainAssemblyResolve: Resolving assembly 'Microsoft.Bcl.AsyncInterfaces'.
TpTrace Information: 0 : 20516, 1, 2024/10/27, 22:01:57.248, 4813135083224, vstest.console.dll, AssemblyResolver.OnResolve: Microsoft.Bcl.AsyncInterfaces: Resolving assembly.
TpTrace Information: 0 : 20516, 1, 2024/10/27, 22:01:57.248, 4813135083829, vstest.console.dll, AssemblyResolver.OnResolve: Microsoft.Bcl.AsyncInterfaces: Resolved from cache.
TpTrace Verbose: 0 : 20516, 1, 2024/10/27, 22:01:57.248, 4813135084336, vstest.console.dll, CurrentDomainAssemblyResolve: Resolving assembly 'Microsoft.Bcl.AsyncInterfaces'.
TpTrace Verbose: 0 : 20516, 1, 2024/10/27, 22:01:57.248, 4813135084876, vstest.console.dll, CurrentDomainAssemblyResolve: Failed to resolve assembly 'Microsoft.Bcl.AsyncInterfaces'.
TpTrace Verbose: 0 : 20516, 1, 2024/10/27, 22:01:57.334, 4813135950122, vstest.console.dll, CurrentDomainAssemblyResolve: Failed to resolve assembly 'Microsoft.Bcl.AsyncInterfaces'.
TpTrace Warning: 0 : 20516, 1, 2024/10/27, 22:01:57.496, 4813137561437, vstest.console.dll, TestPluginDiscoverer: Failed to get types from assembly 'Microsoft.Diagnostics.NETCore.Client, Version=0.2.10.30701, Culture=neutral, PublicKeyToken=31bf3856ad364e35'. Error: System.Reflection.ReflectionTypeLoadException: Unable to load one or more of the requested types.
Could not load file or assembly 'Microsoft.Bcl.AsyncInterfaces, Version=6.0.0.0, Culture=neutral, PublicKeyToken=cc7b13ffcd2ddd51'. El sistema no puede encontrar el archivo especificado.
   at System.Reflection.RuntimeModule.GetTypes(RuntimeModule module)
   at System.Reflection.RuntimeModule.GetTypes()
   at Microsoft.VisualStudio.TestPlatform.Common.ExtensionFramework.TestPluginDiscoverer.GetTestExtensionsFromAssembly[TPluginInfo,TExtension](Assembly assembly, Dictionary`2 pluginInfos, String filePath) in /_/src/Microsoft.TestPlatform.Common/ExtensionFramework/TestPluginDiscoverer.cs:line 158
System.IO.FileNotFoundException: Could not load file or assembly 'Microsoft.Bcl.AsyncInterfaces, Version=6.0.0.0, Culture=neutral, PublicKeyToken=cc7b13ffcd2ddd51'. El sistema no puede encontrar el archivo especificado.
File name: 'Microsoft.Bcl.AsyncInterfaces, Version=6.0.0.0, Culture=neutral, PublicKeyToken=cc7b13ffcd2ddd51'
 ---> System.IO.FileNotFoundException: Could not load file or assembly 'Microsoft.Bcl.AsyncInterfaces, Culture=neutral, PublicKeyToken=null'. El sistema no puede encontrar el archivo especificado.
File name: 'Microsoft.Bcl.AsyncInterfaces, Culture=neutral, PublicKeyToken=null'
   at System.Reflection.RuntimeAssembly.InternalLoad(AssemblyName assemblyName, StackCrawlMark& stackMark, AssemblyLoadContext assemblyLoadContext, RuntimeAssembly requestingAssembly, Boolean throwOnFileNotFound)
   at System.Reflection.Assembly.Load(AssemblyName assemblyRef)
   at Microsoft.VisualStudio.TestPlatform.Common.ExtensionFramework.TestPluginCache.CurrentDomainAssemblyResolve(Object sender, AssemblyResolveEventArgs args) in /_/src/Microsoft.TestPlatform.Common/ExtensionFramework/TestPluginCache.cs:line 513
   at System.Runtime.Loader.AssemblyLoadContext.GetFirstResolvedAssemblyFromResolvingEvent(AssemblyName assemblyName)
   at System.Runtime.Loader.AssemblyLoadContext.ResolveUsingEvent(AssemblyName assemblyName)
   at System.Runtime.Loader.AssemblyLoadContext.ResolveUsingResolvingEvent(IntPtr gchManagedAssemblyLoadContext, AssemblyName assemblyName)
TpTrace Warning: 0 : 20516, 1, 2024/10/27, 22:01:57.496, 4813137567591, vstest.console.dll, LoaderExceptions: System.IO.FileNotFoundException: Could not load file or assembly 'Microsoft.Bcl.AsyncInterfaces, Version=6.0.0.0, Culture=neutral, PublicKeyToken=cc7b13ffcd2ddd51'. El sistema no puede encontrar el archivo especificado.
File name: 'Microsoft.Bcl.AsyncInterfaces, Version=6.0.0.0, Culture=neutral, PublicKeyToken=cc7b13ffcd2ddd51'
 ---> System.IO.FileNotFoundException: Could not load file or assembly 'Microsoft.Bcl.AsyncInterfaces, Culture=neutral, PublicKeyToken=null'. El sistema no puede encontrar el archivo especificado.
File name: 'Microsoft.Bcl.AsyncInterfaces, Culture=neutral, PublicKeyToken=null'
   at System.Reflection.RuntimeAssembly.InternalLoad(AssemblyName assemblyName, StackCrawlMark& stackMark, AssemblyLoadContext assemblyLoadContext, RuntimeAssembly requestingAssembly, Boolean throwOnFileNotFound)
   at System.Reflection.Assembly.Load(AssemblyName assemblyRef)
   at Microsoft.VisualStudio.TestPlatform.Common.ExtensionFramework.TestPluginCache.CurrentDomainAssemblyResolve(Object sender, AssemblyResolveEventArgs args) in /_/src/Microsoft.TestPlatform.Common/ExtensionFramework/TestPluginCache.cs:line 513
   at System.Runtime.Loader.AssemblyLoadContext.GetFirstResolvedAssemblyFromResolvingEvent(AssemblyName assemblyName)
   at System.Runtime.Loader.AssemblyLoadContext.ResolveUsingEvent(AssemblyName assemblyName)
   at System.Runtime.Loader.AssemblyLoadContext.ResolveUsingResolvingEvent(IntPtr gchManagedAssemblyLoadContext, AssemblyName assemblyName)
TpTrace Information: 0 : 20516, 1, 2024/10/27, 22:01:57.496, 4813137570039, vstest.console.dll, AssemblyResolver.OnResolve: Microsoft.TestPlatform.Extensions.BlameDataCollector: Resolving assembly.
TpTrace Information: 0 : 20516, 1, 2024/10/27, 22:01:57.496, 4813137570996, vstest.console.dll, AssemblyResolver.OnResolve: Microsoft.TestPlatform.Extensions.BlameDataCollector: Searching in: 'C:\Program Files\dotnet\sdk\8.0.403\Extensions'.
TpTrace Information: 0 : 20516, 1, 2024/10/27, 22:01:57.605, 4813138651978, vstest.console.dll, AssemblyResolver.OnResolve: Microsoft.TestPlatform.Extensions.BlameDataCollector: Loading assembly 'C:\Program Files\dotnet\sdk\8.0.403\Extensions\Microsoft.TestPlatform.Extensions.BlameDataCollector.dll'.
TpTrace Information: 0 : 20516, 1, 2024/10/27, 22:01:57.617, 4813138778167, vstest.console.dll, AssemblyResolver.OnResolve: Resolved assembly: Microsoft.TestPlatform.Extensions.BlameDataCollector, from path: C:\Program Files\dotnet\sdk\8.0.403\Extensions\Microsoft.TestPlatform.Extensions.BlameDataCollector.dll
TpTrace Verbose: 0 : 20516, 1, 2024/10/27, 22:01:57.617, 4813138780673, vstest.console.dll, MetadataReaderExtensionsHelper: Discovering extensions inside assembly 'Microsoft.TestPlatform.Extensions.BlameDataCollector, Version=15.0.0.0, Culture=neutral, PublicKeyToken=b03f5f7f11d50a3a' file path 'C:\Program Files\dotnet\sdk\8.0.403\Extensions\Microsoft.TestPlatform.Extensions.BlameDataCollector.dll'
TpTrace Information: 0 : 20516, 1, 2024/10/27, 22:01:57.630, 4813138905866, vstest.console.dll, AssemblyResolver.OnResolve: Microsoft.TestPlatform.Extensions.EventLogCollector: Resolving assembly.
TpTrace Information: 0 : 20516, 1, 2024/10/27, 22:01:57.630, 4813138909677, vstest.console.dll, AssemblyResolver.OnResolve: Microsoft.TestPlatform.Extensions.EventLogCollector: Searching in: 'C:\Program Files\dotnet\sdk\8.0.403\Extensions'.
TpTrace Information: 0 : 20516, 1, 2024/10/27, 22:01:57.709, 4813139697700, vstest.console.dll, AssemblyResolver.OnResolve: Microsoft.TestPlatform.Extensions.EventLogCollector: Loading assembly 'C:\Program Files\dotnet\sdk\8.0.403\Extensions\Microsoft.TestPlatform.Extensions.EventLogCollector.dll'.
TpTrace Information: 0 : 20516, 1, 2024/10/27, 22:01:57.745, 4813140059484, vstest.console.dll, AssemblyResolver.OnResolve: Resolved assembly: Microsoft.TestPlatform.Extensions.EventLogCollector, from path: C:\Program Files\dotnet\sdk\8.0.403\Extensions\Microsoft.TestPlatform.Extensions.EventLogCollector.dll
TpTrace Verbose: 0 : 20516, 1, 2024/10/27, 22:01:57.746, 4813140061108, vstest.console.dll, MetadataReaderExtensionsHelper: Discovering extensions inside assembly 'Microsoft.TestPlatform.Extensions.EventLogCollector, Version=15.0.0.0, Culture=neutral, PublicKeyToken=b03f5f7f11d50a3a' file path 'C:\Program Files\dotnet\sdk\8.0.403\Extensions\Microsoft.TestPlatform.Extensions.EventLogCollector.dll'
TpTrace Information: 0 : 20516, 1, 2024/10/27, 22:01:57.787, 4813140478413, vstest.console.dll, AssemblyResolver.OnResolve: Microsoft.TestPlatform.TestHostRuntimeProvider: Resolving assembly.
TpTrace Information: 0 : 20516, 1, 2024/10/27, 22:01:57.787, 4813140479983, vstest.console.dll, AssemblyResolver.OnResolve: Microsoft.TestPlatform.TestHostRuntimeProvider: Searching in: 'C:\Program Files\dotnet\sdk\8.0.403\Extensions'.
TpTrace Information: 0 : 20516, 1, 2024/10/27, 22:01:57.835, 4813140957059, vstest.console.dll, AssemblyResolver.OnResolve: Microsoft.TestPlatform.TestHostRuntimeProvider: Loading assembly 'C:\Program Files\dotnet\sdk\8.0.403\Extensions\Microsoft.TestPlatform.TestHostRuntimeProvider.dll'.
TpTrace Information: 0 : 20516, 1, 2024/10/27, 22:01:57.869, 4813141291477, vstest.console.dll, AssemblyResolver.OnResolve: Resolved assembly: Microsoft.TestPlatform.TestHostRuntimeProvider, from path: C:\Program Files\dotnet\sdk\8.0.403\Extensions\Microsoft.TestPlatform.TestHostRuntimeProvider.dll
TpTrace Verbose: 0 : 20516, 1, 2024/10/27, 22:01:57.869, 4813141293451, vstest.console.dll, MetadataReaderExtensionsHelper: Discovering extensions inside assembly 'Microsoft.TestPlatform.TestHostRuntimeProvider, Version=15.0.0.0, Culture=neutral, PublicKeyToken=b03f5f7f11d50a3a' file path 'C:\Program Files\dotnet\sdk\8.0.403\Extensions\Microsoft.TestPlatform.TestHostRuntimeProvider.dll'
TpTrace Information: 0 : 20516, 1, 2024/10/27, 22:01:57.917, 4813141776970, vstest.console.dll, GetTestExtensionFromType: Register extension with identifier data 'HostProvider://DefaultTestHost' and type 'Microsoft.VisualStudio.TestPlatform.CrossPlatEngine.Hosting.DefaultTestHostManager, Microsoft.TestPlatform.TestHostRuntimeProvider, Version=15.0.0.0, Culture=neutral, PublicKeyToken=b03f5f7f11d50a3a' inside file 'C:\Program Files\dotnet\sdk\8.0.403\Extensions\Microsoft.TestPlatform.TestHostRuntimeProvider.dll'
TpTrace Information: 0 : 20516, 1, 2024/10/27, 22:01:57.918, 4813141783865, vstest.console.dll, GetTestExtensionFromType: Register extension with identifier data 'HostProvider://DotnetTestHost' and type 'Microsoft.VisualStudio.TestPlatform.CrossPlatEngine.Hosting.DotnetTestHostManager, Microsoft.TestPlatform.TestHostRuntimeProvider, Version=15.0.0.0, Culture=neutral, PublicKeyToken=b03f5f7f11d50a3a' inside file 'C:\Program Files\dotnet\sdk\8.0.403\Extensions\Microsoft.TestPlatform.TestHostRuntimeProvider.dll'
TpTrace Information: 0 : 20516, 1, 2024/10/27, 22:01:57.918, 4813141785999, vstest.console.dll, AssemblyResolver.OnResolve: Microsoft.VisualStudio.TestPlatform.Extensions.Html.TestLogger: Resolving assembly.
TpTrace Information: 0 : 20516, 1, 2024/10/27, 22:01:57.918, 4813141787063, vstest.console.dll, AssemblyResolver.OnResolve: Microsoft.VisualStudio.TestPlatform.Extensions.Html.TestLogger: Searching in: 'C:\Program Files\dotnet\sdk\8.0.403\Extensions'.
TpTrace Information: 0 : 20516, 1, 2024/10/27, 22:01:57.982, 4813142429444, vstest.console.dll, AssemblyResolver.OnResolve: Microsoft.VisualStudio.TestPlatform.Extensions.Html.TestLogger: Loading assembly 'C:\Program Files\dotnet\sdk\8.0.403\Extensions\Microsoft.VisualStudio.TestPlatform.Extensions.Html.TestLogger.dll'.
TpTrace Information: 0 : 20516, 1, 2024/10/27, 22:01:57.984, 4813142444191, vstest.console.dll, AssemblyResolver.OnResolve: Resolved assembly: Microsoft.VisualStudio.TestPlatform.Extensions.Html.TestLogger, from path: C:\Program Files\dotnet\sdk\8.0.403\Extensions\Microsoft.VisualStudio.TestPlatform.Extensions.Html.TestLogger.dll
TpTrace Verbose: 0 : 20516, 1, 2024/10/27, 22:01:57.984, 4813142445787, vstest.console.dll, MetadataReaderExtensionsHelper: Discovering extensions inside assembly 'Microsoft.VisualStudio.TestPlatform.Extensions.Html.TestLogger, Version=15.0.0.0, Culture=neutral, PublicKeyToken=b03f5f7f11d50a3a' file path 'C:\Program Files\dotnet\sdk\8.0.403\Extensions\Microsoft.VisualStudio.TestPlatform.Extensions.Html.TestLogger.dll'
TpTrace Information: 0 : 20516, 1, 2024/10/27, 22:01:57.986, 4813142468076, vstest.console.dll, AssemblyResolver.OnResolve: Microsoft.VisualStudio.TestPlatform.Extensions.Trx.TestLogger: Resolving assembly.
TpTrace Information: 0 : 20516, 1, 2024/10/27, 22:01:57.986, 4813142469897, vstest.console.dll, AssemblyResolver.OnResolve: Microsoft.VisualStudio.TestPlatform.Extensions.Trx.TestLogger: Searching in: 'C:\Program Files\dotnet\sdk\8.0.403\Extensions'.
TpTrace Information: 0 : 20516, 1, 2024/10/27, 22:01:58.075, 4813143356071, vstest.console.dll, AssemblyResolver.OnResolve: Microsoft.VisualStudio.TestPlatform.Extensions.Trx.TestLogger: Loading assembly 'C:\Program Files\dotnet\sdk\8.0.403\Extensions\Microsoft.VisualStudio.TestPlatform.Extensions.Trx.TestLogger.dll'.
TpTrace Information: 0 : 20516, 1, 2024/10/27, 22:01:58.185, 4813144452044, vstest.console.dll, AssemblyResolver.OnResolve: Resolved assembly: Microsoft.VisualStudio.TestPlatform.Extensions.Trx.TestLogger, from path: C:\Program Files\dotnet\sdk\8.0.403\Extensions\Microsoft.VisualStudio.TestPlatform.Extensions.Trx.TestLogger.dll
TpTrace Verbose: 0 : 20516, 1, 2024/10/27, 22:01:58.185, 4813144454227, vstest.console.dll, MetadataReaderExtensionsHelper: Discovering extensions inside assembly 'Microsoft.VisualStudio.TestPlatform.Extensions.Trx.TestLogger, Version=15.0.0.0, Culture=neutral, PublicKeyToken=b03f5f7f11d50a3a' file path 'C:\Program Files\dotnet\sdk\8.0.403\Extensions\Microsoft.VisualStudio.TestPlatform.Extensions.Trx.TestLogger.dll'
TpTrace Verbose: 0 : 20516, 1, 2024/10/27, 22:01:58.231, 4813144914579, vstest.console.dll, TestPluginCache: Discovered the extensions using extension path ''.
TpTrace Verbose: 0 : 20516, 1, 2024/10/27, 22:01:58.231, 4813144916822, vstest.console.dll, TestPluginCache: Discoverers are ''.
TpTrace Verbose: 0 : 20516, 1, 2024/10/27, 22:01:58.231, 4813144917443, vstest.console.dll, TestPluginCache: Executors are ''.
TpTrace Verbose: 0 : 20516, 1, 2024/10/27, 22:01:58.231, 4813144917939, vstest.console.dll, TestPluginCache: Executors2 are ''.
TpTrace Verbose: 0 : 20516, 1, 2024/10/27, 22:01:58.231, 4813144918307, vstest.console.dll, TestPluginCache: Setting providers are ''.
TpTrace Verbose: 0 : 20516, 1, 2024/10/27, 22:01:58.231, 4813144918700, vstest.console.dll, TestPluginCache: Loggers are ''.
TpTrace Verbose: 0 : 20516, 1, 2024/10/27, 22:01:58.232, 4813144921497, vstest.console.dll, TestPluginCache: TestHosts are 'HostProvider://DefaultTestHost,HostProvider://DotnetTestHost'.
TpTrace Verbose: 0 : 20516, 1, 2024/10/27, 22:01:58.232, 4813144922113, vstest.console.dll, TestPluginCache: DataCollectors are ''.
TpTrace Information: 0 : 20516, 1, 2024/10/27, 22:01:58.681, 4813149414932, vstest.console.dll, RunTestsArgumentProcessor:Execute: Test run is starting.
TpTrace Verbose: 0 : 20516, 1, 2024/10/27, 22:01:58.681, 4813149416348, vstest.console.dll, RunTestsArgumentProcessor:Execute: Queuing Test run.
TpTrace Information: 0 : 20516, 1, 2024/10/27, 22:01:58.681, 4813149420829, vstest.console.dll, TestRequestManager.RunTests: run tests started.
TpTrace Information: 0 : 20516, 1, 2024/10/27, 22:01:58.683, 4813149436460, vstest.console.dll, AssemblyMetadataProvider.GetFrameworkName: Determined framework:'.NETCoreApp,Version=v8.0' for source: 'C:\Users\Josue04\Documents\Semestre_6\QA\proyecto_pruebas\ProyectoQA\Code\ClinicManagement.Tests\bin\Debug\net8.0\fine-code-coverage\build-output\ClinicManagement.Tests.dll'
TpTrace Information: 0 : 20516, 1, 2024/10/27, 22:01:58.683, 4813149439154, vstest.console.dll, Determined framework for all sources: .NETCoreApp,Version=v8.0
TpTrace Verbose: 0 : 20516, 1, 2024/10/27, 22:01:58.809, 4813150700745, vstest.console.dll, TestRequestManager.UpdateRunSettingsIfRequired: Default architecture: X64 IsDefaultTargetArchitecture: True, Current process architecture: X64 OperatingSystem: Windows.
TpTrace Information: 0 : 20516, 1, 2024/10/27, 22:01:58.812, 4813150725723, vstest.console.dll, AssemblyMetadataProvider.GetArchitecture: Determined architecture:AnyCPU info for assembly: C:\Users\Josue04\Documents\Semestre_6\QA\proyecto_pruebas\ProyectoQA\Code\ClinicManagement.Tests\bin\Debug\net8.0\fine-code-coverage\build-output\ClinicManagement.Tests.dll
TpTrace Information: 0 : 20516, 1, 2024/10/27, 22:01:58.812, 4813150726887, vstest.console.dll, Determined platform for source 'C:\Users\Josue04\Documents\Semestre_6\QA\proyecto_pruebas\ProyectoQA\Code\ClinicManagement.Tests\bin\Debug\net8.0\fine-code-coverage\build-output\ClinicManagement.Tests.dll' was AnyCPU and it will use the default plaform X64.
TpTrace Information: 0 : 20516, 1, 2024/10/27, 22:01:58.812, 4813150727350, vstest.console.dll, None of the sources provided any runnable platform, using the default platform: X64
TpTrace Information: 0 : 20516, 1, 2024/10/27, 22:01:58.812, 4813150729024, vstest.console.dll, Platform was updated to 'X64'.
TpTrace Information: 0 : 20516, 1, 2024/10/27, 22:01:58.817, 4813150773373, vstest.console.dll, InferRunSettingsHelper.IsTestSettingsEnabled: Unable to navigate to RunSettings/MSTest. Current node: RunSettings
TpTrace Information: 0 : 20516, 1, 2024/10/27, 22:01:58.818, 4813150783314, vstest.console.dll, AssemblyResolver.OnResolve: Microsoft.VisualStudio.TestPlatform.Fakes: Resolving assembly.
TpTrace Information: 0 : 20516, 1, 2024/10/27, 22:01:58.818, 4813150784464, vstest.console.dll, AssemblyResolver.OnResolve: Microsoft.VisualStudio.TestPlatform.Fakes: Searching in: 'C:\Program Files\dotnet\sdk\8.0.403\Extensions'.
TpTrace Information: 0 : 20516, 1, 2024/10/27, 22:01:58.818, 4813150786460, vstest.console.dll, AssemblyResolver.OnResolve: Microsoft.VisualStudio.TestPlatform.Fakes: Assembly path does not exist: 'C:\Program Files\dotnet\sdk\8.0.403\Extensions\Microsoft.VisualStudio.TestPlatform.Fakes.dll', returning.
TpTrace Information: 0 : 20516, 1, 2024/10/27, 22:01:58.818, 4813150787767, vstest.console.dll, AssemblyResolver.OnResolve: Microsoft.VisualStudio.TestPlatform.Fakes: Assembly path does not exist: 'C:\Program Files\dotnet\sdk\8.0.403\Extensions\Microsoft.VisualStudio.TestPlatform.Fakes.exe', returning.
TpTrace Information: 0 : 20516, 1, 2024/10/27, 22:01:58.818, 4813150788286, vstest.console.dll, AssemblyResolver.OnResolve: Microsoft.VisualStudio.TestPlatform.Fakes: Searching in: 'C:\Program Files\dotnet\sdk\8.0.403'.
TpTrace Information: 0 : 20516, 1, 2024/10/27, 22:01:58.818, 4813150789346, vstest.console.dll, AssemblyResolver.OnResolve: Microsoft.VisualStudio.TestPlatform.Fakes: Assembly path does not exist: 'C:\Program Files\dotnet\sdk\8.0.403\Microsoft.VisualStudio.TestPlatform.Fakes.dll', returning.
TpTrace Information: 0 : 20516, 1, 2024/10/27, 22:01:58.818, 4813150790608, vstest.console.dll, AssemblyResolver.OnResolve: Microsoft.VisualStudio.TestPlatform.Fakes: Assembly path does not exist: 'C:\Program Files\dotnet\sdk\8.0.403\Microsoft.VisualStudio.TestPlatform.Fakes.exe', returning.
TpTrace Information: 0 : 20516, 1, 2024/10/27, 22:01:58.819, 4813150791114, vstest.console.dll, AssemblyResolver.OnResolve: Microsoft.VisualStudio.TestPlatform.Fakes: Failed to load assembly.
TpTrace Information: 0 : 20516, 1, 2024/10/27, 22:01:58.819, 4813150794730, vstest.console.dll, Failed to load assembly Microsoft.VisualStudio.TestPlatform.Fakes, Version=17.0.0.0, Culture=neutral. Reason:System.IO.FileNotFoundException: Could not load file or assembly 'Microsoft.VisualStudio.TestPlatform.Fakes, Version=17.0.0.0, Culture=neutral, PublicKeyToken=null'. El sistema no puede encontrar el archivo especificado.
File name: 'Microsoft.VisualStudio.TestPlatform.Fakes, Version=17.0.0.0, Culture=neutral, PublicKeyToken=null'
   at System.Reflection.RuntimeAssembly.InternalLoad(AssemblyName assemblyName, StackCrawlMark& stackMark, AssemblyLoadContext assemblyLoadContext, RuntimeAssembly requestingAssembly, Boolean throwOnFileNotFound)
   at System.Reflection.Assembly.Load(AssemblyName assemblyRef)
   at Microsoft.VisualStudio.TestPlatform.Common.Utilities.FakesUtilities.LoadTestPlatformAssembly() in /_/src/Microsoft.TestPlatform.Common/Utilities/FakesUtilities.cs:line 272
TpTrace Verbose: 0 : 20516, 1, 2024/10/27, 22:01:58.889, 4813151497161, vstest.console.dll, TestPluginCache.DiscoverTestExtensions: finding test extensions in assemblies ends with: TestLogger.dll TPluginInfo: Microsoft.VisualStudio.TestPlatform.Common.ExtensionFramework.Utilities.TestLoggerPluginInformation TExtension: Microsoft.VisualStudio.TestPlatform.ObjectModel.Client.ITestLogger
TpTrace Verbose: 0 : 20516, 1, 2024/10/27, 22:01:58.889, 4813151499919, vstest.console.dll, TestPluginCache.GetExtensionPaths: Filtered extension paths: 
TpTrace Verbose: 0 : 20516, 1, 2024/10/27, 22:01:58.889, 4813151500881, vstest.console.dll, TestPluginCache.GetExtensionPaths: Added default extension paths: C:\Program Files\dotnet\sdk\8.0.403\Extensions\Microsoft.Diagnostics.NETCore.Client.dll
C:\Program Files\dotnet\sdk\8.0.403\Extensions\Microsoft.TestPlatform.Extensions.BlameDataCollector.dll
C:\Program Files\dotnet\sdk\8.0.403\Extensions\Microsoft.TestPlatform.Extensions.EventLogCollector.dll
C:\Program Files\dotnet\sdk\8.0.403\Extensions\Microsoft.TestPlatform.TestHostRuntimeProvider.dll
C:\Program Files\dotnet\sdk\8.0.403\Extensions\Microsoft.VisualStudio.TestPlatform.Extensions.Html.TestLogger.dll
C:\Program Files\dotnet\sdk\8.0.403\Extensions\Microsoft.VisualStudio.TestPlatform.Extensions.Trx.TestLogger.dll
TpTrace Verbose: 0 : 20516, 1, 2024/10/27, 22:01:58.890, 4813151501869, vstest.console.dll, TestPluginCache.GetExtensionPaths: Added unfilterableExtensionPaths: 
TpTrace Information: 0 : 20516, 1, 2024/10/27, 22:01:58.890, 4813151506286, vstest.console.dll, AssemblyResolver.AddSearchDirectories: Adding more searchDirectories C:\Program Files\dotnet\sdk\8.0.403\Extensions,C:\Program Files\dotnet\sdk\8.0.403
TpTrace Verbose: 0 : 20516, 1, 2024/10/27, 22:01:58.890, 4813151507775, vstest.console.dll, TestPluginCache.DiscoverTestExtensions: Discovering the extensions using extension path.
TpTrace Verbose: 0 : 20516, 1, 2024/10/27, 22:01:58.890, 4813151508899, vstest.console.dll, TestPluginCache.GetExtensionPaths: Filtered extension paths: 
TpTrace Verbose: 0 : 20516, 1, 2024/10/27, 22:01:58.893, 4813151537531, vstest.console.dll, TestPluginCache.GetExtensionPaths: Added default extension paths: C:\Program Files\dotnet\sdk\8.0.403\Extensions\Microsoft.Diagnostics.NETCore.Client.dll
C:\Program Files\dotnet\sdk\8.0.403\Extensions\Microsoft.TestPlatform.Extensions.BlameDataCollector.dll
C:\Program Files\dotnet\sdk\8.0.403\Extensions\Microsoft.TestPlatform.Extensions.EventLogCollector.dll
C:\Program Files\dotnet\sdk\8.0.403\Extensions\Microsoft.TestPlatform.TestHostRuntimeProvider.dll
C:\Program Files\dotnet\sdk\8.0.403\Extensions\Microsoft.VisualStudio.TestPlatform.Extensions.Html.TestLogger.dll
C:\Program Files\dotnet\sdk\8.0.403\Extensions\Microsoft.VisualStudio.TestPlatform.Extensions.Trx.TestLogger.dll
TpTrace Verbose: 0 : 20516, 1, 2024/10/27, 22:01:58.894, 4813151541226, vstest.console.dll, TestPluginCache.GetExtensionPaths: Added unfilterableExtensionPaths: 
TpTrace Verbose: 0 : 20516, 1, 2024/10/27, 22:01:58.894, 4813151543332, vstest.console.dll, TestPluginCache.DiscoverTestExtensions: Discovering the extensions using allExtensionPaths: C:\Program Files\dotnet\sdk\8.0.403\Extensions\Microsoft.Diagnostics.NETCore.Client.dll
C:\Program Files\dotnet\sdk\8.0.403\Extensions\Microsoft.TestPlatform.Extensions.BlameDataCollector.dll
C:\Program Files\dotnet\sdk\8.0.403\Extensions\Microsoft.TestPlatform.Extensions.EventLogCollector.dll
C:\Program Files\dotnet\sdk\8.0.403\Extensions\Microsoft.TestPlatform.TestHostRuntimeProvider.dll
C:\Program Files\dotnet\sdk\8.0.403\Extensions\Microsoft.VisualStudio.TestPlatform.Extensions.Html.TestLogger.dll
C:\Program Files\dotnet\sdk\8.0.403\Extensions\Microsoft.VisualStudio.TestPlatform.Extensions.Trx.TestLogger.dll
TpTrace Information: 0 : 20516, 1, 2024/10/27, 22:01:58.894, 4813151544754, vstest.console.dll, AssemblyResolver.AddSearchDirectories: Adding more searchDirectories C:\Program Files\dotnet\sdk\8.0.403\Extensions,C:\Program Files\dotnet\sdk\8.0.403
TpTrace Information: 0 : 20516, 1, 2024/10/27, 22:01:58.894, 4813151545998, vstest.console.dll, AssemblyResolver.AddSearchDirectories: Adding more searchDirectories C:\Program Files\dotnet\sdk\8.0.403\Extensions,C:\Program Files\dotnet\sdk\8.0.403
TpTrace Information: 0 : 20516, 1, 2024/10/27, 22:01:58.894, 4813151547237, vstest.console.dll, AssemblyResolver.AddSearchDirectories: Adding more searchDirectories C:\Program Files\dotnet\sdk\8.0.403\Extensions,C:\Program Files\dotnet\sdk\8.0.403
TpTrace Information: 0 : 20516, 1, 2024/10/27, 22:01:58.894, 4813151548570, vstest.console.dll, AssemblyResolver.AddSearchDirectories: Adding more searchDirectories C:\Program Files\dotnet\sdk\8.0.403\Extensions,C:\Program Files\dotnet\sdk\8.0.403
TpTrace Information: 0 : 20516, 1, 2024/10/27, 22:01:58.894, 4813151551061, vstest.console.dll, AssemblyResolver.AddSearchDirectories: Adding more searchDirectories C:\Program Files\dotnet\sdk\8.0.403\Extensions,C:\Program Files\dotnet\sdk\8.0.403
TpTrace Information: 0 : 20516, 1, 2024/10/27, 22:01:58.895, 4813151553810, vstest.console.dll, AssemblyResolver.AddSearchDirectories: Adding more searchDirectories C:\Program Files\dotnet\sdk\8.0.403\Extensions,C:\Program Files\dotnet\sdk\8.0.403
TpTrace Verbose: 0 : 20516, 1, 2024/10/27, 22:01:58.895, 4813151556450, vstest.console.dll, MetadataReaderExtensionsHelper: Discovering extensions inside assembly 'Microsoft.Diagnostics.NETCore.Client, Version=0.2.10.30701, Culture=neutral, PublicKeyToken=31bf3856ad364e35' file path 'C:\Program Files\dotnet\sdk\8.0.403\Extensions\Microsoft.Diagnostics.NETCore.Client.dll'
TpTrace Information: 0 : 20516, 1, 2024/10/27, 22:01:58.896, 4813151568319, vstest.console.dll, AssemblyResolver.OnResolve: Microsoft.Bcl.AsyncInterfaces: Resolving assembly.
TpTrace Information: 0 : 20516, 1, 2024/10/27, 22:01:58.896, 4813151569555, vstest.console.dll, AssemblyResolver.OnResolve: Microsoft.Bcl.AsyncInterfaces: Resolved from cache.
TpTrace Verbose: 0 : 20516, 1, 2024/10/27, 22:01:58.896, 4813151570040, vstest.console.dll, CurrentDomainAssemblyResolve: Resolving assembly 'Microsoft.Bcl.AsyncInterfaces'.
TpTrace Information: 0 : 20516, 1, 2024/10/27, 22:01:58.896, 4813151570776, vstest.console.dll, AssemblyResolver.OnResolve: Microsoft.Bcl.AsyncInterfaces: Resolving assembly.
TpTrace Information: 0 : 20516, 1, 2024/10/27, 22:01:58.897, 4813151571213, vstest.console.dll, AssemblyResolver.OnResolve: Microsoft.Bcl.AsyncInterfaces: Resolved from cache.
TpTrace Verbose: 0 : 20516, 1, 2024/10/27, 22:01:58.897, 4813151571607, vstest.console.dll, CurrentDomainAssemblyResolve: Resolving assembly 'Microsoft.Bcl.AsyncInterfaces'.
TpTrace Verbose: 0 : 20516, 1, 2024/10/27, 22:01:58.897, 4813151572000, vstest.console.dll, CurrentDomainAssemblyResolve: Failed to resolve assembly 'Microsoft.Bcl.AsyncInterfaces'.
TpTrace Verbose: 0 : 20516, 1, 2024/10/27, 22:01:58.897, 4813151573918, vstest.console.dll, CurrentDomainAssemblyResolve: Failed to resolve assembly 'Microsoft.Bcl.AsyncInterfaces'.
TpTrace Warning: 0 : 20516, 1, 2024/10/27, 22:01:58.897, 4813151578997, vstest.console.dll, TestPluginDiscoverer: Failed to get types from assembly 'Microsoft.Diagnostics.NETCore.Client, Version=0.2.10.30701, Culture=neutral, PublicKeyToken=31bf3856ad364e35'. Error: System.Reflection.ReflectionTypeLoadException: Unable to load one or more of the requested types.
Could not load file or assembly 'Microsoft.Bcl.AsyncInterfaces, Version=6.0.0.0, Culture=neutral, PublicKeyToken=cc7b13ffcd2ddd51'. El sistema no puede encontrar el archivo especificado.
   at System.Reflection.RuntimeModule.GetTypes(RuntimeModule module)
   at System.Reflection.RuntimeModule.GetTypes()
   at Microsoft.VisualStudio.TestPlatform.Common.ExtensionFramework.TestPluginDiscoverer.GetTestExtensionsFromAssembly[TPluginInfo,TExtension](Assembly assembly, Dictionary`2 pluginInfos, String filePath) in /_/src/Microsoft.TestPlatform.Common/ExtensionFramework/TestPluginDiscoverer.cs:line 158
System.IO.FileNotFoundException: Could not load file or assembly 'Microsoft.Bcl.AsyncInterfaces, Version=6.0.0.0, Culture=neutral, PublicKeyToken=cc7b13ffcd2ddd51'. El sistema no puede encontrar el archivo especificado.
File name: 'Microsoft.Bcl.AsyncInterfaces, Version=6.0.0.0, Culture=neutral, PublicKeyToken=cc7b13ffcd2ddd51'
 ---> System.IO.FileNotFoundException: Could not load file or assembly 'Microsoft.Bcl.AsyncInterfaces, Culture=neutral, PublicKeyToken=null'. El sistema no puede encontrar el archivo especificado.
File name: 'Microsoft.Bcl.AsyncInterfaces, Culture=neutral, PublicKeyToken=null'
   at System.Reflection.RuntimeAssembly.InternalLoad(AssemblyName assemblyName, StackCrawlMark& stackMark, AssemblyLoadContext assemblyLoadContext, RuntimeAssembly requestingAssembly, Boolean throwOnFileNotFound)
   at System.Reflection.Assembly.Load(AssemblyName assemblyRef)
   at Microsoft.VisualStudio.TestPlatform.Common.ExtensionFramework.TestPluginCache.CurrentDomainAssemblyResolve(Object sender, AssemblyResolveEventArgs args) in /_/src/Microsoft.TestPlatform.Common/ExtensionFramework/TestPluginCache.cs:line 513
   at System.Runtime.Loader.AssemblyLoadContext.GetFirstResolvedAssemblyFromResolvingEvent(AssemblyName assemblyName)
   at System.Runtime.Loader.AssemblyLoadContext.ResolveUsingEvent(AssemblyName assemblyName)
   at System.Runtime.Loader.AssemblyLoadContext.ResolveUsingResolvingEvent(IntPtr gchManagedAssemblyLoadContext, AssemblyName assemblyName)
TpTrace Warning: 0 : 20516, 1, 2024/10/27, 22:01:58.898, 4813151581138, vstest.console.dll, LoaderExceptions: System.IO.FileNotFoundException: Could not load file or assembly 'Microsoft.Bcl.AsyncInterfaces, Version=6.0.0.0, Culture=neutral, PublicKeyToken=cc7b13ffcd2ddd51'. El sistema no puede encontrar el archivo especificado.
File name: 'Microsoft.Bcl.AsyncInterfaces, Version=6.0.0.0, Culture=neutral, PublicKeyToken=cc7b13ffcd2ddd51'
 ---> System.IO.FileNotFoundException: Could not load file or assembly 'Microsoft.Bcl.AsyncInterfaces, Culture=neutral, PublicKeyToken=null'. El sistema no puede encontrar el archivo especificado.
File name: 'Microsoft.Bcl.AsyncInterfaces, Culture=neutral, PublicKeyToken=null'
   at System.Reflection.RuntimeAssembly.InternalLoad(AssemblyName assemblyName, StackCrawlMark& stackMark, AssemblyLoadContext assemblyLoadContext, RuntimeAssembly requestingAssembly, Boolean throwOnFileNotFound)
   at System.Reflection.Assembly.Load(AssemblyName assemblyRef)
   at Microsoft.VisualStudio.TestPlatform.Common.ExtensionFramework.TestPluginCache.CurrentDomainAssemblyResolve(Object sender, AssemblyResolveEventArgs args) in /_/src/Microsoft.TestPlatform.Common/ExtensionFramework/TestPluginCache.cs:line 513
   at System.Runtime.Loader.AssemblyLoadContext.GetFirstResolvedAssemblyFromResolvingEvent(AssemblyName assemblyName)
   at System.Runtime.Loader.AssemblyLoadContext.ResolveUsingEvent(AssemblyName assemblyName)
   at System.Runtime.Loader.AssemblyLoadContext.ResolveUsingResolvingEvent(IntPtr gchManagedAssemblyLoadContext, AssemblyName assemblyName)
TpTrace Verbose: 0 : 20516, 1, 2024/10/27, 22:01:58.898, 4813151582235, vstest.console.dll, MetadataReaderExtensionsHelper: Discovering extensions inside assembly 'Microsoft.TestPlatform.Extensions.BlameDataCollector, Version=15.0.0.0, Culture=neutral, PublicKeyToken=b03f5f7f11d50a3a' file path 'C:\Program Files\dotnet\sdk\8.0.403\Extensions\Microsoft.TestPlatform.Extensions.BlameDataCollector.dll'
TpTrace Information: 0 : 20516, 1, 2024/10/27, 22:01:58.899, 4813151593629, vstest.console.dll, GetTestExtensionFromType: Register extension with identifier data 'logger://Microsoft/TestPlatform/Extensions/Blame/v1' and type 'Microsoft.TestPlatform.Extensions.BlameDataCollector.BlameLogger, Microsoft.TestPlatform.Extensions.BlameDataCollector, Version=15.0.0.0, Culture=neutral, PublicKeyToken=b03f5f7f11d50a3a' inside file 'C:\Program Files\dotnet\sdk\8.0.403\Extensions\Microsoft.TestPlatform.Extensions.BlameDataCollector.dll'
TpTrace Verbose: 0 : 20516, 1, 2024/10/27, 22:01:58.899, 4813151594971, vstest.console.dll, MetadataReaderExtensionsHelper: Discovering extensions inside assembly 'Microsoft.TestPlatform.Extensions.EventLogCollector, Version=15.0.0.0, Culture=neutral, PublicKeyToken=b03f5f7f11d50a3a' file path 'C:\Program Files\dotnet\sdk\8.0.403\Extensions\Microsoft.TestPlatform.Extensions.EventLogCollector.dll'
TpTrace Verbose: 0 : 20516, 1, 2024/10/27, 22:01:58.900, 4813151603960, vstest.console.dll, MetadataReaderExtensionsHelper: Discovering extensions inside assembly 'Microsoft.TestPlatform.TestHostRuntimeProvider, Version=15.0.0.0, Culture=neutral, PublicKeyToken=b03f5f7f11d50a3a' file path 'C:\Program Files\dotnet\sdk\8.0.403\Extensions\Microsoft.TestPlatform.TestHostRuntimeProvider.dll'
TpTrace Verbose: 0 : 20516, 1, 2024/10/27, 22:01:58.901, 4813151613207, vstest.console.dll, MetadataReaderExtensionsHelper: Discovering extensions inside assembly 'Microsoft.VisualStudio.TestPlatform.Extensions.Html.TestLogger, Version=15.0.0.0, Culture=neutral, PublicKeyToken=b03f5f7f11d50a3a' file path 'C:\Program Files\dotnet\sdk\8.0.403\Extensions\Microsoft.VisualStudio.TestPlatform.Extensions.Html.TestLogger.dll'
TpTrace Information: 0 : 20516, 1, 2024/10/27, 22:01:58.902, 4813151625948, vstest.console.dll, GetTestExtensionFromType: Register extension with identifier data 'logger://Microsoft/TestPlatform/HtmlLogger/v1' and type 'Microsoft.VisualStudio.TestPlatform.Extensions.HtmlLogger.HtmlLogger, Microsoft.VisualStudio.TestPlatform.Extensions.Html.TestLogger, Version=15.0.0.0, Culture=neutral, PublicKeyToken=b03f5f7f11d50a3a' inside file 'C:\Program Files\dotnet\sdk\8.0.403\Extensions\Microsoft.VisualStudio.TestPlatform.Extensions.Html.TestLogger.dll'
TpTrace Verbose: 0 : 20516, 1, 2024/10/27, 22:01:58.902, 4813151627397, vstest.console.dll, MetadataReaderExtensionsHelper: Discovering extensions inside assembly 'Microsoft.VisualStudio.TestPlatform.Extensions.Trx.TestLogger, Version=15.0.0.0, Culture=neutral, PublicKeyToken=b03f5f7f11d50a3a' file path 'C:\Program Files\dotnet\sdk\8.0.403\Extensions\Microsoft.VisualStudio.TestPlatform.Extensions.Trx.TestLogger.dll'
TpTrace Information: 0 : 20516, 1, 2024/10/27, 22:01:58.903, 4813151639729, vstest.console.dll, GetTestExtensionFromType: Register extension with identifier data 'logger://Microsoft/TestPlatform/TrxLogger/v1' and type 'Microsoft.VisualStudio.TestPlatform.Extensions.TrxLogger.TrxLogger, Microsoft.VisualStudio.TestPlatform.Extensions.Trx.TestLogger, Version=15.0.0.0, Culture=neutral, PublicKeyToken=b03f5f7f11d50a3a' inside file 'C:\Program Files\dotnet\sdk\8.0.403\Extensions\Microsoft.VisualStudio.TestPlatform.Extensions.Trx.TestLogger.dll'
TpTrace Verbose: 0 : 20516, 1, 2024/10/27, 22:01:58.904, 4813151641827, vstest.console.dll, TestPluginCache: Discovered the extensions using extension path ''.
TpTrace Verbose: 0 : 20516, 1, 2024/10/27, 22:01:58.904, 4813151642412, vstest.console.dll, TestPluginCache: Discoverers are ''.
TpTrace Verbose: 0 : 20516, 1, 2024/10/27, 22:01:58.904, 4813151642808, vstest.console.dll, TestPluginCache: Executors are ''.
TpTrace Verbose: 0 : 20516, 1, 2024/10/27, 22:01:58.904, 4813151643346, vstest.console.dll, TestPluginCache: Executors2 are ''.
TpTrace Verbose: 0 : 20516, 1, 2024/10/27, 22:01:58.904, 4813151643748, vstest.console.dll, TestPluginCache: Setting providers are ''.
TpTrace Verbose: 0 : 20516, 1, 2024/10/27, 22:01:58.904, 4813151644753, vstest.console.dll, TestPluginCache: Loggers are 'logger://Microsoft/TestPlatform/Extensions/Blame/v1,logger://Microsoft/TestPlatform/HtmlLogger/v1,logger://Microsoft/TestPlatform/TrxLogger/v1'.
TpTrace Verbose: 0 : 20516, 1, 2024/10/27, 22:01:58.904, 4813151645343, vstest.console.dll, TestPluginCache: TestHosts are 'HostProvider://DefaultTestHost,HostProvider://DotnetTestHost'.
TpTrace Verbose: 0 : 20516, 1, 2024/10/27, 22:01:58.904, 4813151645757, vstest.console.dll, TestPluginCache: DataCollectors are ''.
TpTrace Information: 0 : 20516, 1, 2024/10/27, 22:01:58.905, 4813151659264, vstest.console.dll, TestPluginManager.CreateTestExtension: Attempting to load test extension: Microsoft.TestPlatform.Extensions.BlameDataCollector.BlameLogger
TpTrace Verbose: 0 : 20516, 1, 2024/10/27, 22:01:59.090, 4813153510682, vstest.console.dll, TestEngine: Initializing Parallel Execution as MaxCpuCount is set to: 1
TpTrace Information: 0 : 20516, 1, 2024/10/27, 22:01:59.132, 4813153922914, vstest.console.dll, TestPluginManager.CreateTestExtension: Attempting to load test extension: Microsoft.VisualStudio.TestPlatform.CrossPlatEngine.Hosting.DefaultTestHostManager
TpTrace Information: 0 : 20516, 1, 2024/10/27, 22:01:59.133, 4813153935631, vstest.console.dll, TestPluginManager.CreateTestExtension: Attempting to load test extension: Microsoft.VisualStudio.TestPlatform.CrossPlatEngine.Hosting.DotnetTestHostManager
TpTrace Verbose: 0 : 20516, 1, 2024/10/27, 22:01:59.133, 4813153939599, vstest.console.dll, TestHostManagerCallbacks.ctor: Forwarding output is enabled.
TpTrace Information: 0 : 20516, 1, 2024/10/27, 22:01:59.134, 4813153945545, vstest.console.dll, InferRunSettingsHelper.IsTestSettingsEnabled: Unable to navigate to RunSettings/MSTest. Current node: RunSettings
TpTrace Verbose: 0 : 20516, 1, 2024/10/27, 22:01:59.145, 4813154053691, vstest.console.dll, ParallelOperationManager.ClearSlots: Clearing all slots. Slots should accept more work: True
TpTrace Verbose: 0 : 20516, 1, 2024/10/27, 22:01:59.146, 4813154068411, vstest.console.dll, ParallelOperationManager.SetOccupiedSlotCount: Setting slot counts AvailableSlotCount = 1, OccupiedSlotCount = 0.
TpTrace Verbose: 0 : 20516, 1, 2024/10/27, 22:01:59.147, 4813154074095, vstest.console.dll, Occupied slots:

TpTrace Verbose: 0 : 20516, 1, 2024/10/27, 22:01:59.151, 4813154118888, vstest.console.dll, TestEngine.GetExecutionManager: Chosen execution manager 'Microsoft.VisualStudio.TestPlatform.CrossPlatEngine.Client.Parallel.ParallelProxyExecutionManager, Microsoft.TestPlatform.CrossPlatEngine, Version=15.0.0.0, Culture=neutral, PublicKeyToken=b03f5f7f11d50a3a' ParallelLevel '1'.
TpTrace Verbose: 0 : 20516, 1, 2024/10/27, 22:01:59.152, 4813154122030, vstest.console.dll, TestPlatform.GetSkipDefaultAdapters: Not skipping default adapters SkipDefaultAdapters was false.
TpTrace Verbose: 0 : 20516, 1, 2024/10/27, 22:01:59.152, 4813154123642, vstest.console.dll, TestRunRequest.ExecuteAsync: Creating test run request.
TpTrace Verbose: 0 : 20516, 1, 2024/10/27, 22:01:59.192, 4813154523464, vstest.console.dll, TestRunRequest.ExecuteAsync: Starting.
TpTrace Information: 0 : 20516, 1, 2024/10/27, 22:01:59.193, 4813154540951, vstest.console.dll, TestRunRequest.ExecuteAsync: Starting run with settings:TestRunCriteria:
   KeepAlive=False,FrequencyOfRunStatsChangeEvent=10,RunStatsChangeEventTimeout=00:00:01.5000000,TestCaseFilter=,TestExecutorLauncher=
   Settingsxml=<RunSettings>
  <RunConfiguration>
    <ResultsDirectory>C:\Users\Josue04\Documents\Semestre_6\QA\proyecto_pruebas\ProyectoQA\Code\ClinicManagement.Tests\bin\Debug\net8.0\fine-code-coverage\coverage-tool-output</ResultsDirectory>
    <TargetPlatform>X64</TargetPlatform>
    <TargetFrameworkVersion>.NETCoreApp,Version=v8.0</TargetFrameworkVersion>
    <DesignMode>False</DesignMode>
    <CollectSourceInformation>False</CollectSourceInformation>
  </RunConfiguration>
  <LoggerRunSettings>
    <Loggers>
      <Logger friendlyName="blame" enabled="True" />
      <Logger friendlyName="Console" uri="logger://microsoft/TestPlatform/ConsoleLogger/v1" assemblyQualifiedName="Microsoft.VisualStudio.TestPlatform.CommandLine.Internal.ConsoleLogger, vstest.console, Version=15.0.0.0, Culture=neutral, PublicKeyToken=b03f5f7f11d50a3a" codeBase="C:\Program Files\dotnet\sdk\8.0.403\vstest.console.dll" enabled="True" />
    </Loggers>
  </LoggerRunSettings>
  <DataCollectionRunSettings>
    <DataCollectors>
      <DataCollector friendlyName="blame" enabled="True">
        <Configuration>
          <ResultsDirectory>C:\Users\Josue04\Documents\Semestre_6\QA\proyecto_pruebas\ProyectoQA\Code\ClinicManagement.Tests\bin\Debug\net8.0\fine-code-coverage\coverage-tool-output</ResultsDirectory>
        </Configuration>
      </DataCollector>
    </DataCollectors>
  </DataCollectionRunSettings>
</RunSettings>

TpTrace Verbose: 0 : 20516, 1, 2024/10/27, 22:01:59.194, 4813154542188, vstest.console.dll, TestRunRequest.ExecuteAsync: Wait for the first run request is over.
TpTrace Verbose: 0 : 20516, 1, 2024/10/27, 22:01:59.194, 4813154546042, vstest.console.dll, MulticastDelegateUtilities.SafeInvoke: TestRun.TestRunStart: Invoking callbacks was skipped because there are no subscribers.
TpTrace Verbose: 0 : 20516, 4, 2024/10/27, 22:01:59.194, 4813154548609, vstest.console.dll, MulticastDelegateUtilities.SafeInvoke: InternalTestLoggerEvents.SendTestRunStart: Invoking callback 1/1 for Microsoft.VisualStudio.TestPlatform.CommandLine.Internal.ConsoleLogger., took 0 ms.
TpTrace Verbose: 0 : 20516, 1, 2024/10/27, 22:01:59.196, 4813154563837, vstest.console.dll, ParallelProxyExecutionManager: Start execution. Total sources: 1
TpTrace Verbose: 0 : 20516, 1, 2024/10/27, 22:01:59.196, 4813154568777, vstest.console.dll, ParallelOperationManager.StartWork: Starting adding 1 workloads.
TpTrace Verbose: 0 : 20516, 1, 2024/10/27, 22:01:59.196, 4813154569860, vstest.console.dll, ParallelOperationManager.ClearSlots: Clearing all slots. Slots should accept more work: True
TpTrace Verbose: 0 : 20516, 1, 2024/10/27, 22:01:59.196, 4813154570923, vstest.console.dll, ParallelOperationManager.SetOccupiedSlotCount: Setting slot counts AvailableSlotCount = 1, OccupiedSlotCount = 0.
TpTrace Verbose: 0 : 20516, 1, 2024/10/27, 22:01:59.197, 4813154571506, vstest.console.dll, Occupied slots:

TpTrace Verbose: 0 : 20516, 1, 2024/10/27, 22:01:59.198, 4813154587334, vstest.console.dll, TestHostManagerCallbacks.ctor: Forwarding output is enabled.
TpTrace Verbose: 0 : 20516, 1, 2024/10/27, 22:01:59.198, 4813154590171, vstest.console.dll, TestRequestSender is acting as server.
TpTrace Verbose: 0 : 20516, 1, 2024/10/27, 22:01:59.307, 4813155680830, vstest.console.dll, ParallelOperationManager.RunWorkInParallel: Adding 1 workload to slot, remaining workloads 0.
TpTrace Verbose: 0 : 20516, 1, 2024/10/27, 22:01:59.308, 4813155682550, vstest.console.dll, ParallelOperationManager.SetOccupiedSlotCount: Setting slot counts AvailableSlotCount = 0, OccupiedSlotCount = 1.
TpTrace Verbose: 0 : 20516, 1, 2024/10/27, 22:01:59.308, 4813155685751, vstest.console.dll, Occupied slots:
0: C:\Users\Josue04\Documents\Semestre_6\QA\proyecto_pruebas\ProyectoQA\Code\ClinicManagement.Tests\bin\Debug\net8.0\fine-code-coverage\build-output\ClinicManagement.Tests.dll
TpTrace Verbose: 0 : 20516, 1, 2024/10/27, 22:01:59.312, 4813155724136, vstest.console.dll, ParallelOperationManager.RunWorkInParallel: Started host in slot number 0 for work (source): C:\Users\Josue04\Documents\Semestre_6\QA\proyecto_pruebas\ProyectoQA\Code\ClinicManagement.Tests\bin\Debug\net8.0\fine-code-coverage\build-output\ClinicManagement.Tests.dll.
TpTrace Verbose: 0 : 20516, 1, 2024/10/27, 22:01:59.313, 4813155740037, vstest.console.dll, ParallelOperationManager.RunWorkInParallel: We started 1 work items, which is the max parallel level. Won't start more work.
TpTrace Verbose: 0 : 20516, 1, 2024/10/27, 22:01:59.314, 4813155741658, vstest.console.dll, ParallelOperationManager.RunWorkInParallel: We started 1 work items in here, returning True.
TpTrace Information: 0 : 20516, 1, 2024/10/27, 22:01:59.314, 4813155742974, vstest.console.dll, TestRunRequest.ExecuteAsync: Started.
TpTrace Verbose: 0 : 20516, 5, 2024/10/27, 22:01:59.314, 4813155743618, vstest.console.dll, ParallelProxyExecutionManager.StartTestRunOnConcurrentManager: Initializing uninitialized client. Started clients: 0
TpTrace Verbose: 0 : 20516, 5, 2024/10/27, 22:01:59.314, 4813155745718, vstest.console.dll, DataCollectionRequestSender.InitializeCommunication : Initialize communication. 
TpTrace Verbose: 0 : 20516, 1, 2024/10/27, 22:01:59.315, 4813155751067, vstest.console.dll, TestRunRequest.WaitForCompletion: Waiting with timeout -1.
TpTrace Information: 0 : 20516, 5, 2024/10/27, 22:01:59.324, 4813155848569, vstest.console.dll, Listening on Endpoint : 127.0.0.1:61497
TpTrace Verbose: 0 : 20516, 5, 2024/10/27, 22:01:59.335, 4813155952018, vstest.console.dll, DotnetDataCollectionLauncher: Adding  --runtimeconfig "C:\Program Files\dotnet\sdk\8.0.403\datacollector.runtimeconfig.json" in args
TpTrace Verbose: 0 : 20516, 5, 2024/10/27, 22:01:59.335, 4813155955113, vstest.console.dll, DotnetDataCollectionLauncher: Adding  --depsfile "C:\Program Files\dotnet\sdk\8.0.403\datacollector.deps.json" in args
TpTrace Verbose: 0 : 20516, 5, 2024/10/27, 22:01:59.335, 4813155960289, vstest.console.dll, DotnetDataCollectionLauncher: Full path of dotnet.exe is C:\Program Files\dotnet\dotnet.exe
TpTrace Information: 0 : 20516, 5, 2024/10/27, 22:01:59.344, 4813156050624, vstest.console.dll, ProxyDataCollectionManager.Initialize: Launched datacollector processId: 22964 port: 61497
TpTrace Information: 0 : 20516, 5, 2024/10/27, 22:01:59.345, 4813156053003, vstest.console.dll, ProxyDataCollectionManager.Initialize: waiting for connection with timeout: 90 seconds
TpTrace Verbose: 0 : 20516, 5, 2024/10/27, 22:01:59.345, 4813156054614, vstest.console.dll, DataCollectionRequestSender.WaitForRequestHandlerConnection : Waiting for connection with timeout: 90000
TpTrace Information: 0 : 20516, 7, 2024/10/27, 22:01:59.857, 4813161178493, vstest.console.dll, Using the buffer size of 16384 bytes
TpTrace Verbose: 0 : 20516, 5, 2024/10/27, 22:01:59.857, 4813161178555, vstest.console.dll, SocketCommunicationManager.WaitForClientConnection took: 512 ms, with 90000 ms timeout, and finished with True.
TpTrace Information: 0 : 20516, 7, 2024/10/27, 22:01:59.857, 4813161180580, vstest.console.dll, Accepted Client request and set the flag
TpTrace Verbose: 0 : 20516, 5, 2024/10/27, 22:01:59.858, 4813161182429, vstest.console.dll, ProxyDataCollectionManager.InvokeDataCollectionServiceAction: Starting.
TpTrace Information: 0 : 20516, 5, 2024/10/27, 22:01:59.858, 4813161184030, vstest.console.dll, ProxyDataCollectionManager.BeforeTestRunStart: Get environment variable and port for datacollector processId: 22964 port: 61497
TpTrace Verbose: 0 : 20516, 5, 2024/10/27, 22:01:59.858, 4813161186405, vstest.console.dll, DataCollectionRequestSender.SendBeforeTestRunStartAndGetResult: Send BeforeTestRunStart message with settingsXml <RunSettings><RunConfiguration><ResultsDirectory>C:\Users\Josue04\Documents\Semestre_6\QA\proyecto_pruebas\ProyectoQA\Code\ClinicManagement.Tests\bin\Debug\net8.0\fine-code-coverage\coverage-tool-output</ResultsDirectory><TargetPlatform>X64</TargetPlatform><TargetFrameworkVersion>.NETCoreApp,Version=v8.0</TargetFrameworkVersion><DesignMode>False</DesignMode><CollectSourceInformation>False</CollectSourceInformation><TestAdaptersPaths>C:\Program Files\dotnet\sdk\8.0.403\Extensions</TestAdaptersPaths></RunConfiguration><LoggerRunSettings><Loggers><Logger friendlyName="blame" enabled="True" /><Logger friendlyName="Console" uri="logger://microsoft/TestPlatform/ConsoleLogger/v1" assemblyQualifiedName="Microsoft.VisualStudio.TestPlatform.CommandLine.Internal.ConsoleLogger, vstest.console, Version=15.0.0.0, Culture=neutral, PublicKeyToken=b03f5f7f11d50a3a" codeBase="C:\Program Files\dotnet\sdk\8.0.403\vstest.console.dll" enabled="True" /></Loggers></LoggerRunSettings><DataCollectionRunSettings><DataCollectors><DataCollector friendlyName="blame" enabled="True"><Configuration><ResultsDirectory>C:\Users\Josue04\Documents\Semestre_6\QA\proyecto_pruebas\ProyectoQA\Code\ClinicManagement.Tests\bin\Debug\net8.0\fine-code-coverage\coverage-tool-output</ResultsDirectory></Configuration></DataCollector></DataCollectors></DataCollectionRunSettings></RunSettings> and sources System.Collections.Generic.List`1[System.String]: 
TpTrace Verbose: 0 : 20516, 5, 2024/10/27, 22:02:00.667, 4813169276833, vstest.console.dll, DataCollectionRequestSender.SendBeforeTestRunStartAndGetResult: Received message: (DataCollection.SendMessage) -> {"MessageType":"DataCollection.SendMessage","Payload":{"FriendlyName":null,"Uri":null,"TestCaseId":"00000000-0000-0000-0000-000000000000","Message":"Logging DataCollector Diagnostics in file: C:\\Users\\Josue04\\Documents\\Semestre_6\\QA\\proyecto_pruebas\\ProyectoQA\\Code\\ClinicManagement.Tests\\bin\\Debug\\net8.0\\fine-code-coverage\\coverage-tool-output\\diagnostics.datacollector.24-10-27_22-01-59_33451_5.log","Level":0}}
TpTrace Verbose: 0 : 20516, 5, 2024/10/27, 22:02:01.565, 4813178252656, vstest.console.dll, DataCollectionRequestSender.SendBeforeTestRunStartAndGetResult: Received message: (DataCollection.BeforeTestRunStartResult) -> {"MessageType":"DataCollection.BeforeTestRunStartResult","Payload":{"EnvironmentVariables":{},"DataCollectionEventsPort":61501}}
TpTrace Information: 0 : 20516, 5, 2024/10/27, 22:02:01.571, 4813178313847, vstest.console.dll, ProxyDataCollectionManager.BeforeTestRunStart: SendBeforeTestRunStartAndGetResult successful, env variable from datacollector:   and testhost port: 61501
TpTrace Information: 0 : 20516, 5, 2024/10/27, 22:02:01.571, 4813178315090, vstest.console.dll, ProxyDataCollectionManager.InvokeDataCollectionServiceAction: Completed.
TpTrace Verbose: 0 : 20516, 5, 2024/10/27, 22:02:01.571, 4813178315707, vstest.console.dll, ParallelProxyExecutionManager.StartTestRunOnConcurrentManager: Initializing test run. Started clients: 0
TpTrace Verbose: 0 : 20516, 5, 2024/10/27, 22:02:01.571, 4813178316772, vstest.console.dll, ProxyExecutionManager: Test host is always Lazy initialize.
TpTrace Verbose: 0 : 20516, 5, 2024/10/27, 22:02:01.571, 4813178320266, vstest.console.dll, TestRequestSender.InitializeCommunication: initialize communication. 
TpTrace Information: 0 : 20516, 5, 2024/10/27, 22:02:01.572, 4813178327173, vstest.console.dll, SocketServer.Start: Listening on endpoint : 127.0.0.1:61502
TpTrace Verbose: 0 : 20516, 5, 2024/10/27, 22:02:01.573, 4813178337224, vstest.console.dll, DotnetTestHostmanager.GetTestHostProcessStartInfo: Platform environment 'X64' target architecture 'X64' framework '.NETCoreApp,Version=v8.0' OS 'Windows'
TpTrace Verbose: 0 : 20516, 5, 2024/10/27, 22:02:01.574, 4813178345707, vstest.console.dll, DotnetTestHostmanager: Adding  --runtimeconfig "C:\Users\Josue04\Documents\Semestre_6\QA\proyecto_pruebas\ProyectoQA\Code\ClinicManagement.Tests\bin\Debug\net8.0\fine-code-coverage\build-output\ClinicManagement.Tests.runtimeconfig.json" in args
TpTrace Verbose: 0 : 20516, 5, 2024/10/27, 22:02:01.574, 4813178348027, vstest.console.dll, DotnetTestHostmanager: Adding  --depsfile "C:\Users\Josue04\Documents\Semestre_6\QA\proyecto_pruebas\ProyectoQA\Code\ClinicManagement.Tests\bin\Debug\net8.0\fine-code-coverage\build-output\ClinicManagement.Tests.deps.json" in args
TpTrace Verbose: 0 : 20516, 5, 2024/10/27, 22:02:01.574, 4813178350653, vstest.console.dll, DotnetTestHostmanager.IsWinOnArm: Current PROCESSOR_ARCHITECTURE from environment variable 'AMD64'
TpTrace Verbose: 0 : 20516, 5, 2024/10/27, 22:02:01.575, 4813178351494, vstest.console.dll, DotnetTestHostmanager.IsWinOnArm: Is Windows on ARM 'False'
TpTrace Verbose: 0 : 20516, 5, 2024/10/27, 22:02:01.575, 4813178353004, vstest.console.dll, DotnetTestHostManager: testhost.exe found at path: C:\Users\Josue04\Documents\Semestre_6\QA\proyecto_pruebas\ProyectoQA\Code\ClinicManagement.Tests\bin\Debug\net8.0\fine-code-coverage\build-output\testhost.exe
TpTrace Verbose: 0 : 20516, 5, 2024/10/27, 22:02:01.575, 4813178353707, vstest.console.dll, DotnetTestHostmanager: Full path of host exe is C:\Users\Josue04\Documents\Semestre_6\QA\proyecto_pruebas\ProyectoQA\Code\ClinicManagement.Tests\bin\Debug\net8.0\fine-code-coverage\build-output\testhost.exe
TpTrace Verbose: 0 : 20516, 5, 2024/10/27, 22:02:01.575, 4813178355579, vstest.console.dll, DotnetTestHostmanager.LaunchTestHostAsync: Found 'VSTEST_WINAPPHOST_DOTNET_ROOT' in env variables, value 'C:\Program Files\dotnet', forwarding to 'DOTNET_ROOT'
TpTrace Verbose: 0 : 20516, 5, 2024/10/27, 22:02:01.575, 4813178357516, vstest.console.dll, DotnetTestHostManager: Starting process 'C:\Users\Josue04\Documents\Semestre_6\QA\proyecto_pruebas\ProyectoQA\Code\ClinicManagement.Tests\bin\Debug\net8.0\fine-code-coverage\build-output\testhost.exe' with command line ' --runtimeconfig "C:\Users\Josue04\Documents\Semestre_6\QA\proyecto_pruebas\ProyectoQA\Code\ClinicManagement.Tests\bin\Debug\net8.0\fine-code-coverage\build-output\ClinicManagement.Tests.runtimeconfig.json" --depsfile "C:\Users\Josue04\Documents\Semestre_6\QA\proyecto_pruebas\ProyectoQA\Code\ClinicManagement.Tests\bin\Debug\net8.0\fine-code-coverage\build-output\ClinicManagement.Tests.deps.json" --port 61502 --endpoint 127.0.0.1:061502 --role client --parentprocessid 20516 --diag "C:\Users\Josue04\Documents\Semestre_6\QA\proyecto_pruebas\ProyectoQA\Code\ClinicManagement.Tests\bin\Debug\net8.0\fine-code-coverage\coverage-tool-output\diagnostics.host.24-10-27_22-02-01_57312_5.log" --tracelevel 4 --datacollectionport 61501 --telemetryoptedin false'
TpTrace Verbose: 0 : 20516, 5, 2024/10/27, 22:02:01.599, 4813178593454, vstest.console.dll, MulticastDelegateUtilities.SafeInvoke: HostProviderEvents.OnHostLaunched: Invoking callback 1/2 for Microsoft.VisualStudio.TestPlatform.CrossPlatEngine.Client.ProxyExecutionManagerWithDataCollection., took 1 ms.
TpTrace Verbose: 0 : 20516, 5, 2024/10/27, 22:02:01.599, 4813178597674, vstest.console.dll, Test Runtime launched
TpTrace Verbose: 0 : 20516, 5, 2024/10/27, 22:02:01.599, 4813178598634, vstest.console.dll, MulticastDelegateUtilities.SafeInvoke: HostProviderEvents.OnHostLaunched: Invoking callback 2/2 for Microsoft.VisualStudio.TestPlatform.CrossPlatEngine.Client.ProxyOperationManager., took 0 ms.
TpTrace Verbose: 0 : 20516, 5, 2024/10/27, 22:02:01.599, 4813178600491, vstest.console.dll, TestRequestSender.WaitForRequestHandlerConnection: waiting for connection with timeout: 90000.
TpTrace Verbose: 0 : 20516, 12, 2024/10/27, 22:02:02.763, 4813190232258, vstest.console.dll, MulticastDelegateUtilities.SafeInvoke: SocketServer: ClientConnected: Invoking callback 1/1 for Microsoft.VisualStudio.TestPlatform.CommunicationUtilities.TestRequestSender., took 0 ms.
TpTrace Verbose: 0 : 20516, 5, 2024/10/27, 22:02:02.763, 4813190232313, vstest.console.dll, TestRequestSender.WaitForRequestHandlerConnection: waiting took 1163 ms, with timeout 90000 ms, and result 0, which is success.
TpTrace Verbose: 0 : 20516, 12, 2024/10/27, 22:02:02.763, 4813190234193, vstest.console.dll, SocketServer.OnClientConnected: Client connected for endPoint: 127.0.0.1:61502, starting MessageLoopAsync:
TpTrace Verbose: 0 : 20516, 12, 2024/10/27, 22:02:02.764, 4813190242655, vstest.console.dll, TcpClientExtensions.MessageLoopAsync: Polling on remoteEndPoint: 127.0.0.1:61503 localEndPoint: 127.0.0.1:61502 after 0 ms
TpTrace Verbose: 0 : 20516, 5, 2024/10/27, 22:02:02.764, 4813190249486, vstest.console.dll, TestRequestSender.CheckVersionWithTestHost: Sending check version message: {"MessageType":"ProtocolVersion","Payload":7}
TpTrace Verbose: 0 : 20516, 12, 2024/10/27, 22:02:02.963, 4813192237294, vstest.console.dll, TcpClientExtensions.MessageLoopAsync: NotifyDataAvailable remoteEndPoint: 127.0.0.1:61503 localEndPoint: 127.0.0.1:61502
TpTrace Verbose: 0 : 20516, 12, 2024/10/27, 22:02:02.963, 4813192240440, vstest.console.dll, TestRequestSender.CheckVersionWithTestHost: onMessageReceived received message: (ProtocolVersion) -> {"MessageType":"ProtocolVersion","Payload":7}
TpTrace Verbose: 0 : 20516, 12, 2024/10/27, 22:02:03.013, 4813192732786, vstest.console.dll, MulticastDelegateUtilities.SafeInvoke: LengthPrefixCommunicationChannel: MessageReceived: Invoking callback 1/1 for Microsoft.VisualStudio.TestPlatform.CommunicationUtilities.TestRequestSender+<>c__DisplayClass29_0., took 49 ms.
TpTrace Verbose: 0 : 20516, 12, 2024/10/27, 22:02:03.013, 4813192734419, vstest.console.dll, TcpClientExtensions.MessageLoopAsync: Polling on remoteEndPoint: 127.0.0.1:61503 localEndPoint: 127.0.0.1:61502 after 249 ms
TpTrace Verbose: 0 : 20516, 5, 2024/10/27, 22:02:03.013, 4813192734695, vstest.console.dll, TestPluginCache.GetExtensionPaths: Filtered extension paths: 
TpTrace Verbose: 0 : 20516, 5, 2024/10/27, 22:02:03.013, 4813192736067, vstest.console.dll, TestPluginCache.GetExtensionPaths: Added default extension paths: C:\Program Files\dotnet\sdk\8.0.403\Extensions\Microsoft.Diagnostics.NETCore.Client.dll
C:\Program Files\dotnet\sdk\8.0.403\Extensions\Microsoft.TestPlatform.Extensions.BlameDataCollector.dll
C:\Program Files\dotnet\sdk\8.0.403\Extensions\Microsoft.TestPlatform.Extensions.EventLogCollector.dll
C:\Program Files\dotnet\sdk\8.0.403\Extensions\Microsoft.TestPlatform.TestHostRuntimeProvider.dll
C:\Program Files\dotnet\sdk\8.0.403\Extensions\Microsoft.VisualStudio.TestPlatform.Extensions.Html.TestLogger.dll
C:\Program Files\dotnet\sdk\8.0.403\Extensions\Microsoft.VisualStudio.TestPlatform.Extensions.Trx.TestLogger.dll
TpTrace Verbose: 0 : 20516, 5, 2024/10/27, 22:02:03.013, 4813192736500, vstest.console.dll, TestPluginCache.GetExtensionPaths: Added unfilterableExtensionPaths: 
TpTrace Verbose: 0 : 20516, 5, 2024/10/27, 22:02:03.094, 4813193543217, vstest.console.dll, TestRequestSender.InitializeExecution: Sending initialize execution with message: {"Version":7,"MessageType":"TestExecution.Initialize","Payload":["C:\\Users\\Josue04\\Documents\\Semestre_6\\QA\\proyecto_pruebas\\ProyectoQA\\Code\\ClinicManagement.Tests\\bin\\Debug\\net8.0\\fine-code-coverage\\build-output\\xunit.runner.visualstudio.testadapter.dll"]}
TpTrace Verbose: 0 : 20516, 5, 2024/10/27, 22:02:03.094, 4813193545477, vstest.console.dll, ParallelProxyExecutionManager.StartTestRunOnConcurrentManager: Execution starting. Started clients: 1
TpTrace Verbose: 0 : 20516, 12, 2024/10/27, 22:02:03.179, 4813194395436, vstest.console.dll, TcpClientExtensions.MessageLoopAsync: NotifyDataAvailable remoteEndPoint: 127.0.0.1:61503 localEndPoint: 127.0.0.1:61502
TpTrace Verbose: 0 : 20516, 5, 2024/10/27, 22:02:03.215, 4813194751242, vstest.console.dll, TestRunRequest:SendTestRunMessage: Starting.
TpTrace Verbose: 0 : 20516, 5, 2024/10/27, 22:02:03.215, 4813194755012, vstest.console.dll, MulticastDelegateUtilities.SafeInvoke: TestRun.LogMessages: Invoking callback 1/1 for Microsoft.VisualStudio.TestPlatform.CommandLine.TestRunResultAggregator., took 0 ms.
TpTrace Information: 0 : 20516, 5, 2024/10/27, 22:02:03.215, 4813194758390, vstest.console.dll, TestRunRequest:SendTestRunMessage: Completed.
TpTrace Warning: 0 : 20516, 5, 2024/10/27, 22:02:03.243, 4813195031309, vstest.console.dll, InferRunSettingsHelper.MakeRunsettingsCompatible: Removing the following settings: TargetPlatform from RunSettings file. To use those settings please move to latest version of Microsoft.NET.Test.Sdk
TpTrace Verbose: 0 : 20516, 12, 2024/10/27, 22:02:03.244, 4813195043871, vstest.console.dll, TestRequestSender.OnExecutionMessageReceived: Received message: {"Version":7,"MessageType":"TestSession.Message","Payload":{"MessageLevel":0,"Message":"Registrando diagnstico de TestHost en el archivo: C:\\Users\\Josue04\\Documents\\Semestre_6\\QA\\proyecto_pruebas\\ProyectoQA\\Code\\ClinicManagement.Tests\\bin\\Debug\\net8.0\\fine-code-coverage\\coverage-tool-output\\diagnostics.host.24-10-27_22-02-01_57312_5.log"}}
TpTrace Verbose: 0 : 20516, 4, 2024/10/27, 22:02:03.254, 4813195142005, vstest.console.dll, MulticastDelegateUtilities.SafeInvoke: InternalTestLoggerEvents.SendTestRunMessage: Invoking callback 1/1 for Microsoft.VisualStudio.TestPlatform.CommandLine.Internal.ConsoleLogger., took 38 ms.
TpTrace Verbose: 0 : 20516, 12, 2024/10/27, 22:02:03.364, 4813196241337, vstest.console.dll, TestRunRequest:SendTestRunMessage: Starting.
TpTrace Verbose: 0 : 20516, 12, 2024/10/27, 22:02:03.364, 4813196243390, vstest.console.dll, MulticastDelegateUtilities.SafeInvoke: TestRun.LogMessages: Invoking callback 1/1 for Microsoft.VisualStudio.TestPlatform.CommandLine.TestRunResultAggregator., took 0 ms.
TpTrace Verbose: 0 : 20516, 4, 2024/10/27, 22:02:03.364, 4813196243530, vstest.console.dll, MulticastDelegateUtilities.SafeInvoke: InternalTestLoggerEvents.SendTestRunMessage: Invoking callback 1/1 for Microsoft.VisualStudio.TestPlatform.CommandLine.Internal.ConsoleLogger., took 0 ms.
TpTrace Information: 0 : 20516, 12, 2024/10/27, 22:02:03.364, 4813196244266, vstest.console.dll, TestRunRequest:SendTestRunMessage: Completed.
TpTrace Verbose: 0 : 20516, 12, 2024/10/27, 22:02:03.364, 4813196246270, vstest.console.dll, MulticastDelegateUtilities.SafeInvoke: LengthPrefixCommunicationChannel: MessageReceived: Invoking callback 1/1 for Microsoft.VisualStudio.TestPlatform.CommunicationUtilities.TestRequestSender+<>c__DisplayClass34_0., took 120 ms.
TpTrace Verbose: 0 : 20516, 12, 2024/10/27, 22:02:03.364, 4813196247002, vstest.console.dll, TcpClientExtensions.MessageLoopAsync: Polling on remoteEndPoint: 127.0.0.1:61503 localEndPoint: 127.0.0.1:61502 after 351 ms
TpTrace Verbose: 0 : 20516, 5, 2024/10/27, 22:02:03.408, 4813196685743, vstest.console.dll, TestRequestSender.StartTestRun: Sending test run with message: {"Version":7,"MessageType":"TestExecution.StartWithSources","Payload":{"AdapterSourceMap":{"_none_":["C:\\Users\\Josue04\\Documents\\Semestre_6\\QA\\proyecto_pruebas\\ProyectoQA\\Code\\ClinicManagement.Tests\\bin\\Debug\\net8.0\\fine-code-coverage\\build-output\\ClinicManagement.Tests.dll"]},"RunSettings":"<RunSettings>\r\n  <RunConfiguration>\r\n    <ResultsDirectory>C:\\Users\\Josue04\\Documents\\Semestre_6\\QA\\proyecto_pruebas\\ProyectoQA\\Code\\ClinicManagement.Tests\\bin\\Debug\\net8.0\\fine-code-coverage\\coverage-tool-output</ResultsDirectory>\r\n    <TargetFrameworkVersion>.NETCoreApp,Version=v8.0</TargetFrameworkVersion>\r\n    <DesignMode>False</DesignMode>\r\n    <CollectSourceInformation>False</CollectSourceInformation>\r\n  </RunConfiguration>\r\n  <LoggerRunSettings>\r\n    <Loggers>\r\n      <Logger friendlyName=\"blame\" enabled=\"True\" />\r\n      <Logger friendlyName=\"Console\" uri=\"logger://microsoft/TestPlatform/ConsoleLogger/v1\" assemblyQualifiedName=\"Microsoft.VisualStudio.TestPlatform.CommandLine.Internal.ConsoleLogger, vstest.console, Version=15.0.0.0, Culture=neutral, PublicKeyToken=b03f5f7f11d50a3a\" codeBase=\"C:\\Program Files\\dotnet\\sdk\\8.0.403\\vstest.console.dll\" enabled=\"True\" />\r\n    </Loggers>\r\n  </LoggerRunSettings>\r\n  <DataCollectionRunSettings>\r\n    <DataCollectors>\r\n      <DataCollector friendlyName=\"blame\" enabled=\"True\">\r\n        <Configuration>\r\n          <ResultsDirectory>C:\\Users\\Josue04\\Documents\\Semestre_6\\QA\\proyecto_pruebas\\ProyectoQA\\Code\\ClinicManagement.Tests\\bin\\Debug\\net8.0\\fine-code-coverage\\coverage-tool-output</ResultsDirectory>\r\n        </Configuration>\r\n      </DataCollector>\r\n    </DataCollectors>\r\n  </DataCollectionRunSettings>\r\n</RunSettings>","TestExecutionContext":{"FrequencyOfRunStatsChangeEvent":10,"RunStatsChangeEventTimeout":"00:00:01.5000000","InIsolation":false,"KeepAlive":false,"AreTestCaseLevelEventsRequired":false,"IsDebug":false,"TestCaseFilter":null,"FilterOptions":null},"Package":null}}
TpTrace Verbose: 0 : 20516, 5, 2024/10/27, 22:02:03.408, 4813196688398, vstest.console.dll, ParallelProxyExecutionManager.StartTestRunOnConcurrentManager: Execution started. Started clients: 1
TpTrace Verbose: 0 : 20516, 12, 2024/10/27, 22:02:03.618, 4813198786725, vstest.console.dll, TcpClientExtensions.MessageLoopAsync: NotifyDataAvailable remoteEndPoint: 127.0.0.1:61503 localEndPoint: 127.0.0.1:61502
TpTrace Verbose: 0 : 20516, 12, 2024/10/27, 22:02:03.618, 4813198789529, vstest.console.dll, TestRequestSender.OnExecutionMessageReceived: Received message: {"Version":7,"MessageType":"TestSession.Message","Payload":{"MessageLevel":0,"Message":"[xUnit.net 00:00:00.00] xUnit.net VSTest Adapter v2.8.2+699d445a1a (64-bit .NET 8.0.10)"}}
TpTrace Verbose: 0 : 20516, 12, 2024/10/27, 22:02:03.619, 4813198793183, vstest.console.dll, TestRunRequest:SendTestRunMessage: Starting.
TpTrace Verbose: 0 : 20516, 12, 2024/10/27, 22:02:03.619, 4813198794583, vstest.console.dll, MulticastDelegateUtilities.SafeInvoke: TestRun.LogMessages: Invoking callback 1/1 for Microsoft.VisualStudio.TestPlatform.CommandLine.TestRunResultAggregator., took 0 ms.
TpTrace Verbose: 0 : 20516, 4, 2024/10/27, 22:02:03.619, 4813198794826, vstest.console.dll, MulticastDelegateUtilities.SafeInvoke: InternalTestLoggerEvents.SendTestRunMessage: Invoking callback 1/1 for Microsoft.VisualStudio.TestPlatform.CommandLine.Internal.ConsoleLogger., took 0 ms.
TpTrace Information: 0 : 20516, 12, 2024/10/27, 22:02:03.619, 4813198795482, vstest.console.dll, TestRunRequest:SendTestRunMessage: Completed.
TpTrace Verbose: 0 : 20516, 12, 2024/10/27, 22:02:03.619, 4813198797072, vstest.console.dll, MulticastDelegateUtilities.SafeInvoke: LengthPrefixCommunicationChannel: MessageReceived: Invoking callback 1/1 for Microsoft.VisualStudio.TestPlatform.CommunicationUtilities.TestRequestSender+<>c__DisplayClass34_0., took 0 ms.
TpTrace Verbose: 0 : 20516, 12, 2024/10/27, 22:02:03.619, 4813198797786, vstest.console.dll, TcpClientExtensions.MessageLoopAsync: Polling on remoteEndPoint: 127.0.0.1:61503 localEndPoint: 127.0.0.1:61502 after 255 ms
TpTrace Verbose: 0 : 20516, 12, 2024/10/27, 22:02:03.777, 4813200371438, vstest.console.dll, TcpClientExtensions.MessageLoopAsync: NotifyDataAvailable remoteEndPoint: 127.0.0.1:61503 localEndPoint: 127.0.0.1:61502
TpTrace Verbose: 0 : 20516, 12, 2024/10/27, 22:02:03.777, 4813200373140, vstest.console.dll, TestRequestSender.OnExecutionMessageReceived: Received message: {"Version":7,"MessageType":"TestSession.Message","Payload":{"MessageLevel":0,"Message":"[xUnit.net 00:00:00.16]   Discovering: ClinicManagement.Tests"}}
TpTrace Verbose: 0 : 20516, 12, 2024/10/27, 22:02:03.777, 4813200375048, vstest.console.dll, TestRunRequest:SendTestRunMessage: Starting.
TpTrace Verbose: 0 : 20516, 12, 2024/10/27, 22:02:03.777, 4813200376360, vstest.console.dll, MulticastDelegateUtilities.SafeInvoke: TestRun.LogMessages: Invoking callback 1/1 for Microsoft.VisualStudio.TestPlatform.CommandLine.TestRunResultAggregator., took 0 ms.
TpTrace Information: 0 : 20516, 12, 2024/10/27, 22:02:03.777, 4813200377040, vstest.console.dll, TestRunRequest:SendTestRunMessage: Completed.
TpTrace Verbose: 0 : 20516, 12, 2024/10/27, 22:02:03.777, 4813200377672, vstest.console.dll, MulticastDelegateUtilities.SafeInvoke: LengthPrefixCommunicationChannel: MessageReceived: Invoking callback 1/1 for Microsoft.VisualStudio.TestPlatform.CommunicationUtilities.TestRequestSender+<>c__DisplayClass34_0., took 0 ms.
TpTrace Verbose: 0 : 20516, 12, 2024/10/27, 22:02:03.777, 4813200378485, vstest.console.dll, TcpClientExtensions.MessageLoopAsync: Polling on remoteEndPoint: 127.0.0.1:61503 localEndPoint: 127.0.0.1:61502 after 157 ms
TpTrace Verbose: 0 : 20516, 4, 2024/10/27, 22:02:03.777, 4813200377835, vstest.console.dll, MulticastDelegateUtilities.SafeInvoke: InternalTestLoggerEvents.SendTestRunMessage: Invoking callback 1/1 for Microsoft.VisualStudio.TestPlatform.CommandLine.Internal.ConsoleLogger., took 0 ms.
TpTrace Verbose: 0 : 20516, 12, 2024/10/27, 22:02:03.837, 4813200979605, vstest.console.dll, TcpClientExtensions.MessageLoopAsync: NotifyDataAvailable remoteEndPoint: 127.0.0.1:61503 localEndPoint: 127.0.0.1:61502
TpTrace Verbose: 0 : 20516, 12, 2024/10/27, 22:02:03.838, 4813200981447, vstest.console.dll, TestRequestSender.OnExecutionMessageReceived: Received message: {"Version":7,"MessageType":"TestSession.Message","Payload":{"MessageLevel":0,"Message":"[xUnit.net 00:00:00.22]   Discovered:  ClinicManagement.Tests"}}
TpTrace Verbose: 0 : 20516, 12, 2024/10/27, 22:02:03.838, 4813200983505, vstest.console.dll, TestRunRequest:SendTestRunMessage: Starting.
TpTrace Verbose: 0 : 20516, 12, 2024/10/27, 22:02:03.838, 4813200984585, vstest.console.dll, MulticastDelegateUtilities.SafeInvoke: TestRun.LogMessages: Invoking callback 1/1 for Microsoft.VisualStudio.TestPlatform.CommandLine.TestRunResultAggregator., took 0 ms.
TpTrace Verbose: 0 : 20516, 4, 2024/10/27, 22:02:03.838, 4813200984847, vstest.console.dll, MulticastDelegateUtilities.SafeInvoke: InternalTestLoggerEvents.SendTestRunMessage: Invoking callback 1/1 for Microsoft.VisualStudio.TestPlatform.CommandLine.Internal.ConsoleLogger., took 0 ms.
TpTrace Information: 0 : 20516, 12, 2024/10/27, 22:02:03.838, 4813200985905, vstest.console.dll, TestRunRequest:SendTestRunMessage: Completed.
TpTrace Verbose: 0 : 20516, 12, 2024/10/27, 22:02:03.838, 4813200986668, vstest.console.dll, MulticastDelegateUtilities.SafeInvoke: LengthPrefixCommunicationChannel: MessageReceived: Invoking callback 1/1 for Microsoft.VisualStudio.TestPlatform.CommunicationUtilities.TestRequestSender+<>c__DisplayClass34_0., took 0 ms.
TpTrace Verbose: 0 : 20516, 12, 2024/10/27, 22:02:03.838, 4813200987248, vstest.console.dll, TcpClientExtensions.MessageLoopAsync: Polling on remoteEndPoint: 127.0.0.1:61503 localEndPoint: 127.0.0.1:61502 after 60 ms
TpTrace Verbose: 0 : 20516, 12, 2024/10/27, 22:02:03.842, 4813201030877, vstest.console.dll, TcpClientExtensions.MessageLoopAsync: NotifyDataAvailable remoteEndPoint: 127.0.0.1:61503 localEndPoint: 127.0.0.1:61502
TpTrace Verbose: 0 : 20516, 12, 2024/10/27, 22:02:03.843, 4813201033007, vstest.console.dll, TestRequestSender.OnExecutionMessageReceived: Received message: {"Version":7,"MessageType":"TestSession.Message","Payload":{"MessageLevel":0,"Message":"[xUnit.net 00:00:00.23]   Starting:    ClinicManagement.Tests"}}
TpTrace Verbose: 0 : 20516, 12, 2024/10/27, 22:02:03.843, 4813201034882, vstest.console.dll, TestRunRequest:SendTestRunMessage: Starting.
TpTrace Verbose: 0 : 20516, 12, 2024/10/27, 22:02:03.843, 4813201035946, vstest.console.dll, MulticastDelegateUtilities.SafeInvoke: TestRun.LogMessages: Invoking callback 1/1 for Microsoft.VisualStudio.TestPlatform.CommandLine.TestRunResultAggregator., took 0 ms.
TpTrace Information: 0 : 20516, 12, 2024/10/27, 22:02:03.843, 4813201036524, vstest.console.dll, TestRunRequest:SendTestRunMessage: Completed.
TpTrace Verbose: 0 : 20516, 4, 2024/10/27, 22:02:03.843, 4813201036212, vstest.console.dll, MulticastDelegateUtilities.SafeInvoke: InternalTestLoggerEvents.SendTestRunMessage: Invoking callback 1/1 for Microsoft.VisualStudio.TestPlatform.CommandLine.Internal.ConsoleLogger., took 0 ms.
TpTrace Verbose: 0 : 20516, 12, 2024/10/27, 22:02:03.843, 4813201037055, vstest.console.dll, MulticastDelegateUtilities.SafeInvoke: LengthPrefixCommunicationChannel: MessageReceived: Invoking callback 1/1 for Microsoft.VisualStudio.TestPlatform.CommunicationUtilities.TestRequestSender+<>c__DisplayClass34_0., took 0 ms.
TpTrace Verbose: 0 : 20516, 12, 2024/10/27, 22:02:03.843, 4813201038730, vstest.console.dll, TcpClientExtensions.MessageLoopAsync: Polling on remoteEndPoint: 127.0.0.1:61503 localEndPoint: 127.0.0.1:61502 after 5 ms
TpTrace Verbose: 0 : 20516, 12, 2024/10/27, 22:02:04.856, 4813211166479, vstest.console.dll, TcpClientExtensions.MessageLoopAsync: Polling on remoteEndPoint: 127.0.0.1:61503 localEndPoint: 127.0.0.1:61502 after 1012 ms
TpTrace Verbose: 0 : 20516, 12, 2024/10/27, 22:02:05.021, 4813212815244, vstest.console.dll, TcpClientExtensions.MessageLoopAsync: NotifyDataAvailable remoteEndPoint: 127.0.0.1:61503 localEndPoint: 127.0.0.1:61502
TpTrace Verbose: 0 : 20516, 12, 2024/10/27, 22:02:05.021, 4813212817549, vstest.console.dll, TestRequestSender.OnExecutionMessageReceived: Received message: {"Version":7,"MessageType":"TestExecution.StatsChange","Payload":{"NewTestResults":[],"TestRunStatistics":{"ExecutedTests":0,"Stats":{}},"ActiveTests":[{"Id":"e93437dd-59c3-765a-f41c-bf5bf640c361","FullyQualifiedName":"ClinicManagement.Tests.UnitTest1.Test1","DisplayName":"ClinicManagement.Tests.UnitTest1.Test1","ExecutorUri":"executor://xunit/VsTestRunner2/netcoreapp","Source":"C:\\Users\\Josue04\\Documents\\Semestre_6\\QA\\proyecto_pruebas\\ProyectoQA\\Code\\ClinicManagement.Tests\\bin\\Debug\\net8.0\\fine-code-coverage\\build-output\\ClinicManagement.Tests.dll","CodeFilePath":null,"LineNumber":0,"Properties":[]},{"Id":"957547ff-bdf7-753f-5185-88f85e312065","FullyQualifiedName":"ClinicManagement.Tests.Pruebas_J.isFeedbackPendingCuandoNoExisteLaCitaRetornaCero","DisplayName":"ClinicManagement.Tests.Pruebas_J.isFeedbackPendingCuandoNoExisteLaCitaRetornaCero","ExecutorUri":"executor://xunit/VsTestRunner2/netcoreapp","Source":"C:\\Users\\Josue04\\Documents\\Semestre_6\\QA\\proyecto_pruebas\\ProyectoQA\\Code\\ClinicManagement.Tests\\bin\\Debug\\net8.0\\fine-code-coverage\\build-output\\ClinicManagement.Tests.dll","CodeFilePath":null,"LineNumber":0,"Properties":[]}]}}
TpTrace Verbose: 0 : 20516, 12, 2024/10/27, 22:02:05.141, 4813214011208, vstest.console.dll, TestRunRequest:SendTestRunStatsChange: Starting.
TpTrace Verbose: 0 : 20516, 12, 2024/10/27, 22:02:05.141, 4813214014190, vstest.console.dll, InProgress is ClinicManagement.Tests.UnitTest1.Test1
TpTrace Verbose: 0 : 20516, 12, 2024/10/27, 22:02:05.141, 4813214015031, vstest.console.dll, InProgress is ClinicManagement.Tests.Pruebas_J.isFeedbackPendingCuandoNoExisteLaCitaRetornaCero
TpTrace Verbose: 0 : 20516, 12, 2024/10/27, 22:02:05.141, 4813214016799, vstest.console.dll, MulticastDelegateUtilities.SafeInvoke: TestRun.RunStatsChanged: Invoking callbacks was skipped because there are no subscribers.
TpTrace Information: 0 : 20516, 12, 2024/10/27, 22:02:05.141, 4813214017439, vstest.console.dll, TestRunRequest:SendTestRunStatsChange: Completed.
TpTrace Verbose: 0 : 20516, 12, 2024/10/27, 22:02:05.141, 4813214018113, vstest.console.dll, MulticastDelegateUtilities.SafeInvoke: LengthPrefixCommunicationChannel: MessageReceived: Invoking callback 1/1 for Microsoft.VisualStudio.TestPlatform.CommunicationUtilities.TestRequestSender+<>c__DisplayClass34_0., took 120 ms.
TpTrace Verbose: 0 : 20516, 12, 2024/10/27, 22:02:05.141, 4813214018669, vstest.console.dll, TcpClientExtensions.MessageLoopAsync: Polling on remoteEndPoint: 127.0.0.1:61503 localEndPoint: 127.0.0.1:61502 after 285 ms
TpTrace Verbose: 0 : 20516, 12, 2024/10/27, 22:02:06.153, 4813224131903, vstest.console.dll, TcpClientExtensions.MessageLoopAsync: Polling on remoteEndPoint: 127.0.0.1:61503 localEndPoint: 127.0.0.1:61502 after 1011 ms
TpTrace Verbose: 0 : 20516, 12, 2024/10/27, 22:02:06.426, 4813226865164, vstest.console.dll, TcpClientExtensions.MessageLoopAsync: NotifyDataAvailable remoteEndPoint: 127.0.0.1:61503 localEndPoint: 127.0.0.1:61502
TpTrace Verbose: 0 : 20516, 12, 2024/10/27, 22:02:06.427, 4813226871336, vstest.console.dll, TestRequestSender.OnExecutionMessageReceived: Received message: {"Version":7,"MessageType":"TestExecution.StatsChange","Payload":{"NewTestResults":[{"TestCase":{"Id":"957547ff-bdf7-753f-5185-88f85e312065","FullyQualifiedName":"ClinicManagement.Tests.Pruebas_J.isFeedbackPendingCuandoNoExisteLaCitaRetornaCero","DisplayName":"ClinicManagement.Tests.Pruebas_J.isFeedbackPendingCuandoNoExisteLaCitaRetornaCero","ExecutorUri":"executor://xunit/VsTestRunner2/netcoreapp","Source":"C:\\Users\\Josue04\\Documents\\Semestre_6\\QA\\proyecto_pruebas\\ProyectoQA\\Code\\ClinicManagement.Tests\\bin\\Debug\\net8.0\\fine-code-coverage\\build-output\\ClinicManagement.Tests.dll","CodeFilePath":null,"LineNumber":0,"Properties":[]},"Attachments":[],"Outcome":1,"ErrorMessage":null,"ErrorStackTrace":null,"DisplayName":"ClinicManagement.Tests.Pruebas_J.isFeedbackPendingCuandoNoExisteLaCitaRetornaCero","Messages":[],"ComputerName":"LAPTOP-QHBOLTCG","Duration":"00:00:01.8013386","StartTime":"2024-10-28T04:02:05.7203228+00:00","EndTime":"2024-10-28T04:02:05.7203933+00:00","Properties":[]},{"TestCase":{"Id":"e93437dd-59c3-765a-f41c-bf5bf640c361","FullyQualifiedName":"ClinicManagement.Tests.UnitTest1.Test1","DisplayName":"ClinicManagement.Tests.UnitTest1.Test1","ExecutorUri":"executor://xunit/VsTestRunner2/netcoreapp","Source":"C:\\Users\\Josue04\\Documents\\Semestre_6\\QA\\proyecto_pruebas\\ProyectoQA\\Code\\ClinicManagement.Tests\\bin\\Debug\\net8.0\\fine-code-coverage\\build-output\\ClinicManagement.Tests.dll","CodeFilePath":null,"LineNumber":0,"Properties":[]},"Attachments":[],"Outcome":1,"ErrorMessage":null,"ErrorStackTrace":null,"DisplayName":"ClinicManagement.Tests.UnitTest1.Test1","Messages":[],"ComputerName":"LAPTOP-QHBOLTCG","Duration":"00:00:01.8013442","StartTime":"2024-10-28T04:02:05.7466884+00:00","EndTime":"2024-10-28T04:02:05.7466887+00:00","Properties":[]},{"TestCase":{"Id":"2fdc2c91-bfab-0c2b-e196-4a49b714a315","FullyQualifiedName":"ClinicManagement.Tests.Pruebas_J.getNotificationsCuandoElPacienteTieneUnaCitaEnEstadoUnoRetornaUno","DisplayName":"ClinicManagement.Tests.Pruebas_J.getNotificationsCuandoElPacienteTieneUnaCitaEnEstadoUnoRetornaUno","ExecutorUri":"executor://xunit/VsTestRunner2/netcoreapp","Source":"C:\\Users\\Josue04\\Documents\\Semestre_6\\QA\\proyecto_pruebas\\ProyectoQA\\Code\\ClinicManagement.Tests\\bin\\Debug\\net8.0\\fine-code-coverage\\build-output\\ClinicManagement.Tests.dll","CodeFilePath":null,"LineNumber":0,"Properties":[]},"Attachments":[],"Outcome":1,"ErrorMessage":null,"ErrorStackTrace":null,"DisplayName":"ClinicManagement.Tests.Pruebas_J.getNotificationsCuandoElPacienteTieneUnaCitaEnEstadoUnoRetornaUno","Messages":[],"ComputerName":"LAPTOP-QHBOLTCG","Duration":"00:00:00.2232724","StartTime":"2024-10-28T04:02:05.9420577+00:00","EndTime":"2024-10-28T04:02:05.9420579+00:00","Properties":[]},{"TestCase":{"Id":"cd39c9f8-4a24-d2ea-7504-18fa61b76db4","FullyQualifiedName":"ClinicManagement.Tests.Pruebas_J.getNotificationsCuandoElPacienteTieneUnaCitaEnEstadoTresRetornaTres","DisplayName":"ClinicManagement.Tests.Pruebas_J.getNotificationsCuandoElPacienteTieneUnaCitaEnEstadoTresRetornaTres","ExecutorUri":"executor://xunit/VsTestRunner2/netcoreapp","Source":"C:\\Users\\Josue04\\Documents\\Semestre_6\\QA\\proyecto_pruebas\\ProyectoQA\\Code\\ClinicManagement.Tests\\bin\\Debug\\net8.0\\fine-code-coverage\\build-output\\ClinicManagement.Tests.dll","CodeFilePath":null,"LineNumber":0,"Properties":[]},"Attachments":[],"Outcome":1,"ErrorMessage":null,"ErrorStackTrace":null,"DisplayName":"ClinicManagement.Tests.Pruebas_J.getNotificationsCuandoElPacienteTieneUnaCitaEnEstadoTresRetornaTres","Messages":[],"ComputerName":"LAPTOP-QHBOLTCG","Duration":"00:00:00.1555658","StartTime":"2024-10-28T04:02:06.0986682+00:00","EndTime":"2024-10-28T04:02:06.0986685+00:00","Properties":[]},{"TestCase":{"Id":"80d679e2-aadb-0939-33a1-087e14094309","FullyQualifiedName":"ClinicManagement.Tests.Pruebas_J.getDeptDoctorInfo_RetornaUnaTablaConCeroFilas_CuandoElDepartamentoExistePeroNoTieneDoctoresAsociados","DisplayName":"ClinicManagement.Tests.Pruebas_J.getDeptDoctorInfo_RetornaUnaTablaConCeroFilas_CuandoElDepartamentoExistePeroNoTieneDoctoresAsociados","ExecutorUri":"executor://xunit/VsTestRunner2/netcoreapp","Source":"C:\\Users\\Josue04\\Documents\\Semestre_6\\QA\\proyecto_pruebas\\ProyectoQA\\Code\\ClinicManagement.Tests\\bin\\Debug\\net8.0\\fine-code-coverage\\build-output\\ClinicManagement.Tests.dll","CodeFilePath":null,"LineNumber":0,"Properties":[]},"Attachments":[],"Outcome":1,"ErrorMessage":null,"ErrorStackTrace":null,"DisplayName":"ClinicManagement.Tests.Pruebas_J.getDeptDoctorInfo_RetornaUnaTablaConCeroFilas_CuandoElDepartamentoExistePeroNoTieneDoctoresAsociados","Messages":[],"ComputerName":"LAPTOP-QHBOLTCG","Duration":"00:00:00.0786033","StartTime":"2024-10-28T04:02:06.176671+00:00","EndTime":"2024-10-28T04:02:06.1766715+00:00","Properties":[]},{"TestCase":{"Id":"cb4b2cfc-f877-8ed4-25da-e2ba4067f988","FullyQualifiedName":"ClinicManagement.Tests.Pruebas_J.getDeptDoctorInfo_RetornaUnaTabla_CuandoElDepartamentoExiste","DisplayName":"ClinicManagement.Tests.Pruebas_J.getDeptDoctorInfo_RetornaUnaTabla_CuandoElDepartamentoExiste","ExecutorUri":"executor://xunit/VsTestRunner2/netcoreapp","Source":"C:\\Users\\Josue04\\Documents\\Semestre_6\\QA\\proyecto_pruebas\\ProyectoQA\\Code\\ClinicManagement.Tests\\bin\\Debug\\net8.0\\fine-code-coverage\\build-output\\ClinicManagement.Tests.dll","CodeFilePath":null,"LineNumber":0,"Properties":[]},"Attachments":[],"Outcome":1,"ErrorMessage":null,"ErrorStackTrace":null,"DisplayName":"ClinicManagement.Tests.Pruebas_J.getDeptDoctorInfo_RetornaUnaTabla_CuandoElDepartamentoExiste","Messages":[],"ComputerName":"LAPTOP-QHBOLTCG","Duration":"00:00:00.0458346","StartTime":"2024-10-28T04:02:06.2226831+00:00","EndTime":"2024-10-28T04:02:06.2226834+00:00","Properties":[]},{"TestCase":{"Id":"acb66030-cb72-6a2b-03cd-f6fd724cf09f","FullyQualifiedName":"ClinicManagement.Tests.Pruebas_J.isFeedbackPendingCuandoExisteCitaPeroNoHayFeedbackPendienteRetornaCero","DisplayName":"ClinicManagement.Tests.Pruebas_J.isFeedbackPendingCuandoExisteCitaPeroNoHayFeedbackPendienteRetornaCero","ExecutorUri":"executor://xunit/VsTestRunner2/netcoreapp","Source":"C:\\Users\\Josue04\\Documents\\Semestre_6\\QA\\proyecto_pruebas\\ProyectoQA\\Code\\ClinicManagement.Tests\\bin\\Debug\\net8.0\\fine-code-coverage\\build-output\\ClinicManagement.Tests.dll","CodeFilePath":null,"LineNumber":0,"Properties":[]},"Attachments":[],"Outcome":1,"ErrorMessage":null,"ErrorStackTrace":null,"DisplayName":"ClinicManagement.Tests.Pruebas_J.isFeedbackPendingCuandoExisteCitaPeroNoHayFeedbackPendienteRetornaCero","Messages":[],"ComputerName":"LAPTOP-QHBOLTCG","Duration":"00:00:00.1685454","StartTime":"2024-10-28T04:02:06.3913757+00:00","EndTime":"2024-10-28T04:02:06.391376+00:00","Properties":[]},{"TestCase":{"Id":"30cf1c4e-5c04-7865-6f4e-af3e9eb64f62","FullyQualifiedName":"ClinicManagement.Tests.Pruebas_J.insertAppointmentFallaRetornaMenosUno","DisplayName":"ClinicManagement.Tests.Pruebas_J.insertAppointmentFallaRetornaMenosUno","ExecutorUri":"executor://xunit/VsTestRunner2/netcoreapp","Source":"C:\\Users\\Josue04\\Documents\\Semestre_6\\QA\\proyecto_pruebas\\ProyectoQA\\Code\\ClinicManagement.Tests\\bin\\Debug\\net8.0\\fine-code-coverage\\build-output\\ClinicManagement.Tests.dll","CodeFilePath":null,"LineNumber":0,"Properties":[]},"Attachments":[],"Outcome":1,"ErrorMessage":null,"ErrorStackTrace":null,"DisplayName":"ClinicManagement.Tests.Pruebas_J.insertAppointmentFallaRetornaMenosUno","Messages":[],"ComputerName":"LAPTOP-QHBOLTCG","Duration":"00:00:00.0063883","StartTime":"2024-10-28T04:02:06.3979874+00:00","EndTime":"2024-10-28T04:02:06.3979876+00:00","Properties":[]},{"TestCase":{"Id":"9c031dba-66da-8f0e-a65a-2e2a2df49cff","FullyQualifiedName":"ClinicManagement.Tests.Pruebas_J.GetDeptInfo_RetornaUnaDataTable_CuandoEsExitoso_YHayDatos","DisplayName":"ClinicManagement.Tests.Pruebas_J.GetDeptInfo_RetornaUnaDataTable_CuandoEsExitoso_YHayDatos","ExecutorUri":"executor://xunit/VsTestRunner2/netcoreapp","Source":"C:\\Users\\Josue04\\Documents\\Semestre_6\\QA\\proyecto_pruebas\\ProyectoQA\\Code\\ClinicManagement.Tests\\bin\\Debug\\net8.0\\fine-code-coverage\\build-output\\ClinicManagement.Tests.dll","CodeFilePath":null,"LineNumber":0,"Properties":[]},"Attachments":[],"Outcome":1,"ErrorMessage":null,"ErrorStackTrace":null,"DisplayName":"ClinicManagement.Tests.Pruebas_J.GetDeptInfo_RetornaUnaDataTable_CuandoEsExitoso_YHayDatos","Messages":[],"ComputerName":"LAPTOP-QHBOLTCG","Duration":"00:00:00.0110384","StartTime":"2024-10-28T04:02:06.4091734+00:00","EndTime":"2024-10-28T04:02:06.4091737+00:00","Properties":[]}],"TestRunStatistics":{"ExecutedTests":9,"Stats":{"Passed":9}},"ActiveTests":[{"Id":"8c116570-f889-d217-ddf3-106d6d465293","FullyQualifiedName":"ClinicManagement.Tests.Pruebas_J.getDeptDoctorInfo_RetornaUnaTablaVacia_CuandoElDepartamentoNoExiste","DisplayName":"ClinicManagement.Tests.Pruebas_J.getDeptDoctorInfo_RetornaUnaTablaVacia_CuandoElDepartamentoNoExiste","ExecutorUri":"executor://xunit/VsTestRunner2/netcoreapp","Source":"C:\\Users\\Josue04\\Documents\\Semestre_6\\QA\\proyecto_pruebas\\ProyectoQA\\Code\\ClinicManagement.Tests\\bin\\Debug\\net8.0\\fine-code-coverage\\build-output\\ClinicManagement.Tests.dll","CodeFilePath":null,"LineNumber":0,"Properties":[]}]}}
TpTrace Verbose: 0 : 20516, 12, 2024/10/27, 22:02:06.438, 4813226983285, vstest.console.dll, TestRunRequest:SendTestRunStatsChange: Starting.
TpTrace Verbose: 0 : 20516, 12, 2024/10/27, 22:02:06.438, 4813226984563, vstest.console.dll, InProgress is ClinicManagement.Tests.Pruebas_J.getDeptDoctorInfo_RetornaUnaTablaVacia_CuandoElDepartamentoNoExiste
TpTrace Verbose: 0 : 20516, 12, 2024/10/27, 22:02:06.439, 4813226991553, vstest.console.dll, MulticastDelegateUtilities.SafeInvoke: TestRun.RunStatsChanged: Invoking callbacks was skipped because there are no subscribers.
TpTrace Information: 0 : 20516, 12, 2024/10/27, 22:02:06.439, 4813226992635, vstest.console.dll, TestRunRequest:SendTestRunStatsChange: Completed.
TpTrace Verbose: 0 : 20516, 12, 2024/10/27, 22:02:06.439, 4813226994068, vstest.console.dll, MulticastDelegateUtilities.SafeInvoke: LengthPrefixCommunicationChannel: MessageReceived: Invoking callback 1/1 for Microsoft.VisualStudio.TestPlatform.CommunicationUtilities.TestRequestSender+<>c__DisplayClass34_0., took 12 ms.
TpTrace Verbose: 0 : 20516, 12, 2024/10/27, 22:02:06.439, 4813226994888, vstest.console.dll, TcpClientExtensions.MessageLoopAsync: Polling on remoteEndPoint: 127.0.0.1:61503 localEndPoint: 127.0.0.1:61502 after 286 ms
TpTrace Verbose: 0 : 20516, 4, 2024/10/27, 22:02:06.444, 4813227043285, vstest.console.dll, MulticastDelegateUtilities.SafeInvoke: InternalTestLoggerEvents.SendTestResult: Invoking callback 1/1 for Microsoft.VisualStudio.TestPlatform.CommandLine.Internal.ConsoleLogger., took 5 ms.
TpTrace Verbose: 0 : 20516, 4, 2024/10/27, 22:02:06.444, 4813227047385, vstest.console.dll, MulticastDelegateUtilities.SafeInvoke: InternalTestLoggerEvents.SendTestResult: Invoking callback 1/1 for Microsoft.VisualStudio.TestPlatform.CommandLine.Internal.ConsoleLogger., took 0 ms.
TpTrace Verbose: 0 : 20516, 4, 2024/10/27, 22:02:06.444, 4813227048232, vstest.console.dll, MulticastDelegateUtilities.SafeInvoke: InternalTestLoggerEvents.SendTestResult: Invoking callback 1/1 for Microsoft.VisualStudio.TestPlatform.CommandLine.Internal.ConsoleLogger., took 0 ms.
TpTrace Verbose: 0 : 20516, 4, 2024/10/27, 22:02:06.444, 4813227048737, vstest.console.dll, MulticastDelegateUtilities.SafeInvoke: InternalTestLoggerEvents.SendTestResult: Invoking callback 1/1 for Microsoft.VisualStudio.TestPlatform.CommandLine.Internal.ConsoleLogger., took 0 ms.
TpTrace Verbose: 0 : 20516, 4, 2024/10/27, 22:02:06.444, 4813227049206, vstest.console.dll, MulticastDelegateUtilities.SafeInvoke: InternalTestLoggerEvents.SendTestResult: Invoking callback 1/1 for Microsoft.VisualStudio.TestPlatform.CommandLine.Internal.ConsoleLogger., took 0 ms.
TpTrace Verbose: 0 : 20516, 4, 2024/10/27, 22:02:06.444, 4813227049657, vstest.console.dll, MulticastDelegateUtilities.SafeInvoke: InternalTestLoggerEvents.SendTestResult: Invoking callback 1/1 for Microsoft.VisualStudio.TestPlatform.CommandLine.Internal.ConsoleLogger., took 0 ms.
TpTrace Verbose: 0 : 20516, 4, 2024/10/27, 22:02:06.444, 4813227050109, vstest.console.dll, MulticastDelegateUtilities.SafeInvoke: InternalTestLoggerEvents.SendTestResult: Invoking callback 1/1 for Microsoft.VisualStudio.TestPlatform.CommandLine.Internal.ConsoleLogger., took 0 ms.
TpTrace Verbose: 0 : 20516, 4, 2024/10/27, 22:02:06.444, 4813227050555, vstest.console.dll, MulticastDelegateUtilities.SafeInvoke: InternalTestLoggerEvents.SendTestResult: Invoking callback 1/1 for Microsoft.VisualStudio.TestPlatform.CommandLine.Internal.ConsoleLogger., took 0 ms.
TpTrace Verbose: 0 : 20516, 4, 2024/10/27, 22:02:06.444, 4813227050985, vstest.console.dll, MulticastDelegateUtilities.SafeInvoke: InternalTestLoggerEvents.SendTestResult: Invoking callback 1/1 for Microsoft.VisualStudio.TestPlatform.CommandLine.Internal.ConsoleLogger., took 0 ms.
TpTrace Verbose: 0 : 20516, 12, 2024/10/27, 22:02:06.687, 4813229480911, vstest.console.dll, TcpClientExtensions.MessageLoopAsync: NotifyDataAvailable remoteEndPoint: 127.0.0.1:61503 localEndPoint: 127.0.0.1:61502
TpTrace Verbose: 0 : 20516, 12, 2024/10/27, 22:02:06.688, 4813229484471, vstest.console.dll, TestRequestSender.OnExecutionMessageReceived: Received message: {"Version":7,"MessageType":"TestExecution.StatsChange","Payload":{"NewTestResults":[{"TestCase":{"Id":"8c116570-f889-d217-ddf3-106d6d465293","FullyQualifiedName":"ClinicManagement.Tests.Pruebas_J.getDeptDoctorInfo_RetornaUnaTablaVacia_CuandoElDepartamentoNoExiste","DisplayName":"ClinicManagement.Tests.Pruebas_J.getDeptDoctorInfo_RetornaUnaTablaVacia_CuandoElDepartamentoNoExiste","ExecutorUri":"executor://xunit/VsTestRunner2/netcoreapp","Source":"C:\\Users\\Josue04\\Documents\\Semestre_6\\QA\\proyecto_pruebas\\ProyectoQA\\Code\\ClinicManagement.Tests\\bin\\Debug\\net8.0\\fine-code-coverage\\build-output\\ClinicManagement.Tests.dll","CodeFilePath":null,"LineNumber":0,"Properties":[]},"Attachments":[],"Outcome":1,"ErrorMessage":null,"ErrorStackTrace":null,"DisplayName":"ClinicManagement.Tests.Pruebas_J.getDeptDoctorInfo_RetornaUnaTablaVacia_CuandoElDepartamentoNoExiste","Messages":[],"ComputerName":"LAPTOP-QHBOLTCG","Duration":"00:00:00.0015256","StartTime":"2024-10-28T04:02:06.428484+00:00","EndTime":"2024-10-28T04:02:06.4284845+00:00","Properties":[]},{"TestCase":{"Id":"101b9aef-bf53-bba6-d18c-7b3966aa26ab","FullyQualifiedName":"ClinicManagement.Tests.Pruebas_J.isFeedbackPendingCuandoExisteCitaYHayFeedbackPendiente","DisplayName":"ClinicManagement.Tests.Pruebas_J.isFeedbackPendingCuandoExisteCitaYHayFeedbackPendiente","ExecutorUri":"executor://xunit/VsTestRunner2/netcoreapp","Source":"C:\\Users\\Josue04\\Documents\\Semestre_6\\QA\\proyecto_pruebas\\ProyectoQA\\Code\\ClinicManagement.Tests\\bin\\Debug\\net8.0\\fine-code-coverage\\build-output\\ClinicManagement.Tests.dll","CodeFilePath":null,"LineNumber":0,"Properties":[]},"Attachments":[],"Outcome":1,"ErrorMessage":null,"ErrorStackTrace":null,"DisplayName":"ClinicManagement.Tests.Pruebas_J.isFeedbackPendingCuandoExisteCitaYHayFeedbackPendiente","Messages":[],"ComputerName":"LAPTOP-QHBOLTCG","Duration":"00:00:00.2108916","StartTime":"2024-10-28T04:02:06.6219127+00:00","EndTime":"2024-10-28T04:02:06.621913+00:00","Properties":[]},{"TestCase":{"Id":"de6e0ff2-751e-1ab1-16ba-2a21a2bec1db","FullyQualifiedName":"ClinicManagement.Tests.Pruebas_J.givePendingFeedbackCuandoLaCitaExisteRetorna0","DisplayName":"ClinicManagement.Tests.Pruebas_J.givePendingFeedbackCuandoLaCitaExisteRetorna0","ExecutorUri":"executor://xunit/VsTestRunner2/netcoreapp","Source":"C:\\Users\\Josue04\\Documents\\Semestre_6\\QA\\proyecto_pruebas\\ProyectoQA\\Code\\ClinicManagement.Tests\\bin\\Debug\\net8.0\\fine-code-coverage\\build-output\\ClinicManagement.Tests.dll","CodeFilePath":null,"LineNumber":0,"Properties":[]},"Attachments":[],"Outcome":1,"ErrorMessage":null,"ErrorStackTrace":null,"DisplayName":"ClinicManagement.Tests.Pruebas_J.givePendingFeedbackCuandoLaCitaExisteRetorna0","Messages":[],"ComputerName":"LAPTOP-QHBOLTCG","Duration":"00:00:00.0073358","StartTime":"2024-10-28T04:02:06.6294621+00:00","EndTime":"2024-10-28T04:02:06.6294624+00:00","Properties":[]},{"TestCase":{"Id":"1c1f169c-3a94-3d46-d2cb-08e05a482df2","FullyQualifiedName":"ClinicManagement.Tests.Pruebas_J.insertAppointmentFuncionaCuandoTodoLosParametrosEstanCorrectosYRetornaCero","DisplayName":"ClinicManagement.Tests.Pruebas_J.insertAppointmentFuncionaCuandoTodoLosParametrosEstanCorrectosYRetornaCero","ExecutorUri":"executor://xunit/VsTestRunner2/netcoreapp","Source":"C:\\Users\\Josue04\\Documents\\Semestre_6\\QA\\proyecto_pruebas\\ProyectoQA\\Code\\ClinicManagement.Tests\\bin\\Debug\\net8.0\\fine-code-coverage\\build-output\\ClinicManagement.Tests.dll","CodeFilePath":null,"LineNumber":0,"Properties":[]},"Attachments":[],"Outcome":1,"ErrorMessage":null,"ErrorStackTrace":null,"DisplayName":"ClinicManagement.Tests.Pruebas_J.insertAppointmentFuncionaCuandoTodoLosParametrosEstanCorrectosYRetornaCero","Messages":[],"ComputerName":"LAPTOP-QHBOLTCG","Duration":"00:00:00.0079158","StartTime":"2024-10-28T04:02:06.6375483+00:00","EndTime":"2024-10-28T04:02:06.6375486+00:00","Properties":[]},{"TestCase":{"Id":"aedf5b04-8d97-10f8-8025-b6e2a4de16b7","FullyQualifiedName":"ClinicManagement.Tests.Pruebas_J.getNotificationsCuandoElPacienteTieneUnaCitaPeroLaNotificacionEstaMarcadaComoVistaRetornaCero","DisplayName":"ClinicManagement.Tests.Pruebas_J.getNotificationsCuandoElPacienteTieneUnaCitaPeroLaNotificacionEstaMarcadaComoVistaRetornaCero","ExecutorUri":"executor://xunit/VsTestRunner2/netcoreapp","Source":"C:\\Users\\Josue04\\Documents\\Semestre_6\\QA\\proyecto_pruebas\\ProyectoQA\\Code\\ClinicManagement.Tests\\bin\\Debug\\net8.0\\fine-code-coverage\\build-output\\ClinicManagement.Tests.dll","CodeFilePath":null,"LineNumber":0,"Properties":[]},"Attachments":[],"Outcome":1,"ErrorMessage":null,"ErrorStackTrace":null,"DisplayName":"ClinicManagement.Tests.Pruebas_J.getNotificationsCuandoElPacienteTieneUnaCitaPeroLaNotificacionEstaMarcadaComoVistaRetornaCero","Messages":[],"ComputerName":"LAPTOP-QHBOLTCG","Duration":"00:00:00.0115954","StartTime":"2024-10-28T04:02:06.6492969+00:00","EndTime":"2024-10-28T04:02:06.6492972+00:00","Properties":[]},{"TestCase":{"Id":"0c3d2a9a-4bf6-f113-1e86-a7e0cf6d185f","FullyQualifiedName":"ClinicManagement.Tests.Pruebas_J.docinfo_DALCuandoElDoctorBuscadoExiste","DisplayName":"ClinicManagement.Tests.Pruebas_J.docinfo_DALCuandoElDoctorBuscadoExiste","ExecutorUri":"executor://xunit/VsTestRunner2/netcoreapp","Source":"C:\\Users\\Josue04\\Documents\\Semestre_6\\QA\\proyecto_pruebas\\ProyectoQA\\Code\\ClinicManagement.Tests\\bin\\Debug\\net8.0\\fine-code-coverage\\build-output\\ClinicManagement.Tests.dll","CodeFilePath":null,"LineNumber":0,"Properties":[]},"Attachments":[],"Outcome":1,"ErrorMessage":null,"ErrorStackTrace":null,"DisplayName":"ClinicManagement.Tests.Pruebas_J.docinfo_DALCuandoElDoctorBuscadoExiste","Messages":[],"ComputerName":"LAPTOP-QHBOLTCG","Duration":"00:00:00.0069576","StartTime":"2024-10-28T04:02:06.6564176+00:00","EndTime":"2024-10-28T04:02:06.6564181+00:00","Properties":[]},{"TestCase":{"Id":"e29bc9f1-0cca-fbb7-150f-5708f6891b8b","FullyQualifiedName":"ClinicManagement.Tests.Pruebas_J.CuandoSeInsertaCorrectamenteLaCita_DebeExistirUnMensajeQueNoSeaNulo","DisplayName":"ClinicManagement.Tests.Pruebas_J.CuandoSeInsertaCorrectamenteLaCita_DebeExistirUnMensajeQueNoSeaNulo","ExecutorUri":"executor://xunit/VsTestRunner2/netcoreapp","Source":"C:\\Users\\Josue04\\Documents\\Semestre_6\\QA\\proyecto_pruebas\\ProyectoQA\\Code\\ClinicManagement.Tests\\bin\\Debug\\net8.0\\fine-code-coverage\\build-output\\ClinicManagement.Tests.dll","CodeFilePath":null,"LineNumber":0,"Properties":[]},"Attachments":[],"Outcome":1,"ErrorMessage":null,"ErrorStackTrace":null,"DisplayName":"ClinicManagement.Tests.Pruebas_J.CuandoSeInsertaCorrectamenteLaCita_DebeExistirUnMensajeQueNoSeaNulo","Messages":[],"ComputerName":"LAPTOP-QHBOLTCG","Duration":"00:00:00.0110523","StartTime":"2024-10-28T04:02:06.6676427+00:00","EndTime":"2024-10-28T04:02:06.6676431+00:00","Properties":[]},{"TestCase":{"Id":"daa60450-7d40-ad3b-8ecc-e16543686ff7","FullyQualifiedName":"ClinicManagement.Tests.Pruebas_J.doctorInfoDisplayer_FuncionaCuandoElDoctorExiste","DisplayName":"ClinicManagement.Tests.Pruebas_J.doctorInfoDisplayer_FuncionaCuandoElDoctorExiste","ExecutorUri":"executor://xunit/VsTestRunner2/netcoreapp","Source":"C:\\Users\\Josue04\\Documents\\Semestre_6\\QA\\proyecto_pruebas\\ProyectoQA\\Code\\ClinicManagement.Tests\\bin\\Debug\\net8.0\\fine-code-coverage\\build-output\\ClinicManagement.Tests.dll","CodeFilePath":null,"LineNumber":0,"Properties":[]},"Attachments":[],"Outcome":1,"ErrorMessage":null,"ErrorStackTrace":null,"DisplayName":"ClinicManagement.Tests.Pruebas_J.doctorInfoDisplayer_FuncionaCuandoElDoctorExiste","Messages":[],"ComputerName":"LAPTOP-QHBOLTCG","Duration":"00:00:00.0048943","StartTime":"2024-10-28T04:02:06.672727+00:00","EndTime":"2024-10-28T04:02:06.6727273+00:00","Properties":[]},{"TestCase":{"Id":"caf7bb48-f7bd-bd82-e5ca-b98c0f846b99","FullyQualifiedName":"ClinicManagement.Tests.Pruebas_J.givePendingFeedbackCuandoLaCitaNoExisteRetorna0","DisplayName":"ClinicManagement.Tests.Pruebas_J.givePendingFeedbackCuandoLaCitaNoExisteRetorna0","ExecutorUri":"executor://xunit/VsTestRunner2/netcoreapp","Source":"C:\\Users\\Josue04\\Documents\\Semestre_6\\QA\\proyecto_pruebas\\ProyectoQA\\Code\\ClinicManagement.Tests\\bin\\Debug\\net8.0\\fine-code-coverage\\build-output\\ClinicManagement.Tests.dll","CodeFilePath":null,"LineNumber":0,"Properties":[]},"Attachments":[],"Outcome":1,"ErrorMessage":null,"ErrorStackTrace":null,"DisplayName":"ClinicManagement.Tests.Pruebas_J.givePendingFeedbackCuandoLaCitaNoExisteRetorna0","Messages":[],"ComputerName":"LAPTOP-QHBOLTCG","Duration":"00:00:00.0090459","StartTime":"2024-10-28T04:02:06.6819495+00:00","EndTime":"2024-10-28T04:02:06.6819508+00:00","Properties":[]}],"TestRunStatistics":{"ExecutedTests":18,"Stats":{"Passed":18}},"ActiveTests":[{"Id":"6b90b919-a11d-76fa-0e5e-59b463736064","FullyQualifiedName":"ClinicManagement.Tests.Pruebas_J.getNotificationsCuandoNoEncuentraPacienteRetornaCero","DisplayName":"ClinicManagement.Tests.Pruebas_J.getNotificationsCuandoNoEncuentraPacienteRetornaCero","ExecutorUri":"executor://xunit/VsTestRunner2/netcoreapp","Source":"C:\\Users\\Josue04\\Documents\\Semestre_6\\QA\\proyecto_pruebas\\ProyectoQA\\Code\\ClinicManagement.Tests\\bin\\Debug\\net8.0\\fine-code-coverage\\build-output\\ClinicManagement.Tests.dll","CodeFilePath":null,"LineNumber":0,"Properties":[]}]}}
TpTrace Verbose: 0 : 20516, 12, 2024/10/27, 22:02:06.690, 4813229505586, vstest.console.dll, TestRunRequest:SendTestRunStatsChange: Starting.
TpTrace Verbose: 0 : 20516, 12, 2024/10/27, 22:02:06.690, 4813229506754, vstest.console.dll, InProgress is ClinicManagement.Tests.Pruebas_J.getNotificationsCuandoNoEncuentraPacienteRetornaCero
TpTrace Verbose: 0 : 20516, 12, 2024/10/27, 22:02:06.690, 4813229507710, vstest.console.dll, MulticastDelegateUtilities.SafeInvoke: TestRun.RunStatsChanged: Invoking callbacks was skipped because there are no subscribers.
TpTrace Information: 0 : 20516, 12, 2024/10/27, 22:02:06.690, 4813229508249, vstest.console.dll, TestRunRequest:SendTestRunStatsChange: Completed.
TpTrace Verbose: 0 : 20516, 4, 2024/10/27, 22:02:06.690, 4813229508311, vstest.console.dll, MulticastDelegateUtilities.SafeInvoke: InternalTestLoggerEvents.SendTestResult: Invoking callback 1/1 for Microsoft.VisualStudio.TestPlatform.CommandLine.Internal.ConsoleLogger., took 0 ms.
TpTrace Verbose: 0 : 20516, 12, 2024/10/27, 22:02:06.690, 4813229508801, vstest.console.dll, MulticastDelegateUtilities.SafeInvoke: LengthPrefixCommunicationChannel: MessageReceived: Invoking callback 1/1 for Microsoft.VisualStudio.TestPlatform.CommunicationUtilities.TestRequestSender+<>c__DisplayClass34_0., took 2 ms.
TpTrace Verbose: 0 : 20516, 4, 2024/10/27, 22:02:06.690, 4813229510119, vstest.console.dll, MulticastDelegateUtilities.SafeInvoke: InternalTestLoggerEvents.SendTestResult: Invoking callback 1/1 for Microsoft.VisualStudio.TestPlatform.CommandLine.Internal.ConsoleLogger., took 0 ms.
TpTrace Verbose: 0 : 20516, 12, 2024/10/27, 22:02:06.690, 4813229510458, vstest.console.dll, TcpClientExtensions.MessageLoopAsync: Polling on remoteEndPoint: 127.0.0.1:61503 localEndPoint: 127.0.0.1:61502 after 251 ms
TpTrace Verbose: 0 : 20516, 4, 2024/10/27, 22:02:06.691, 4813229512380, vstest.console.dll, MulticastDelegateUtilities.SafeInvoke: InternalTestLoggerEvents.SendTestResult: Invoking callback 1/1 for Microsoft.VisualStudio.TestPlatform.CommandLine.Internal.ConsoleLogger., took 0 ms.
TpTrace Verbose: 0 : 20516, 4, 2024/10/27, 22:02:06.691, 4813229513349, vstest.console.dll, MulticastDelegateUtilities.SafeInvoke: InternalTestLoggerEvents.SendTestResult: Invoking callback 1/1 for Microsoft.VisualStudio.TestPlatform.CommandLine.Internal.ConsoleLogger., took 0 ms.
TpTrace Verbose: 0 : 20516, 4, 2024/10/27, 22:02:06.691, 4813229514159, vstest.console.dll, MulticastDelegateUtilities.SafeInvoke: InternalTestLoggerEvents.SendTestResult: Invoking callback 1/1 for Microsoft.VisualStudio.TestPlatform.CommandLine.Internal.ConsoleLogger., took 0 ms.
TpTrace Verbose: 0 : 20516, 4, 2024/10/27, 22:02:06.691, 4813229514941, vstest.console.dll, MulticastDelegateUtilities.SafeInvoke: InternalTestLoggerEvents.SendTestResult: Invoking callback 1/1 for Microsoft.VisualStudio.TestPlatform.CommandLine.Internal.ConsoleLogger., took 0 ms.
TpTrace Verbose: 0 : 20516, 4, 2024/10/27, 22:02:06.691, 4813229515742, vstest.console.dll, MulticastDelegateUtilities.SafeInvoke: InternalTestLoggerEvents.SendTestResult: Invoking callback 1/1 for Microsoft.VisualStudio.TestPlatform.CommandLine.Internal.ConsoleLogger., took 0 ms.
TpTrace Verbose: 0 : 20516, 4, 2024/10/27, 22:02:06.691, 4813229516617, vstest.console.dll, MulticastDelegateUtilities.SafeInvoke: InternalTestLoggerEvents.SendTestResult: Invoking callback 1/1 for Microsoft.VisualStudio.TestPlatform.CommandLine.Internal.ConsoleLogger., took 0 ms.
TpTrace Verbose: 0 : 20516, 4, 2024/10/27, 22:02:06.691, 4813229517339, vstest.console.dll, MulticastDelegateUtilities.SafeInvoke: InternalTestLoggerEvents.SendTestResult: Invoking callback 1/1 for Microsoft.VisualStudio.TestPlatform.CommandLine.Internal.ConsoleLogger., took 0 ms.
TpTrace Verbose: 0 : 20516, 12, 2024/10/27, 22:02:06.828, 4813230885868, vstest.console.dll, TcpClientExtensions.MessageLoopAsync: NotifyDataAvailable remoteEndPoint: 127.0.0.1:61503 localEndPoint: 127.0.0.1:61502
TpTrace Verbose: 0 : 20516, 12, 2024/10/27, 22:02:06.828, 4813230887418, vstest.console.dll, TestRequestSender.OnExecutionMessageReceived: Received message: {"Version":7,"MessageType":"TestSession.Message","Payload":{"MessageLevel":0,"Message":"[xUnit.net 00:00:03.21]   Finished:    ClinicManagement.Tests"}}
TpTrace Verbose: 0 : 20516, 12, 2024/10/27, 22:02:06.828, 4813230888947, vstest.console.dll, TestRunRequest:SendTestRunMessage: Starting.
TpTrace Verbose: 0 : 20516, 12, 2024/10/27, 22:02:06.828, 4813230890002, vstest.console.dll, MulticastDelegateUtilities.SafeInvoke: TestRun.LogMessages: Invoking callback 1/1 for Microsoft.VisualStudio.TestPlatform.CommandLine.TestRunResultAggregator., took 0 ms.
TpTrace Verbose: 0 : 20516, 4, 2024/10/27, 22:02:06.828, 4813230890228, vstest.console.dll, MulticastDelegateUtilities.SafeInvoke: InternalTestLoggerEvents.SendTestRunMessage: Invoking callback 1/1 for Microsoft.VisualStudio.TestPlatform.CommandLine.Internal.ConsoleLogger., took 0 ms.
TpTrace Information: 0 : 20516, 12, 2024/10/27, 22:02:06.828, 4813230890577, vstest.console.dll, TestRunRequest:SendTestRunMessage: Completed.
TpTrace Verbose: 0 : 20516, 12, 2024/10/27, 22:02:06.829, 4813230891776, vstest.console.dll, MulticastDelegateUtilities.SafeInvoke: LengthPrefixCommunicationChannel: MessageReceived: Invoking callback 1/1 for Microsoft.VisualStudio.TestPlatform.CommunicationUtilities.TestRequestSender+<>c__DisplayClass34_0., took 0 ms.
TpTrace Verbose: 0 : 20516, 12, 2024/10/27, 22:02:06.829, 4813230892333, vstest.console.dll, TcpClientExtensions.MessageLoopAsync: Polling on remoteEndPoint: 127.0.0.1:61503 localEndPoint: 127.0.0.1:61502 after 138 ms
TpTrace Verbose: 0 : 20516, 12, 2024/10/27, 22:02:06.859, 4813231194239, vstest.console.dll, TcpClientExtensions.MessageLoopAsync: NotifyDataAvailable remoteEndPoint: 127.0.0.1:61503 localEndPoint: 127.0.0.1:61502
TpTrace Verbose: 0 : 20516, 12, 2024/10/27, 22:02:06.859, 4813231196790, vstest.console.dll, TestRequestSender.OnExecutionMessageReceived: Received message: {"Version":7,"MessageType":"TestExecution.Completed","Payload":{"TestRunCompleteArgs":{"TestRunStatistics":{"ExecutedTests":25,"Stats":{"Passed":25}},"IsCanceled":false,"IsAborted":false,"Error":null,"AttachmentSets":[],"InvokedDataCollectors":[],"ElapsedTimeInRunningTests":"00:00:03.2403676","Metrics":{},"DiscoveredExtensions":{"TestDiscoverers":["Xunit.Runner.VisualStudio.VsTestRunner, xunit.runner.visualstudio.testadapter, Version=2.8.2.0, Culture=neutral, PublicKeyToken=null"],"TestExecutors":["executor://xunit/VsTestRunner2/netcoreapp"],"TestExecutors2":[],"TestSettingsProviders":[]}},"LastRunTests":{"NewTestResults":[{"TestCase":{"Id":"6b90b919-a11d-76fa-0e5e-59b463736064","FullyQualifiedName":"ClinicManagement.Tests.Pruebas_J.getNotificationsCuandoNoEncuentraPacienteRetornaCero","DisplayName":"ClinicManagement.Tests.Pruebas_J.getNotificationsCuandoNoEncuentraPacienteRetornaCero","ExecutorUri":"executor://xunit/VsTestRunner2/netcoreapp","Source":"C:\\Users\\Josue04\\Documents\\Semestre_6\\QA\\proyecto_pruebas\\ProyectoQA\\Code\\ClinicManagement.Tests\\bin\\Debug\\net8.0\\fine-code-coverage\\build-output\\ClinicManagement.Tests.dll","CodeFilePath":null,"LineNumber":0,"Properties":[]},"Attachments":[],"Outcome":1,"ErrorMessage":null,"ErrorStackTrace":null,"DisplayName":"ClinicManagement.Tests.Pruebas_J.getNotificationsCuandoNoEncuentraPacienteRetornaCero","Messages":[],"ComputerName":"LAPTOP-QHBOLTCG","Duration":"00:00:00.0089765","StartTime":"2024-10-28T04:02:06.6910993+00:00","EndTime":"2024-10-28T04:02:06.6910996+00:00","Properties":[]},{"TestCase":{"Id":"9aa56afd-a002-c34e-550e-ee2d127e6ccf","FullyQualifiedName":"ClinicManagement.Tests.Pruebas_J.getDeptDoctorInfo_RetornaUnaTablaConTodosLosResultados_CuandoElDepartamentoExistePeroYTieneDoctoresAsociados","DisplayName":"ClinicManagement.Tests.Pruebas_J.getDeptDoctorInfo_RetornaUnaTablaConTodosLosResultados_CuandoElDepartamentoExistePeroYTieneDoctoresAsociados","ExecutorUri":"executor://xunit/VsTestRunner2/netcoreapp","Source":"C:\\Users\\Josue04\\Documents\\Semestre_6\\QA\\proyecto_pruebas\\ProyectoQA\\Code\\ClinicManagement.Tests\\bin\\Debug\\net8.0\\fine-code-coverage\\build-output\\ClinicManagement.Tests.dll","CodeFilePath":null,"LineNumber":0,"Properties":[]},"Attachments":[],"Outcome":1,"ErrorMessage":null,"ErrorStackTrace":null,"DisplayName":"ClinicManagement.Tests.Pruebas_J.getDeptDoctorInfo_RetornaUnaTablaConTodosLosResultados_CuandoElDepartamentoExistePeroYTieneDoctoresAsociados","Messages":[],"ComputerName":"LAPTOP-QHBOLTCG","Duration":"00:00:00.0872172","StartTime":"2024-10-28T04:02:06.7786038+00:00","EndTime":"2024-10-28T04:02:06.7786045+00:00","Properties":[]},{"TestCase":{"Id":"aa58686d-b4f9-5b60-3549-6da672483e62","FullyQualifiedName":"ClinicManagement.Tests.Pruebas_J.getFreeSlots_DevuelveNueve_AunCuandoHayIdsSinSentidoYHorasMayoresAVeinticuatro","DisplayName":"ClinicManagement.Tests.Pruebas_J.getFreeSlots_DevuelveNueve_AunCuandoHayIdsSinSentidoYHorasMayoresAVeinticuatro","ExecutorUri":"executor://xunit/VsTestRunner2/netcoreapp","Source":"C:\\Users\\Josue04\\Documents\\Semestre_6\\QA\\proyecto_pruebas\\ProyectoQA\\Code\\ClinicManagement.Tests\\bin\\Debug\\net8.0\\fine-code-coverage\\build-output\\ClinicManagement.Tests.dll","CodeFilePath":null,"LineNumber":0,"Properties":[]},"Attachments":[],"Outcome":1,"ErrorMessage":null,"ErrorStackTrace":null,"DisplayName":"ClinicManagement.Tests.Pruebas_J.getFreeSlots_DevuelveNueve_AunCuandoHayIdsSinSentidoYHorasMayoresAVeinticuatro","Messages":[],"ComputerName":"LAPTOP-QHBOLTCG","Duration":"00:00:00.0074711","StartTime":"2024-10-28T04:02:06.7861527+00:00","EndTime":"2024-10-28T04:02:06.786153+00:00","Properties":[]},{"TestCase":{"Id":"ef0bf261-ce75-9a93-f8e8-7325e4426fdf","FullyQualifiedName":"ClinicManagement.Tests.Pruebas_J.docinfo_DALCuandoElDoctorBuscadoExisteSeTraeLaInformacionCorrecta","DisplayName":"ClinicManagement.Tests.Pruebas_J.docinfo_DALCuandoElDoctorBuscadoExisteSeTraeLaInformacionCorrecta","ExecutorUri":"executor://xunit/VsTestRunner2/netcoreapp","Source":"C:\\Users\\Josue04\\Documents\\Semestre_6\\QA\\proyecto_pruebas\\ProyectoQA\\Code\\ClinicManagement.Tests\\bin\\Debug\\net8.0\\fine-code-coverage\\build-output\\ClinicManagement.Tests.dll","CodeFilePath":null,"LineNumber":0,"Properties":[]},"Attachments":[],"Outcome":1,"ErrorMessage":null,"ErrorStackTrace":null,"DisplayName":"ClinicManagement.Tests.Pruebas_J.docinfo_DALCuandoElDoctorBuscadoExisteSeTraeLaInformacionCorrecta","Messages":[],"ComputerName":"LAPTOP-QHBOLTCG","Duration":"00:00:00.0034585","StartTime":"2024-10-28T04:02:06.793457+00:00","EndTime":"2024-10-28T04:02:06.7934574+00:00","Properties":[]},{"TestCase":{"Id":"a2ef0c4f-b88b-581d-9836-f5ec5cccd82d","FullyQualifiedName":"ClinicManagement.Tests.Pruebas_J.docinfo_DALCuandoElDoctorBuscadoNoExiste","DisplayName":"ClinicManagement.Tests.Pruebas_J.docinfo_DALCuandoElDoctorBuscadoNoExiste","ExecutorUri":"executor://xunit/VsTestRunner2/netcoreapp","Source":"C:\\Users\\Josue04\\Documents\\Semestre_6\\QA\\proyecto_pruebas\\ProyectoQA\\Code\\ClinicManagement.Tests\\bin\\Debug\\net8.0\\fine-code-coverage\\build-output\\ClinicManagement.Tests.dll","CodeFilePath":null,"LineNumber":0,"Properties":[]},"Attachments":[],"Outcome":1,"ErrorMessage":null,"ErrorStackTrace":null,"DisplayName":"ClinicManagement.Tests.Pruebas_J.docinfo_DALCuandoElDoctorBuscadoNoExiste","Messages":[],"ComputerName":"LAPTOP-QHBOLTCG","Duration":"00:00:00.0064443","StartTime":"2024-10-28T04:02:06.7996477+00:00","EndTime":"2024-10-28T04:02:06.7996481+00:00","Properties":[]},{"TestCase":{"Id":"b32e7c5a-7991-cf73-38c0-2b24fa613fa4","FullyQualifiedName":"ClinicManagement.Tests.Pruebas_J.doctorInfoDisplayer_DevuelveLosDatos_ExactamenteComoEstanEnLaBase","DisplayName":"ClinicManagement.Tests.Pruebas_J.doctorInfoDisplayer_DevuelveLosDatos_ExactamenteComoEstanEnLaBase","ExecutorUri":"executor://xunit/VsTestRunner2/netcoreapp","Source":"C:\\Users\\Josue04\\Documents\\Semestre_6\\QA\\proyecto_pruebas\\ProyectoQA\\Code\\ClinicManagement.Tests\\bin\\Debug\\net8.0\\fine-code-coverage\\build-output\\ClinicManagement.Tests.dll","CodeFilePath":null,"LineNumber":0,"Properties":[]},"Attachments":[],"Outcome":1,"ErrorMessage":null,"ErrorStackTrace":null,"DisplayName":"ClinicManagement.Tests.Pruebas_J.doctorInfoDisplayer_DevuelveLosDatos_ExactamenteComoEstanEnLaBase","Messages":[],"ComputerName":"LAPTOP-QHBOLTCG","Duration":"00:00:00.0161240","StartTime":"2024-10-28T04:02:06.8159398+00:00","EndTime":"2024-10-28T04:02:06.8159401+00:00","Properties":[]},{"TestCase":{"Id":"6946e835-ec0e-e07f-fdfa-29e1727fd997","FullyQualifiedName":"ClinicManagement.Tests.Pruebas_J.getFreeSlots_DevuelveNueveCuposSiElDoctorNoTieneNingunaCita","DisplayName":"ClinicManagement.Tests.Pruebas_J.getFreeSlots_DevuelveNueveCuposSiElDoctorNoTieneNingunaCita","ExecutorUri":"executor://xunit/VsTestRunner2/netcoreapp","Source":"C:\\Users\\Josue04\\Documents\\Semestre_6\\QA\\proyecto_pruebas\\ProyectoQA\\Code\\ClinicManagement.Tests\\bin\\Debug\\net8.0\\fine-code-coverage\\build-output\\ClinicManagement.Tests.dll","CodeFilePath":null,"LineNumber":0,"Properties":[]},"Attachments":[],"Outcome":1,"ErrorMessage":null,"ErrorStackTrace":null,"DisplayName":"ClinicManagement.Tests.Pruebas_J.getFreeSlots_DevuelveNueveCuposSiElDoctorNoTieneNingunaCita","Messages":[],"ComputerName":"LAPTOP-QHBOLTCG","Duration":"00:00:00.0042404","StartTime":"2024-10-28T04:02:06.820318+00:00","EndTime":"2024-10-28T04:02:06.8203184+00:00","Properties":[]}],"TestRunStatistics":{"ExecutedTests":25,"Stats":{"Passed":25}},"ActiveTests":[]},"RunAttachments":[],"ExecutorUris":["executor://xunit/VsTestRunner2/netcoreapp"]}}
TpTrace Verbose: 0 : 20516, 12, 2024/10/27, 22:02:06.859, 4813231198509, vstest.console.dll, TestRequestSender.EndSession: Sending end session.
TpTrace Verbose: 0 : 20516, 12, 2024/10/27, 22:02:06.859, 4813231200468, vstest.console.dll, ProxyOperationManager.Close: waiting for test host to exit for 100 ms
TpTrace Warning: 0 : 20516, 12, 2024/10/27, 22:02:06.963, 4813232236878, vstest.console.dll, ProxyOperationManager: Timed out waiting for test host to exit. Will terminate process.
TpTrace Information: 0 : 20516, 12, 2024/10/27, 22:02:06.963, 4813232238806, vstest.console.dll, SocketServer.Stop: Stop server endPoint: 127.0.0.1:61502
TpTrace Information: 0 : 20516, 12, 2024/10/27, 22:02:06.963, 4813232239447, vstest.console.dll, SocketServer.Stop: Cancellation requested. Stopping message loop.
TpTrace Information: 0 : 20516, 12, 2024/10/27, 22:02:06.964, 4813232241651, vstest.console.dll, Closing the connection
TpTrace Verbose: 0 : 20516, 12, 2024/10/27, 22:02:07.481, 4813237414880, vstest.console.dll, TestHostProvider.ExitCallBack: Host exited starting callback.
TpTrace Information: 0 : 20516, 12, 2024/10/27, 22:02:07.481, 4813237416681, vstest.console.dll, TestHostManagerCallbacks.ExitCallBack: Testhost processId: 13972 exited with exitcode: 0 error: ''
TpTrace Verbose: 0 : 20516, 12, 2024/10/27, 22:02:07.481, 4813237417393, vstest.console.dll, DotnetTestHostManager.OnHostExited: invoking OnHostExited callback
TpTrace Verbose: 0 : 20516, 12, 2024/10/27, 22:02:07.481, 4813237418156, vstest.console.dll, CrossPlatEngine.TestHostManagerHostExited: calling on client process exit callback.
TpTrace Information: 0 : 20516, 12, 2024/10/27, 22:02:07.481, 4813237418877, vstest.console.dll, TestRequestSender.OnClientProcessExit: Test host process exited. Standard error: 
TpTrace Information: 0 : 20516, 12, 2024/10/27, 22:02:07.481, 4813237419586, vstest.console.dll, SocketServer.Stop: Stop server endPoint: 127.0.0.1:61502
TpTrace Information: 0 : 20516, 12, 2024/10/27, 22:02:07.481, 4813237420051, vstest.console.dll, SocketServer.Stop: Cancellation requested. Stopping message loop.
TpTrace Verbose: 0 : 20516, 12, 2024/10/27, 22:02:07.482, 4813237423776, vstest.console.dll, MulticastDelegateUtilities.SafeInvoke: HostProviderEvents.OnHostExited: Invoking callback 1/1 for Microsoft.VisualStudio.TestPlatform.CrossPlatEngine.Client.ProxyOperationManager., took 0 ms.
TpTrace Verbose: 0 : 20516, 12, 2024/10/27, 22:02:07.482, 4813237429602, vstest.console.dll, ProxyDataCollectionManager.InvokeDataCollectionServiceAction: Starting.
TpTrace Information: 0 : 20516, 12, 2024/10/27, 22:02:07.482, 4813237430887, vstest.console.dll, ProxyDataCollectionManager.AfterTestRunEnd: Get attachment set and invoked data collectors processId: 22964 port: 61497
TpTrace Verbose: 0 : 20516, 12, 2024/10/27, 22:02:07.483, 4813237431857, vstest.console.dll, DataCollectionRequestSender.SendAfterTestRunStartAndGetResult: Send AfterTestRunEnd message with isCancelled: False
TpTrace Verbose: 0 : 20516, 12, 2024/10/27, 22:02:07.544, 4813238042070, vstest.console.dll, DataCollectionRequestSender.SendAfterTestRunStartAndGetResult: Received message: (DataCollection.AfterTestRunEndResult) -> {"MessageType":"DataCollection.AfterTestRunEndResult","Payload":{"AttachmentSets":[],"InvokedDataCollectors":[{"Uri":"datacollector://Microsoft/TestPlatform/Extensions/Blame/v1","FriendlyName":"Blame","AssemblyQualifiedName":"Microsoft.TestPlatform.Extensions.BlameDataCollector.BlameCollector, Microsoft.TestPlatform.Extensions.BlameDataCollector, Version=15.0.0.0, Culture=neutral, PublicKeyToken=b03f5f7f11d50a3a","FilePath":"C:\\Program Files\\dotnet\\sdk\\8.0.403\\Extensions\\Microsoft.TestPlatform.Extensions.BlameDataCollector.dll","HasAttachmentProcessor":false}],"Metrics":{}}}
TpTrace Information: 0 : 20516, 12, 2024/10/27, 22:02:07.555, 4813238160172, vstest.console.dll, ProxyDataCollectionManager.InvokeDataCollectionServiceAction: Completed.
TpTrace Warning: 0 : 20516, 10, 2024/10/27, 22:02:07.637, 4813238971765, vstest.console.dll, DataCollectionLauncher.ErrorReceivedCallback datacollector standard error line: 
TpTrace Information: 0 : 20516, 10, 2024/10/27, 22:02:07.652, 4813239124325, vstest.console.dll, DataCollectionLauncher.ExitCallBack: Data collector exited with exitcode: 0 error: ''
TpTrace Verbose: 0 : 20516, 12, 2024/10/27, 22:02:07.724, 4813239845316, vstest.console.dll, TestRunRequest:SendTestRunStatsChange: Starting.
TpTrace Verbose: 0 : 20516, 12, 2024/10/27, 22:02:07.724, 4813239847141, vstest.console.dll, MulticastDelegateUtilities.SafeInvoke: TestRun.RunStatsChanged: Invoking callbacks was skipped because there are no subscribers.
TpTrace Information: 0 : 20516, 12, 2024/10/27, 22:02:07.724, 4813239847702, vstest.console.dll, TestRunRequest:SendTestRunStatsChange: Completed.
TpTrace Verbose: 0 : 20516, 4, 2024/10/27, 22:02:07.724, 4813239848643, vstest.console.dll, MulticastDelegateUtilities.SafeInvoke: InternalTestLoggerEvents.SendTestResult: Invoking callback 1/1 for Microsoft.VisualStudio.TestPlatform.CommandLine.Internal.ConsoleLogger., took 0 ms.
TpTrace Verbose: 0 : 20516, 4, 2024/10/27, 22:02:07.724, 4813239849673, vstest.console.dll, MulticastDelegateUtilities.SafeInvoke: InternalTestLoggerEvents.SendTestResult: Invoking callback 1/1 for Microsoft.VisualStudio.TestPlatform.CommandLine.Internal.ConsoleLogger., took 0 ms.
TpTrace Verbose: 0 : 20516, 4, 2024/10/27, 22:02:07.724, 4813239850539, vstest.console.dll, MulticastDelegateUtilities.SafeInvoke: InternalTestLoggerEvents.SendTestResult: Invoking callback 1/1 for Microsoft.VisualStudio.TestPlatform.CommandLine.Internal.ConsoleLogger., took 0 ms.
TpTrace Verbose: 0 : 20516, 4, 2024/10/27, 22:02:07.725, 4813239851527, vstest.console.dll, MulticastDelegateUtilities.SafeInvoke: InternalTestLoggerEvents.SendTestResult: Invoking callback 1/1 for Microsoft.VisualStudio.TestPlatform.CommandLine.Internal.ConsoleLogger., took 0 ms.
TpTrace Verbose: 0 : 20516, 4, 2024/10/27, 22:02:07.725, 4813239852438, vstest.console.dll, MulticastDelegateUtilities.SafeInvoke: InternalTestLoggerEvents.SendTestResult: Invoking callback 1/1 for Microsoft.VisualStudio.TestPlatform.CommandLine.Internal.ConsoleLogger., took 0 ms.
TpTrace Verbose: 0 : 20516, 4, 2024/10/27, 22:02:07.725, 4813239853331, vstest.console.dll, MulticastDelegateUtilities.SafeInvoke: InternalTestLoggerEvents.SendTestResult: Invoking callback 1/1 for Microsoft.VisualStudio.TestPlatform.CommandLine.Internal.ConsoleLogger., took 0 ms.
TpTrace Verbose: 0 : 20516, 12, 2024/10/27, 22:02:07.725, 4813239853622, vstest.console.dll, ParallelProxyExecutionManager: HandlePartialRunComplete: Total workloads = 1, Total started clients = 1 Total completed clients = 1, Run complete = True, Run canceled: False.
TpTrace Verbose: 0 : 20516, 12, 2024/10/27, 22:02:07.725, 4813239854466, vstest.console.dll, ParallelProxyExecutionManager: HandlePartialRunComplete: All runs completed stopping all managers.
TpTrace Verbose: 0 : 20516, 4, 2024/10/27, 22:02:07.725, 4813239854881, vstest.console.dll, MulticastDelegateUtilities.SafeInvoke: InternalTestLoggerEvents.SendTestResult: Invoking callback 1/1 for Microsoft.VisualStudio.TestPlatform.CommandLine.Internal.ConsoleLogger., took 0 ms.
TpTrace Verbose: 0 : 20516, 12, 2024/10/27, 22:02:07.725, 4813239855266, vstest.console.dll, ParallelOperationManager.StopAllManagers: Stopping all managers.
TpTrace Verbose: 0 : 20516, 12, 2024/10/27, 22:02:07.725, 4813239856819, vstest.console.dll, ParallelOperationManager.ClearSlots: Clearing all slots. Slots should accept more work: False
TpTrace Verbose: 0 : 20516, 12, 2024/10/27, 22:02:07.725, 4813239857934, vstest.console.dll, ParallelOperationManager.SetOccupiedSlotCount: Setting slot counts AvailableSlotCount = 1, OccupiedSlotCount = 0.
TpTrace Verbose: 0 : 20516, 12, 2024/10/27, 22:02:07.725, 4813239859082, vstest.console.dll, Occupied slots:

TpTrace Verbose: 0 : 20516, 4, 2024/10/27, 22:02:07.753, 4813240139110, vstest.console.dll, MulticastDelegateUtilities.SafeInvoke: InternalTestLoggerEvents.SendTestRunComplete: Invoking callback 1/2 for Microsoft.TestPlatform.Extensions.BlameDataCollector.BlameLogger., took 0 ms.
TpTrace Verbose: 0 : 20516, 4, 2024/10/27, 22:02:07.762, 4813240226241, vstest.console.dll, MulticastDelegateUtilities.SafeInvoke: InternalTestLoggerEvents.SendTestRunComplete: Invoking callback 2/2 for Microsoft.VisualStudio.TestPlatform.CommandLine.Internal.ConsoleLogger., took 8 ms.
TpTrace Verbose: 0 : 20516, 12, 2024/10/27, 22:02:07.762, 4813240229946, vstest.console.dll, TestRunRequest:TestRunComplete: Starting. IsAborted:False IsCanceled:False.
TpTrace Verbose: 0 : 20516, 12, 2024/10/27, 22:02:07.763, 4813240232097, vstest.console.dll, ParallelOperationManager.DoActionOnAllManagers: Calling an action on all managers.
TpTrace Verbose: 0 : 20516, 12, 2024/10/27, 22:02:07.764, 4813240242854, vstest.console.dll, TestLoggerManager.HandleTestRunComplete: Ignoring as the object is disposed.
TpTrace Verbose: 0 : 20516, 12, 2024/10/27, 22:02:07.764, 4813240246832, vstest.console.dll, MulticastDelegateUtilities.SafeInvoke: TestRun.TestRunComplete: Invoking callback 1/2 for Microsoft.VisualStudio.TestPlatform.CommandLine.TestRunResultAggregator., took 0 ms.
TpTrace Verbose: 0 : 20516, 12, 2024/10/27, 22:02:07.764, 4813240250211, vstest.console.dll, MulticastDelegateUtilities.SafeInvoke: TestRun.TestRunComplete: Invoking callback 2/2 for Microsoft.VisualStudio.TestPlatform.CommandLine.Processors.RunTestsArgumentExecutor+TestRunRequestEventsRegistrar., took 0 ms.
TpTrace Verbose: 0 : 20516, 1, 2024/10/27, 22:02:07.765, 4813240251962, vstest.console.dll, TestRunRequest.Dispose: Starting.
TpTrace Information: 0 : 20516, 12, 2024/10/27, 22:02:07.765, 4813240251914, vstest.console.dll, TestRunRequest:TestRunComplete: Completed.
TpTrace Verbose: 0 : 20516, 12, 2024/10/27, 22:02:07.765, 4813240253578, vstest.console.dll, TestRequestSender.SetOperationComplete: Setting operation complete.
TpTrace Information: 0 : 20516, 12, 2024/10/27, 22:02:07.765, 4813240254404, vstest.console.dll, SocketServer.Stop: Stop server endPoint: 127.0.0.1:61502
TpTrace Information: 0 : 20516, 1, 2024/10/27, 22:02:07.765, 4813240253718, vstest.console.dll, TestRunRequest.Dispose: Completed.
TpTrace Information: 0 : 20516, 12, 2024/10/27, 22:02:07.765, 4813240255500, vstest.console.dll, SocketServer.Stop: Cancellation requested. Stopping message loop.
TpTrace Information: 0 : 20516, 1, 2024/10/27, 22:02:07.765, 4813240256422, vstest.console.dll, TestRequestManager.RunTests: run tests completed.
TpTrace Verbose: 0 : 20516, 12, 2024/10/27, 22:02:07.765, 4813240257476, vstest.console.dll, MulticastDelegateUtilities.SafeInvoke: LengthPrefixCommunicationChannel: MessageReceived: Invoking callback 1/1 for Microsoft.VisualStudio.TestPlatform.CommunicationUtilities.TestRequestSender+<>c__DisplayClass34_0., took 906 ms.
TpTrace Information: 0 : 20516, 12, 2024/10/27, 22:02:07.765, 4813240258767, vstest.console.dll, SocketServer.PrivateStop: Stopping server endPoint: 127.0.0.1:61502 error: 
TpTrace Information: 0 : 20516, 1, 2024/10/27, 22:02:07.765, 4813240258762, vstest.console.dll, RunTestsArgumentProcessor:Execute: Test run is completed.
TpTrace Verbose: 0 : 20516, 1, 2024/10/27, 22:02:07.766, 4813240263607, vstest.console.dll, Executor.Execute: Exiting with exit code of 0
TpTrace Verbose: 0 : 20516, 12, 2024/10/27, 22:02:07.766, 4813240267855, vstest.console.dll, LengthPrefixCommunicationChannel.Dispose: Dispose reader and writer.
TpTrace Information: 0 : 20516, 12, 2024/10/27, 22:02:07.767, 4813240271025, vstest.console.dll, SocketServer.Stop: Raise disconnected event endPoint: 127.0.0.1:61502 error: 
